# JRE version: Java(TM) SE Runtime Environment (8.0_111-b14) (build 1.8.0_111-b14)
# Java VM: Java HotSpot(TM) 64-Bit Server VM (25.111-b14 mixed mode windows-amd64 compressed oops)
Heap:
 PSYoungGen      total 143360K, used 56816K [0x00000000f5580000, 0x0000000100000000, 0x0000000100000000)
  eden space 124416K, 30% used [0x00000000f5580000,0x00000000f7a7f388,0x00000000fcf00000)
  from space 18944K, 99% used [0x00000000fed80000,0x00000000ffffcf10,0x0000000100000000)
  to   space 25088K, 0% used [0x00000000fcf00000,0x00000000fcf00000,0x00000000fe780000)
 ParOldGen       total 271872K, used 65246K [0x00000000e0000000, 0x00000000f0980000, 0x00000000f5580000)
  object space 271872K, 23% used [0x00000000e0000000,0x00000000e3fb7a30,0x00000000f0980000)
 Metaspace       used 61534K, capacity 70776K, committed 70952K, reserved 1110016K
  class space    used 7586K, capacity 10168K, committed 10288K, reserved 1048576K
GC Heap History (10 events):
Event: 5.055 GC heap before
{Heap before GC invocations=17 (full 3):
 PSYoungGen      total 157184K, used 145334K [0x00000000f5580000, 0x0000000100000000, 0x0000000100000000)
  eden space 139776K, 100% used [0x00000000f5580000,0x00000000fde00000,0x00000000fde00000)
  from space 17408K, 31% used [0x00000000fde00000,0x00000000fe36d9b8,0x00000000fef00000)
  to   space 17408K, 0% used [0x00000000fef00000,0x00000000fef00000,0x0000000100000000)
 ParOldGen       total 271872K, used 60824K [0x00000000e0000000, 0x00000000f0980000, 0x00000000f5580000)
  object space 271872K, 22% used [0x00000000e0000000,0x00000000e3b66280,0x00000000f0980000)
 Metaspace       used 53414K, capacity 59356K, committed 59688K, reserved 1101824K
  class space    used 6338K, capacity 8139K, committed 8240K, reserved 1048576K
Event: 5.060 GC heap after
Heap after GC invocations=17 (full 3):
 PSYoungGen      total 156160K, used 7356K [0x00000000f5580000, 0x00000000fff00000, 0x0000000100000000)
  eden space 139776K, 0% used [0x00000000f5580000,0x00000000f5580000,0x00000000fde00000)
  from space 16384K, 44% used [0x00000000fef00000,0x00000000ff62f228,0x00000000fff00000)
  to   space 16896K, 0% used [0x00000000fde00000,0x00000000fde00000,0x00000000fee80000)
 ParOldGen       total 271872K, used 60832K [0x00000000e0000000, 0x00000000f0980000, 0x00000000f5580000)
  object space 271872K, 22% used [0x00000000e0000000,0x00000000e3b68280,0x00000000f0980000)
 Metaspace       used 53414K, capacity 59356K, committed 59688K, reserved 1101824K
  class space    used 6338K, capacity 8139K, committed 8240K, reserved 1048576K
}
Event: 5.496 GC heap before
{Heap before GC invocations=18 (full 3):
 PSYoungGen      total 156160K, used 147132K [0x00000000f5580000, 0x00000000fff00000, 0x0000000100000000)
  eden space 139776K, 100% used [0x00000000f5580000,0x00000000fde00000,0x00000000fde00000)
  from space 16384K, 44% used [0x00000000fef00000,0x00000000ff62f228,0x00000000fff00000)
  to   space 16896K, 0% used [0x00000000fde00000,0x00000000fde00000,0x00000000fee80000)
 ParOldGen       total 271872K, used 60832K [0x00000000e0000000, 0x00000000f0980000, 0x00000000f5580000)
  object space 271872K, 22% used [0x00000000e0000000,0x00000000e3b68280,0x00000000f0980000)
 Metaspace       used 56302K, capacity 62958K, committed 63016K, reserved 1103872K
  class space    used 6725K, capacity 8732K, committed 8752K, reserved 1048576K
Event: 5.504 GC heap after
Heap after GC invocations=18 (full 3):
 PSYoungGen      total 156672K, used 10877K [0x00000000f5580000, 0x0000000100000000, 0x0000000100000000)
  eden space 139776K, 0% used [0x00000000f5580000,0x00000000f5580000,0x00000000fde00000)
  from space 16896K, 64% used [0x00000000fde00000,0x00000000fe89f708,0x00000000fee80000)
  to   space 16896K, 0% used [0x00000000fef80000,0x00000000fef80000,0x0000000100000000)
 ParOldGen       total 271872K, used 60840K [0x00000000e0000000, 0x00000000f0980000, 0x00000000f5580000)
  object space 271872K, 22% used [0x00000000e0000000,0x00000000e3b6a280,0x00000000f0980000)
 Metaspace       used 56302K, capacity 62958K, committed 63016K, reserved 1103872K
  class space    used 6725K, capacity 8732K, committed 8752K, reserved 1048576K
}
Event: 6.126 GC heap before
{Heap before GC invocations=19 (full 3):
 PSYoungGen      total 156672K, used 150653K [0x00000000f5580000, 0x0000000100000000, 0x0000000100000000)
  eden space 139776K, 100% used [0x00000000f5580000,0x00000000fde00000,0x00000000fde00000)
  from space 16896K, 64% used [0x00000000fde00000,0x00000000fe89f708,0x00000000fee80000)
  to   space 16896K, 0% used [0x00000000fef80000,0x00000000fef80000,0x0000000100000000)
 ParOldGen       total 271872K, used 60840K [0x00000000e0000000, 0x00000000f0980000, 0x00000000f5580000)
  object space 271872K, 22% used [0x00000000e0000000,0x00000000e3b6a280,0x00000000f0980000)
 Metaspace       used 60723K, capacity 69280K, committed 69416K, reserved 1107968K
  class space    used 7514K, capacity 10008K, committed 10032K, reserved 1048576K
Event: 6.135 GC heap after
Heap after GC invocations=19 (full 3):
 PSYoungGen      total 153600K, used 16877K [0x00000000f5580000, 0x0000000100000000, 0x0000000100000000)
  eden space 136704K, 0% used [0x00000000f5580000,0x00000000f5580000,0x00000000fdb00000)
  from space 16896K, 99% used [0x00000000fef80000,0x00000000ffffb400,0x0000000100000000)
  to   space 18944K, 0% used [0x00000000fdb00000,0x00000000fdb00000,0x00000000fed80000)
 ParOldGen       total 271872K, used 60856K [0x00000000e0000000, 0x00000000f0980000, 0x00000000f5580000)
  object space 271872K, 22% used [0x00000000e0000000,0x00000000e3b6e280,0x00000000f0980000)
 Metaspace       used 60723K, capacity 69280K, committed 69416K, reserved 1107968K
  class space    used 7514K, capacity 10008K, committed 10032K, reserved 1048576K
}
Event: 6.480 GC heap before
{Heap before GC invocations=20 (full 3):
 PSYoungGen      total 153600K, used 153581K [0x00000000f5580000, 0x0000000100000000, 0x0000000100000000)
  eden space 136704K, 100% used [0x00000000f5580000,0x00000000fdb00000,0x00000000fdb00000)
  from space 16896K, 99% used [0x00000000fef80000,0x00000000ffffb400,0x0000000100000000)
  to   space 18944K, 0% used [0x00000000fdb00000,0x00000000fdb00000,0x00000000fed80000)
 ParOldGen       total 271872K, used 60856K [0x00000000e0000000, 0x00000000f0980000, 0x00000000f5580000)
  object space 271872K, 22% used [0x00000000e0000000,0x00000000e3b6e280,0x00000000f0980000)
 Metaspace       used 61096K, capacity 69954K, committed 70056K, reserved 1110016K
  class space    used 7536K, capacity 10063K, committed 10160K, reserved 1048576K
Event: 6.488 GC heap after
Heap after GC invocations=20 (full 3):
 PSYoungGen      total 155648K, used 18922K [0x00000000f5580000, 0x0000000100000000, 0x0000000100000000)
  eden space 136704K, 0% used [0x00000000f5580000,0x00000000f5580000,0x00000000fdb00000)
  from space 18944K, 99% used [0x00000000fdb00000,0x00000000fed7aaa0,0x00000000fed80000)
  to   space 18944K, 0% used [0x00000000fed80000,0x00000000fed80000,0x0000000100000000)
 ParOldGen       total 271872K, used 61670K [0x00000000e0000000, 0x00000000f0980000, 0x00000000f5580000)
  object space 271872K, 22% used [0x00000000e0000000,0x00000000e3c39b58,0x00000000f0980000)
 Metaspace       used 61096K, capacity 69954K, committed 70056K, reserved 1110016K
  class space    used 7536K, capacity 10063K, committed 10160K, reserved 1048576K
}
Event: 6.841 GC heap before
{Heap before GC invocations=21 (full 3):
 PSYoungGen      total 155648K, used 155626K [0x00000000f5580000, 0x0000000100000000, 0x0000000100000000)
  eden space 136704K, 100% used [0x00000000f5580000,0x00000000fdb00000,0x00000000fdb00000)
  from space 18944K, 99% used [0x00000000fdb00000,0x00000000fed7aaa0,0x00000000fed80000)
  to   space 18944K, 0% used [0x00000000fed80000,0x00000000fed80000,0x0000000100000000)
 ParOldGen       total 271872K, used 61670K [0x00000000e0000000, 0x00000000f0980000, 0x00000000f5580000)
  object space 271872K, 22% used [0x00000000e0000000,0x00000000e3c39b58,0x00000000f0980000)
 Metaspace       used 61425K, capacity 70622K, committed 70824K, reserved 1110016K
  class space    used 7576K, capacity 10155K, committed 10160K, reserved 1048576K
Event: 6.848 GC heap after
Heap after GC invocations=21 (full 3):
 PSYoungGen      total 143360K, used 18931K [0x00000000f5580000, 0x0000000100000000, 0x0000000100000000)
  eden space 124416K, 0% used [0x00000000f5580000,0x00000000f5580000,0x00000000fcf00000)
  from space 18944K, 99% used [0x00000000fed80000,0x00000000ffffcf10,0x0000000100000000)
  to   space 25088K, 0% used [0x00000000fcf00000,0x00000000fcf00000,0x00000000fe780000)
 ParOldGen       total 271872K, used 65246K [0x00000000e0000000, 0x00000000f0980000, 0x00000000f5580000)
  object space 271872K, 23% used [0x00000000e0000000,0x00000000e3fb7a30,0x00000000f0980000)
 Metaspace       used 61425K, capacity 70622K, committed 70824K, reserved 1110016K
  class space    used 7576K, capacity 10155K, committed 10160K, reserved 1048576K
}

