# JRE version: Java(TM) SE Runtime Environment (8.0_111-b14) (build 1.8.0_111-b14)
# Java VM: Java HotSpot(TM) 64-Bit Server VM (25.111-b14 mixed mode windows-amd64 compressed oops)
Heap:
 PSYoungGen      total 160768K, used 117514K [0x00000000f5580000, 0x0000000100000000, 0x0000000100000000)
  eden space 146944K, 70% used [0x00000000f5580000,0x00000000fbac4e18,0x00000000fe500000)
  from space 13824K, 99% used [0x00000000fe500000,0x00000000ff27dba0,0x00000000ff280000)
  to   space 13824K, 0% used [0x00000000ff280000,0x00000000ff280000,0x0000000100000000)
 ParOldGen       total 254976K, used 62426K [0x00000000e0000000, 0x00000000ef900000, 0x00000000f5580000)
  object space 254976K, 24% used [0x00000000e0000000,0x00000000e3cf6ba8,0x00000000ef900000)
 Metaspace       used 62072K, capacity 71938K, committed 72064K, reserved 1112064K
  class space    used 7694K, capacity 10272K, committed 10368K, reserved 1048576K
GC Heap History (10 events):
Event: 6.280 GC heap before
{Heap before GC invocations=16 (full 3):
 PSYoungGen      total 160256K, used 147456K [0x00000000f5580000, 0x0000000100000000, 0x0000000100000000)
  eden space 147456K, 100% used [0x00000000f5580000,0x00000000fe580000,0x00000000fe580000)
  from space 12800K, 0% used [0x00000000ff280000,0x00000000ff280000,0x00000000fff00000)
  to   space 13312K, 0% used [0x00000000fe580000,0x00000000fe580000,0x00000000ff280000)
 ParOldGen       total 254976K, used 61307K [0x00000000e0000000, 0x00000000ef900000, 0x00000000f5580000)
  object space 254976K, 24% used [0x00000000e0000000,0x00000000e3bdee58,0x00000000ef900000)
 Metaspace       used 50064K, capacity 56516K, committed 56832K, reserved 1097728K
  class space    used 6034K, capacity 7841K, committed 7936K, reserved 1048576K
Event: 6.286 GC heap after
Heap after GC invocations=16 (full 3):
 PSYoungGen      total 160768K, used 5107K [0x00000000f5580000, 0x0000000100000000, 0x0000000100000000)
  eden space 147456K, 0% used [0x00000000f5580000,0x00000000f5580000,0x00000000fe580000)
  from space 13312K, 38% used [0x00000000fe580000,0x00000000fea7cd68,0x00000000ff280000)
  to   space 13312K, 0% used [0x00000000ff300000,0x00000000ff300000,0x0000000100000000)
 ParOldGen       total 254976K, used 61315K [0x00000000e0000000, 0x00000000ef900000, 0x00000000f5580000)
  object space 254976K, 24% used [0x00000000e0000000,0x00000000e3be0e58,0x00000000ef900000)
 Metaspace       used 50064K, capacity 56516K, committed 56832K, reserved 1097728K
  class space    used 6034K, capacity 7841K, committed 7936K, reserved 1048576K
}
Event: 6.702 GC heap before
{Heap before GC invocations=17 (full 3):
 PSYoungGen      total 160768K, used 152563K [0x00000000f5580000, 0x0000000100000000, 0x0000000100000000)
  eden space 147456K, 100% used [0x00000000f5580000,0x00000000fe580000,0x00000000fe580000)
  from space 13312K, 38% used [0x00000000fe580000,0x00000000fea7cd68,0x00000000ff280000)
  to   space 13312K, 0% used [0x00000000ff300000,0x00000000ff300000,0x0000000100000000)
 ParOldGen       total 254976K, used 61315K [0x00000000e0000000, 0x00000000ef900000, 0x00000000f5580000)
  object space 254976K, 24% used [0x00000000e0000000,0x00000000e3be0e58,0x00000000ef900000)
 Metaspace       used 54087K, capacity 60512K, committed 60672K, reserved 1101824K
  class space    used 6342K, capacity 8139K, committed 8192K, reserved 1048576K
Event: 6.707 GC heap after
Heap after GC invocations=17 (full 3):
 PSYoungGen      total 161280K, used 6942K [0x00000000f5580000, 0x0000000100000000, 0x0000000100000000)
  eden space 147968K, 0% used [0x00000000f5580000,0x00000000f5580000,0x00000000fe600000)
  from space 13312K, 52% used [0x00000000ff300000,0x00000000ff9c7b98,0x0000000100000000)
  to   space 13312K, 0% used [0x00000000fe600000,0x00000000fe600000,0x00000000ff300000)
 ParOldGen       total 254976K, used 61323K [0x00000000e0000000, 0x00000000ef900000, 0x00000000f5580000)
  object space 254976K, 24% used [0x00000000e0000000,0x00000000e3be2e58,0x00000000ef900000)
 Metaspace       used 54087K, capacity 60512K, committed 60672K, reserved 1101824K
  class space    used 6342K, capacity 8139K, committed 8192K, reserved 1048576K
}
Event: 7.088 GC heap before
{Heap before GC invocations=18 (full 3):
 PSYoungGen      total 161280K, used 154910K [0x00000000f5580000, 0x0000000100000000, 0x0000000100000000)
  eden space 147968K, 100% used [0x00000000f5580000,0x00000000fe600000,0x00000000fe600000)
  from space 13312K, 52% used [0x00000000ff300000,0x00000000ff9c7b98,0x0000000100000000)
  to   space 13312K, 0% used [0x00000000fe600000,0x00000000fe600000,0x00000000ff300000)
 ParOldGen       total 254976K, used 61323K [0x00000000e0000000, 0x00000000ef900000, 0x00000000f5580000)
  object space 254976K, 24% used [0x00000000e0000000,0x00000000e3be2e58,0x00000000ef900000)
 Metaspace       used 56001K, capacity 63064K, committed 63232K, reserved 1103872K
  class space    used 6666K, capacity 8615K, committed 8704K, reserved 1048576K
Event: 7.094 GC heap after
Heap after GC invocations=18 (full 3):
 PSYoungGen      total 155648K, used 7651K [0x00000000f5580000, 0x00000000fff00000, 0x0000000100000000)
  eden space 147968K, 0% used [0x00000000f5580000,0x00000000f5580000,0x00000000fe600000)
  from space 7680K, 99% used [0x00000000fe600000,0x00000000fed78fb0,0x00000000fed80000)
  to   space 12800K, 0% used [0x00000000ff280000,0x00000000ff280000,0x00000000fff00000)
 ParOldGen       total 254976K, used 61331K [0x00000000e0000000, 0x00000000ef900000, 0x00000000f5580000)
  object space 254976K, 24% used [0x00000000e0000000,0x00000000e3be4e58,0x00000000ef900000)
 Metaspace       used 56001K, capacity 63064K, committed 63232K, reserved 1103872K
  class space    used 6666K, capacity 8615K, committed 8704K, reserved 1048576K
}
Event: 7.772 GC heap before
{Heap before GC invocations=19 (full 3):
 PSYoungGen      total 155648K, used 155619K [0x00000000f5580000, 0x00000000fff00000, 0x0000000100000000)
  eden space 147968K, 100% used [0x00000000f5580000,0x00000000fe600000,0x00000000fe600000)
  from space 7680K, 99% used [0x00000000fe600000,0x00000000fed78fb0,0x00000000fed80000)
  to   space 12800K, 0% used [0x00000000ff280000,0x00000000ff280000,0x00000000fff00000)
 ParOldGen       total 254976K, used 61331K [0x00000000e0000000, 0x00000000ef900000, 0x00000000f5580000)
  object space 254976K, 24% used [0x00000000e0000000,0x00000000e3be4e58,0x00000000ef900000)
 Metaspace       used 60334K, capacity 69828K, committed 70016K, reserved 1110016K
  class space    used 7513K, capacity 10053K, committed 10112K, reserved 1048576K
Event: 7.782 GC heap after
Heap after GC invocations=19 (full 3):
 PSYoungGen      total 159744K, used 12114K [0x00000000f5580000, 0x0000000100000000, 0x0000000100000000)
  eden space 146944K, 0% used [0x00000000f5580000,0x00000000f5580000,0x00000000fe500000)
  from space 12800K, 94% used [0x00000000ff280000,0x00000000ffe54b58,0x00000000fff00000)
  to   space 13824K, 0% used [0x00000000fe500000,0x00000000fe500000,0x00000000ff280000)
 ParOldGen       total 254976K, used 61339K [0x00000000e0000000, 0x00000000ef900000, 0x00000000f5580000)
  object space 254976K, 24% used [0x00000000e0000000,0x00000000e3be6e58,0x00000000ef900000)
 Metaspace       used 60334K, capacity 69828K, committed 70016K, reserved 1110016K
  class space    used 7513K, capacity 10053K, committed 10112K, reserved 1048576K
}
Event: 8.194 GC heap before
{Heap before GC invocations=20 (full 3):
 PSYoungGen      total 159744K, used 159058K [0x00000000f5580000, 0x0000000100000000, 0x0000000100000000)
  eden space 146944K, 100% used [0x00000000f5580000,0x00000000fe500000,0x00000000fe500000)
  from space 12800K, 94% used [0x00000000ff280000,0x00000000ffe54b58,0x00000000fff00000)
  to   space 13824K, 0% used [0x00000000fe500000,0x00000000fe500000,0x00000000ff280000)
 ParOldGen       total 254976K, used 61339K [0x00000000e0000000, 0x00000000ef900000, 0x00000000f5580000)
  object space 254976K, 24% used [0x00000000e0000000,0x00000000e3be6e58,0x00000000ef900000)
 Metaspace       used 61906K, capacity 71590K, committed 71808K, reserved 1110016K
  class space    used 7681K, capacity 10248K, committed 10368K, reserved 1048576K
Event: 8.203 GC heap after
Heap after GC invocations=20 (full 3):
 PSYoungGen      total 160768K, used 13814K [0x00000000f5580000, 0x0000000100000000, 0x0000000100000000)
  eden space 146944K, 0% used [0x00000000f5580000,0x00000000f5580000,0x00000000fe500000)
  from space 13824K, 99% used [0x00000000fe500000,0x00000000ff27dba0,0x00000000ff280000)
  to   space 13824K, 0% used [0x00000000ff280000,0x00000000ff280000,0x0000000100000000)
 ParOldGen       total 254976K, used 62426K [0x00000000e0000000, 0x00000000ef900000, 0x00000000f5580000)
  object space 254976K, 24% used [0x00000000e0000000,0x00000000e3cf6ba8,0x00000000ef900000)
 Metaspace       used 61906K, capacity 71590K, committed 71808K, reserved 1110016K
  class space    used 7681K, capacity 10248K, committed 10368K, reserved 1048576K
}

