# JRE version: Java(TM) SE Runtime Environment (8.0_111-b14) (build 1.8.0_111-b14)
# Java VM: Java HotSpot(TM) 64-Bit Server VM (25.111-b14 mixed mode windows-amd64 compressed oops)
Heap:
 PSYoungGen      total 153600K, used 153135K [0x00000000f5580000, 0x0000000100000000, 0x0000000100000000)
  eden space 133632K, 99% used [0x00000000f5580000,0x00000000fd7ac528,0x00000000fd800000)
  from space 19968K, 99% used [0x00000000fd800000,0x00000000feb5fa80,0x00000000feb80000)
  to   space 20992K, 0% used [0x00000000feb80000,0x00000000feb80000,0x0000000100000000)
 ParOldGen       total 283648K, used 59243K [0x00000000e0000000, 0x00000000f1500000, 0x00000000f5580000)
  object space 283648K, 20% used [0x00000000e0000000,0x00000000e39daeb0,0x00000000f1500000)
 Metaspace       used 62435K, capacity 71647K, committed 71804K, reserved 1110016K
  class space    used 7787K, capacity 10348K, committed 10416K, reserved 1048576K
GC Heap History (10 events):
Event: 4.804 GC heap before
{Heap before GC invocations=18 (full 3):
 PSYoungGen      total 154624K, used 140140K [0x00000000f5580000, 0x0000000100000000, 0x0000000100000000)
  eden space 134656K, 100% used [0x00000000f5580000,0x00000000fd900000,0x00000000fd900000)
  from space 19968K, 27% used [0x00000000fec80000,0x00000000ff1db358,0x0000000100000000)
  to   space 19968K, 0% used [0x00000000fd900000,0x00000000fd900000,0x00000000fec80000)
 ParOldGen       total 283648K, used 59203K [0x00000000e0000000, 0x00000000f1500000, 0x00000000f5580000)
  object space 283648K, 20% used [0x00000000e0000000,0x00000000e39d0eb0,0x00000000f1500000)
 Metaspace       used 53147K, capacity 59115K, committed 59260K, reserved 1099776K
  class space    used 6317K, capacity 8107K, committed 8112K, reserved 1048576K
Event: 4.809 GC heap after
Heap after GC invocations=18 (full 3):
 PSYoungGen      total 143360K, used 8293K [0x00000000f5580000, 0x00000000ffe00000, 0x0000000100000000)
  eden space 134656K, 0% used [0x00000000f5580000,0x00000000f5580000,0x00000000fd900000)
  from space 8704K, 95% used [0x00000000fd900000,0x00000000fe1197b8,0x00000000fe180000)
  to   space 18944K, 0% used [0x00000000feb80000,0x00000000feb80000,0x00000000ffe00000)
 ParOldGen       total 283648K, used 59211K [0x00000000e0000000, 0x00000000f1500000, 0x00000000f5580000)
  object space 283648K, 20% used [0x00000000e0000000,0x00000000e39d2eb0,0x00000000f1500000)
 Metaspace       used 53147K, capacity 59115K, committed 59260K, reserved 1099776K
  class space    used 6317K, capacity 8107K, committed 8112K, reserved 1048576K
}
Event: 5.149 GC heap before
{Heap before GC invocations=19 (full 3):
 PSYoungGen      total 143360K, used 142949K [0x00000000f5580000, 0x00000000ffe00000, 0x0000000100000000)
  eden space 134656K, 100% used [0x00000000f5580000,0x00000000fd900000,0x00000000fd900000)
  from space 8704K, 95% used [0x00000000fd900000,0x00000000fe1197b8,0x00000000fe180000)
  to   space 18944K, 0% used [0x00000000feb80000,0x00000000feb80000,0x00000000ffe00000)
 ParOldGen       total 283648K, used 59211K [0x00000000e0000000, 0x00000000f1500000, 0x00000000f5580000)
  object space 283648K, 20% used [0x00000000e0000000,0x00000000e39d2eb0,0x00000000f1500000)
 Metaspace       used 55755K, capacity 62249K, committed 62332K, reserved 1103872K
  class space    used 6640K, capacity 8592K, committed 8624K, reserved 1048576K
Event: 5.156 GC heap after
Heap after GC invocations=19 (full 3):
 PSYoungGen      total 154112K, used 10528K [0x00000000f5580000, 0x0000000100000000, 0x0000000100000000)
  eden space 135168K, 0% used [0x00000000f5580000,0x00000000f5580000,0x00000000fd980000)
  from space 18944K, 55% used [0x00000000feb80000,0x00000000ff5c8128,0x00000000ffe00000)
  to   space 18432K, 0% used [0x00000000fd980000,0x00000000fd980000,0x00000000feb80000)
 ParOldGen       total 283648K, used 59219K [0x00000000e0000000, 0x00000000f1500000, 0x00000000f5580000)
  object space 283648K, 20% used [0x00000000e0000000,0x00000000e39d4eb0,0x00000000f1500000)
 Metaspace       used 55755K, capacity 62249K, committed 62332K, reserved 1103872K
  class space    used 6640K, capacity 8592K, committed 8624K, reserved 1048576K
}
Event: 5.622 GC heap before
{Heap before GC invocations=20 (full 3):
 PSYoungGen      total 154112K, used 145696K [0x00000000f5580000, 0x0000000100000000, 0x0000000100000000)
  eden space 135168K, 100% used [0x00000000f5580000,0x00000000fd980000,0x00000000fd980000)
  from space 18944K, 55% used [0x00000000feb80000,0x00000000ff5c8128,0x00000000ffe00000)
  to   space 18432K, 0% used [0x00000000fd980000,0x00000000fd980000,0x00000000feb80000)
 ParOldGen       total 283648K, used 59219K [0x00000000e0000000, 0x00000000f1500000, 0x00000000f5580000)
  object space 283648K, 20% used [0x00000000e0000000,0x00000000e39d4eb0,0x00000000f1500000)
 Metaspace       used 59983K, capacity 68441K, committed 68604K, reserved 1107968K
  class space    used 7473K, capacity 9931K, committed 10032K, reserved 1048576K
Event: 5.629 GC heap after
Heap after GC invocations=20 (full 3):
 PSYoungGen      total 153600K, used 14846K [0x00000000f5580000, 0x0000000100000000, 0x0000000100000000)
  eden space 135168K, 0% used [0x00000000f5580000,0x00000000f5580000,0x00000000fd980000)
  from space 18432K, 80% used [0x00000000fd980000,0x00000000fe7ff820,0x00000000feb80000)
  to   space 19456K, 0% used [0x00000000fed00000,0x00000000fed00000,0x0000000100000000)
 ParOldGen       total 283648K, used 59227K [0x00000000e0000000, 0x00000000f1500000, 0x00000000f5580000)
  object space 283648K, 20% used [0x00000000e0000000,0x00000000e39d6eb0,0x00000000f1500000)
 Metaspace       used 59983K, capacity 68441K, committed 68604K, reserved 1107968K
  class space    used 7473K, capacity 9931K, committed 10032K, reserved 1048576K
}
Event: 5.953 GC heap before
{Heap before GC invocations=21 (full 3):
 PSYoungGen      total 153600K, used 150014K [0x00000000f5580000, 0x0000000100000000, 0x0000000100000000)
  eden space 135168K, 100% used [0x00000000f5580000,0x00000000fd980000,0x00000000fd980000)
  from space 18432K, 80% used [0x00000000fd980000,0x00000000fe7ff820,0x00000000feb80000)
  to   space 19456K, 0% used [0x00000000fed00000,0x00000000fed00000,0x0000000100000000)
 ParOldGen       total 283648K, used 59227K [0x00000000e0000000, 0x00000000f1500000, 0x00000000f5580000)
  object space 283648K, 20% used [0x00000000e0000000,0x00000000e39d6eb0,0x00000000f1500000)
 Metaspace       used 61023K, capacity 69953K, committed 70140K, reserved 1110016K
  class space    used 7654K, capacity 10189K, committed 10288K, reserved 1048576K
Event: 5.962 GC heap after
Heap after GC invocations=21 (full 3):
 PSYoungGen      total 153088K, used 15028K [0x00000000f5580000, 0x0000000100000000, 0x0000000100000000)
  eden space 133632K, 0% used [0x00000000f5580000,0x00000000f5580000,0x00000000fd800000)
  from space 19456K, 77% used [0x00000000fed00000,0x00000000ffbad3c0,0x0000000100000000)
  to   space 20480K, 0% used [0x00000000fd800000,0x00000000fd800000,0x00000000fec00000)
 ParOldGen       total 283648K, used 59235K [0x00000000e0000000, 0x00000000f1500000, 0x00000000f5580000)
  object space 283648K, 20% used [0x00000000e0000000,0x00000000e39d8eb0,0x00000000f1500000)
 Metaspace       used 61023K, capacity 69953K, committed 70140K, reserved 1110016K
  class space    used 7654K, capacity 10189K, committed 10288K, reserved 1048576K
}
Event: 6.326 GC heap before
{Heap before GC invocations=22 (full 3):
 PSYoungGen      total 153088K, used 148660K [0x00000000f5580000, 0x0000000100000000, 0x0000000100000000)
  eden space 133632K, 100% used [0x00000000f5580000,0x00000000fd800000,0x00000000fd800000)
  from space 19456K, 77% used [0x00000000fed00000,0x00000000ffbad3c0,0x0000000100000000)
  to   space 20480K, 0% used [0x00000000fd800000,0x00000000fd800000,0x00000000fec00000)
 ParOldGen       total 283648K, used 59235K [0x00000000e0000000, 0x00000000f1500000, 0x00000000f5580000)
  object space 283648K, 20% used [0x00000000e0000000,0x00000000e39d8eb0,0x00000000f1500000)
 Metaspace       used 62312K, capacity 71383K, committed 71548K, reserved 1110016K
  class space    used 7779K, capacity 10336K, committed 10416K, reserved 1048576K
Event: 6.335 GC heap after
Heap after GC invocations=22 (full 3):
 PSYoungGen      total 153600K, used 19838K [0x00000000f5580000, 0x0000000100000000, 0x0000000100000000)
  eden space 133632K, 0% used [0x00000000f5580000,0x00000000f5580000,0x00000000fd800000)
  from space 19968K, 99% used [0x00000000fd800000,0x00000000feb5fa80,0x00000000feb80000)
  to   space 20992K, 0% used [0x00000000feb80000,0x00000000feb80000,0x0000000100000000)
 ParOldGen       total 283648K, used 59243K [0x00000000e0000000, 0x00000000f1500000, 0x00000000f5580000)
  object space 283648K, 20% used [0x00000000e0000000,0x00000000e39daeb0,0x00000000f1500000)
 Metaspace       used 62312K, capacity 71383K, committed 71548K, reserved 1110016K
  class space    used 7779K, capacity 10336K, committed 10416K, reserved 1048576K
}

