# JRE version: Java(TM) SE Runtime Environment (8.0_111-b14) (build 1.8.0_111-b14)
# Java VM: Java HotSpot(TM) 64-Bit Server VM (25.111-b14 mixed mode windows-amd64 compressed oops)
Heap:
 PSYoungGen      total 153600K, used 52018K [0x00000000f5580000, 0x0000000100000000, 0x0000000100000000)
  eden space 136704K, 25% used [0x00000000f5580000,0x00000000f77cd258,0x00000000fdb00000)
  from space 16896K, 99% used [0x00000000fef80000,0x00000000fffff688,0x0000000100000000)
  to   space 18944K, 0% used [0x00000000fdb00000,0x00000000fdb00000,0x00000000fed80000)
 ParOldGen       total 245760K, used 68371K [0x00000000e0000000, 0x00000000ef000000, 0x00000000f5580000)
  object space 245760K, 27% used [0x00000000e0000000,0x00000000e42c4e98,0x00000000ef000000)
 Metaspace       used 63309K, capacity 73056K, committed 73216K, reserved 1112064K
  class space    used 7945K, capacity 10638K, committed 10752K, reserved 1048576K
GC Heap History (10 events):
Event: 4.737 GC heap before
{Heap before GC invocations=17 (full 3):
 PSYoungGen      total 161792K, used 154697K [0x00000000f5580000, 0x0000000100000000, 0x0000000100000000)
  eden space 148992K, 100% used [0x00000000f5580000,0x00000000fe700000,0x00000000fe700000)
  from space 12800K, 44% used [0x00000000fe700000,0x00000000fec92668,0x00000000ff380000)
  to   space 12800K, 0% used [0x00000000ff380000,0x00000000ff380000,0x0000000100000000)
 ParOldGen       total 245760K, used 60788K [0x00000000e0000000, 0x00000000ef000000, 0x00000000f5580000)
  object space 245760K, 24% used [0x00000000e0000000,0x00000000e3b5d168,0x00000000ef000000)
 Metaspace       used 53582K, capacity 59480K, committed 59648K, reserved 1101824K
  class space    used 6390K, capacity 8171K, committed 8192K, reserved 1048576K
Event: 4.743 GC heap after
Heap after GC invocations=17 (full 3):
 PSYoungGen      total 160768K, used 7250K [0x00000000f5580000, 0x00000000fff00000, 0x0000000100000000)
  eden space 148992K, 0% used [0x00000000f5580000,0x00000000f5580000,0x00000000fe700000)
  from space 11776K, 61% used [0x00000000ff380000,0x00000000ffa94a58,0x00000000fff00000)
  to   space 12288K, 0% used [0x00000000fe700000,0x00000000fe700000,0x00000000ff300000)
 ParOldGen       total 245760K, used 60796K [0x00000000e0000000, 0x00000000ef000000, 0x00000000f5580000)
  object space 245760K, 24% used [0x00000000e0000000,0x00000000e3b5f168,0x00000000ef000000)
 Metaspace       used 53582K, capacity 59480K, committed 59648K, reserved 1101824K
  class space    used 6390K, capacity 8171K, committed 8192K, reserved 1048576K
}
Event: 5.125 GC heap before
{Heap before GC invocations=18 (full 3):
 PSYoungGen      total 160768K, used 156242K [0x00000000f5580000, 0x00000000fff00000, 0x0000000100000000)
  eden space 148992K, 100% used [0x00000000f5580000,0x00000000fe700000,0x00000000fe700000)
  from space 11776K, 61% used [0x00000000ff380000,0x00000000ffa94a58,0x00000000fff00000)
  to   space 12288K, 0% used [0x00000000fe700000,0x00000000fe700000,0x00000000ff300000)
 ParOldGen       total 245760K, used 60796K [0x00000000e0000000, 0x00000000ef000000, 0x00000000f5580000)
  object space 245760K, 24% used [0x00000000e0000000,0x00000000e3b5f168,0x00000000ef000000)
 Metaspace       used 57222K, capacity 63846K, committed 64000K, reserved 1103872K
  class space    used 6868K, capacity 8880K, committed 8960K, reserved 1048576K
Event: 5.132 GC heap after
Heap after GC invocations=18 (full 3):
 PSYoungGen      total 161280K, used 11878K [0x00000000f5580000, 0x0000000100000000, 0x0000000100000000)
  eden space 148992K, 0% used [0x00000000f5580000,0x00000000f5580000,0x00000000fe700000)
  from space 12288K, 96% used [0x00000000fe700000,0x00000000ff299b30,0x00000000ff300000)
  to   space 13312K, 0% used [0x00000000ff300000,0x00000000ff300000,0x0000000100000000)
 ParOldGen       total 245760K, used 60804K [0x00000000e0000000, 0x00000000ef000000, 0x00000000f5580000)
  object space 245760K, 24% used [0x00000000e0000000,0x00000000e3b61168,0x00000000ef000000)
 Metaspace       used 57222K, capacity 63846K, committed 64000K, reserved 1103872K
  class space    used 6868K, capacity 8880K, committed 8960K, reserved 1048576K
}
Event: 5.623 GC heap before
{Heap before GC invocations=19 (full 3):
 PSYoungGen      total 161280K, used 160870K [0x00000000f5580000, 0x0000000100000000, 0x0000000100000000)
  eden space 148992K, 100% used [0x00000000f5580000,0x00000000fe700000,0x00000000fe700000)
  from space 12288K, 96% used [0x00000000fe700000,0x00000000ff299b30,0x00000000ff300000)
  to   space 13312K, 0% used [0x00000000ff300000,0x00000000ff300000,0x0000000100000000)
 ParOldGen       total 245760K, used 60804K [0x00000000e0000000, 0x00000000ef000000, 0x00000000f5580000)
  object space 245760K, 24% used [0x00000000e0000000,0x00000000e3b61168,0x00000000ef000000)
 Metaspace       used 60347K, capacity 69440K, committed 69632K, reserved 1107968K
  class space    used 7605K, capacity 10194K, committed 10240K, reserved 1048576K
Event: 5.632 GC heap after
Heap after GC invocations=19 (full 3):
 PSYoungGen      total 156160K, used 13306K [0x00000000f5580000, 0x0000000100000000, 0x0000000100000000)
  eden space 142848K, 0% used [0x00000000f5580000,0x00000000f5580000,0x00000000fe100000)
  from space 13312K, 99% used [0x00000000ff300000,0x00000000ffffead8,0x0000000100000000)
  to   space 15872K, 0% used [0x00000000fe100000,0x00000000fe100000,0x00000000ff080000)
 ParOldGen       total 245760K, used 64436K [0x00000000e0000000, 0x00000000ef000000, 0x00000000f5580000)
  object space 245760K, 26% used [0x00000000e0000000,0x00000000e3eed2e8,0x00000000ef000000)
 Metaspace       used 60347K, capacity 69440K, committed 69632K, reserved 1107968K
  class space    used 7605K, capacity 10194K, committed 10240K, reserved 1048576K
}
Event: 5.926 GC heap before
{Heap before GC invocations=20 (full 3):
 PSYoungGen      total 156160K, used 156154K [0x00000000f5580000, 0x0000000100000000, 0x0000000100000000)
  eden space 142848K, 100% used [0x00000000f5580000,0x00000000fe100000,0x00000000fe100000)
  from space 13312K, 99% used [0x00000000ff300000,0x00000000ffffead8,0x0000000100000000)
  to   space 15872K, 0% used [0x00000000fe100000,0x00000000fe100000,0x00000000ff080000)
 ParOldGen       total 245760K, used 64436K [0x00000000e0000000, 0x00000000ef000000, 0x00000000f5580000)
  object space 245760K, 26% used [0x00000000e0000000,0x00000000e3eed2e8,0x00000000ef000000)
 Metaspace       used 61547K, capacity 70842K, committed 71168K, reserved 1110016K
  class space    used 7777K, capacity 10383K, committed 10496K, reserved 1048576K
Event: 5.935 GC heap after
Heap after GC invocations=20 (full 3):
 PSYoungGen      total 155648K, used 12554K [0x00000000f5580000, 0x0000000100000000, 0x0000000100000000)
  eden space 142848K, 0% used [0x00000000f5580000,0x00000000f5580000,0x00000000fe100000)
  from space 12800K, 98% used [0x00000000fe100000,0x00000000fed42a78,0x00000000fed80000)
  to   space 16896K, 0% used [0x00000000fef80000,0x00000000fef80000,0x0000000100000000)
 ParOldGen       total 245760K, used 67567K [0x00000000e0000000, 0x00000000ef000000, 0x00000000f5580000)
  object space 245760K, 27% used [0x00000000e0000000,0x00000000e41fbcf8,0x00000000ef000000)
 Metaspace       used 61547K, capacity 70842K, committed 71168K, reserved 1110016K
  class space    used 7777K, capacity 10383K, committed 10496K, reserved 1048576K
}
Event: 6.397 GC heap before
{Heap before GC invocations=21 (full 3):
 PSYoungGen      total 155648K, used 155402K [0x00000000f5580000, 0x0000000100000000, 0x0000000100000000)
  eden space 142848K, 100% used [0x00000000f5580000,0x00000000fe100000,0x00000000fe100000)
  from space 12800K, 98% used [0x00000000fe100000,0x00000000fed42a78,0x00000000fed80000)
  to   space 16896K, 0% used [0x00000000fef80000,0x00000000fef80000,0x0000000100000000)
 ParOldGen       total 245760K, used 67567K [0x00000000e0000000, 0x00000000ef000000, 0x00000000f5580000)
  object space 245760K, 27% used [0x00000000e0000000,0x00000000e41fbcf8,0x00000000ef000000)
 Metaspace       used 63293K, capacity 73036K, committed 73216K, reserved 1112064K
  class space    used 7945K, capacity 10638K, committed 10752K, reserved 1048576K
Event: 6.405 GC heap after
Heap after GC invocations=21 (full 3):
 PSYoungGen      total 153600K, used 16893K [0x00000000f5580000, 0x0000000100000000, 0x0000000100000000)
  eden space 136704K, 0% used [0x00000000f5580000,0x00000000f5580000,0x00000000fdb00000)
  from space 16896K, 99% used [0x00000000fef80000,0x00000000fffff688,0x0000000100000000)
  to   space 18944K, 0% used [0x00000000fdb00000,0x00000000fdb00000,0x00000000fed80000)
 ParOldGen       total 245760K, used 68371K [0x00000000e0000000, 0x00000000ef000000, 0x00000000f5580000)
  object space 245760K, 27% used [0x00000000e0000000,0x00000000e42c4e98,0x00000000ef000000)
 Metaspace       used 63293K, capacity 73036K, committed 73216K, reserved 1112064K
  class space    used 7945K, capacity 10638K, committed 10752K, reserved 1048576K
}

