# JRE version: Java(TM) SE Runtime Environment (8.0_111-b14) (build 1.8.0_111-b14)
# Java VM: Java HotSpot(TM) 64-Bit Server VM (25.111-b14 mixed mode windows-amd64 compressed oops)
Heap:
 PSYoungGen      total 151552K, used 45520K [0x00000000f5580000, 0x0000000100000000, 0x0000000100000000)
  eden space 128512K, 17% used [0x00000000f5580000,0x00000000f6bd0880,0x00000000fd300000)
  from space 23040K, 98% used [0x00000000fd300000,0x00000000fe923b18,0x00000000fe980000)
  to   space 23040K, 0% used [0x00000000fe980000,0x00000000fe980000,0x0000000100000000)
 ParOldGen       total 260096K, used 68994K [0x00000000e0000000, 0x00000000efe00000, 0x00000000f5580000)
  object space 260096K, 26% used [0x00000000e0000000,0x00000000e4360bb0,0x00000000efe00000)
 Metaspace       used 61616K, capacity 70938K, committed 71168K, reserved 1110016K
  class space    used 7569K, capacity 10133K, committed 10240K, reserved 1048576K
GC Heap History (10 events):
Event: 4.948 GC heap before
{Heap before GC invocations=18 (full 3):
 PSYoungGen      total 157184K, used 149095K [0x00000000f5580000, 0x00000000fff00000, 0x0000000100000000)
  eden space 141824K, 100% used [0x00000000f5580000,0x00000000fe000000,0x00000000fe000000)
  from space 15360K, 47% used [0x00000000ff000000,0x00000000ff719f40,0x00000000fff00000)
  to   space 15872K, 0% used [0x00000000fe000000,0x00000000fe000000,0x00000000fef80000)
 ParOldGen       total 260096K, used 60729K [0x00000000e0000000, 0x00000000efe00000, 0x00000000f5580000)
  object space 260096K, 23% used [0x00000000e0000000,0x00000000e3b4e5c8,0x00000000efe00000)
 Metaspace       used 56477K, capacity 63102K, committed 63360K, reserved 1103872K
  class space    used 6747K, capacity 8734K, committed 8832K, reserved 1048576K
Event: 4.956 GC heap after
Heap after GC invocations=18 (full 3):
 PSYoungGen      total 157696K, used 11046K [0x00000000f5580000, 0x0000000100000000, 0x0000000100000000)
  eden space 141824K, 0% used [0x00000000f5580000,0x00000000f5580000,0x00000000fe000000)
  from space 15872K, 69% used [0x00000000fe000000,0x00000000feac9ac0,0x00000000fef80000)
  to   space 15872K, 0% used [0x00000000ff080000,0x00000000ff080000,0x0000000100000000)
 ParOldGen       total 260096K, used 60737K [0x00000000e0000000, 0x00000000efe00000, 0x00000000f5580000)
  object space 260096K, 23% used [0x00000000e0000000,0x00000000e3b505c8,0x00000000efe00000)
 Metaspace       used 56477K, capacity 63102K, committed 63360K, reserved 1103872K
  class space    used 6747K, capacity 8734K, committed 8832K, reserved 1048576K
}
Event: 5.451 GC heap before
{Heap before GC invocations=19 (full 3):
 PSYoungGen      total 157696K, used 152870K [0x00000000f5580000, 0x0000000100000000, 0x0000000100000000)
  eden space 141824K, 100% used [0x00000000f5580000,0x00000000fe000000,0x00000000fe000000)
  from space 15872K, 69% used [0x00000000fe000000,0x00000000feac9ac0,0x00000000fef80000)
  to   space 15872K, 0% used [0x00000000ff080000,0x00000000ff080000,0x0000000100000000)
 ParOldGen       total 260096K, used 60737K [0x00000000e0000000, 0x00000000efe00000, 0x00000000f5580000)
  object space 260096K, 23% used [0x00000000e0000000,0x00000000e3b505c8,0x00000000efe00000)
 Metaspace       used 60705K, capacity 69228K, committed 69504K, reserved 1107968K
  class space    used 7516K, capacity 10010K, committed 10112K, reserved 1048576K
Event: 5.460 GC heap after
Heap after GC invocations=19 (full 3):
 PSYoungGen      total 153600K, used 15844K [0x00000000f5580000, 0x0000000100000000, 0x0000000100000000)
  eden space 137728K, 0% used [0x00000000f5580000,0x00000000f5580000,0x00000000fdc00000)
  from space 15872K, 99% used [0x00000000ff080000,0x00000000ffff9048,0x0000000100000000)
  to   space 18432K, 0% used [0x00000000fdc00000,0x00000000fdc00000,0x00000000fee00000)
 ParOldGen       total 260096K, used 61676K [0x00000000e0000000, 0x00000000efe00000, 0x00000000f5580000)
  object space 260096K, 23% used [0x00000000e0000000,0x00000000e3c3b078,0x00000000efe00000)
 Metaspace       used 60705K, capacity 69228K, committed 69504K, reserved 1107968K
  class space    used 7516K, capacity 10010K, committed 10112K, reserved 1048576K
}
Event: 5.738 GC heap before
{Heap before GC invocations=20 (full 3):
 PSYoungGen      total 153600K, used 153572K [0x00000000f5580000, 0x0000000100000000, 0x0000000100000000)
  eden space 137728K, 100% used [0x00000000f5580000,0x00000000fdc00000,0x00000000fdc00000)
  from space 15872K, 99% used [0x00000000ff080000,0x00000000ffff9048,0x0000000100000000)
  to   space 18432K, 0% used [0x00000000fdc00000,0x00000000fdc00000,0x00000000fee00000)
 ParOldGen       total 260096K, used 61676K [0x00000000e0000000, 0x00000000efe00000, 0x00000000f5580000)
  object space 260096K, 23% used [0x00000000e0000000,0x00000000e3c3b078,0x00000000efe00000)
 Metaspace       used 60915K, capacity 69674K, committed 69760K, reserved 1110016K
  class space    used 7529K, capacity 10031K, committed 10112K, reserved 1048576K
Event: 5.746 GC heap after
Heap after GC invocations=20 (full 3):
 PSYoungGen      total 156160K, used 18419K [0x00000000f5580000, 0x0000000100000000, 0x0000000100000000)
  eden space 137728K, 0% used [0x00000000f5580000,0x00000000f5580000,0x00000000fdc00000)
  from space 18432K, 99% used [0x00000000fdc00000,0x00000000fedfcf00,0x00000000fee00000)
  to   space 18432K, 0% used [0x00000000fee00000,0x00000000fee00000,0x0000000100000000)
 ParOldGen       total 260096K, used 63770K [0x00000000e0000000, 0x00000000efe00000, 0x00000000f5580000)
  object space 260096K, 24% used [0x00000000e0000000,0x00000000e3e46950,0x00000000efe00000)
 Metaspace       used 60915K, capacity 69674K, committed 69760K, reserved 1110016K
  class space    used 7529K, capacity 10031K, committed 10112K, reserved 1048576K
}
Event: 6.092 GC heap before
{Heap before GC invocations=21 (full 3):
 PSYoungGen      total 156160K, used 156147K [0x00000000f5580000, 0x0000000100000000, 0x0000000100000000)
  eden space 137728K, 100% used [0x00000000f5580000,0x00000000fdc00000,0x00000000fdc00000)
  from space 18432K, 99% used [0x00000000fdc00000,0x00000000fedfcf00,0x00000000fee00000)
  to   space 18432K, 0% used [0x00000000fee00000,0x00000000fee00000,0x0000000100000000)
 ParOldGen       total 260096K, used 63770K [0x00000000e0000000, 0x00000000efe00000, 0x00000000f5580000)
  object space 260096K, 24% used [0x00000000e0000000,0x00000000e3e46950,0x00000000efe00000)
 Metaspace       used 61297K, capacity 70388K, committed 70528K, reserved 1110016K
  class space    used 7553K, capacity 10090K, committed 10112K, reserved 1048576K
Event: 6.100 GC heap after
Heap after GC invocations=21 (full 3):
 PSYoungGen      total 146944K, used 18316K [0x00000000f5580000, 0x0000000100000000, 0x0000000100000000)
  eden space 128512K, 0% used [0x00000000f5580000,0x00000000f5580000,0x00000000fd300000)
  from space 18432K, 99% used [0x00000000fee00000,0x00000000fffe3358,0x0000000100000000)
  to   space 23040K, 0% used [0x00000000fd300000,0x00000000fd300000,0x00000000fe980000)
 ParOldGen       total 260096K, used 68986K [0x00000000e0000000, 0x00000000efe00000, 0x00000000f5580000)
  object space 260096K, 26% used [0x00000000e0000000,0x00000000e435ebb0,0x00000000efe00000)
 Metaspace       used 61297K, capacity 70388K, committed 70528K, reserved 1110016K
  class space    used 7553K, capacity 10090K, committed 10112K, reserved 1048576K
}
Event: 6.345 GC heap before
{Heap before GC invocations=22 (full 3):
 PSYoungGen      total 146944K, used 146828K [0x00000000f5580000, 0x0000000100000000, 0x0000000100000000)
  eden space 128512K, 100% used [0x00000000f5580000,0x00000000fd300000,0x00000000fd300000)
  from space 18432K, 99% used [0x00000000fee00000,0x00000000fffe3358,0x0000000100000000)
  to   space 23040K, 0% used [0x00000000fd300000,0x00000000fd300000,0x00000000fe980000)
 ParOldGen       total 260096K, used 68986K [0x00000000e0000000, 0x00000000efe00000, 0x00000000f5580000)
  object space 260096K, 26% used [0x00000000e0000000,0x00000000e435ebb0,0x00000000efe00000)
 Metaspace       used 61595K, capacity 70896K, committed 71168K, reserved 1110016K
  class space    used 7568K, capacity 10132K, committed 10240K, reserved 1048576K
Event: 6.351 GC heap after
Heap after GC invocations=22 (full 3):
 PSYoungGen      total 151552K, used 22670K [0x00000000f5580000, 0x0000000100000000, 0x0000000100000000)
  eden space 128512K, 0% used [0x00000000f5580000,0x00000000f5580000,0x00000000fd300000)
  from space 23040K, 98% used [0x00000000fd300000,0x00000000fe923b18,0x00000000fe980000)
  to   space 23040K, 0% used [0x00000000fe980000,0x00000000fe980000,0x0000000100000000)
 ParOldGen       total 260096K, used 68994K [0x00000000e0000000, 0x00000000efe00000, 0x00000000f5580000)
  object space 260096K, 26% used [0x00000000e0000000,0x00000000e4360bb0,0x00000000efe00000)
 Metaspace       used 61595K, capacity 70896K, committed 71168K, reserved 1110016K
  class space    used 7568K, capacity 10132K, committed 10240K, reserved 1048576K
}

