# JRE version: Java(TM) SE Runtime Environment (8.0_111-b14) (build 1.8.0_111-b14)
# Java VM: Java HotSpot(TM) 64-Bit Server VM (25.111-b14 mixed mode windows-amd64 compressed oops)
Heap:
 PSYoungGen      total 143360K, used 100896K [0x00000000f5580000, 0x0000000100000000, 0x0000000100000000)
  eden space 124416K, 67% used [0x00000000f5580000,0x00000000fa7ef9f8,0x00000000fcf00000)
  from space 18944K, 99% used [0x00000000fed80000,0x00000000ffffcf10,0x0000000100000000)
  to   space 25088K, 0% used [0x00000000fcf00000,0x00000000fcf00000,0x00000000fe780000)
 ParOldGen       total 265728K, used 65808K [0x00000000e0000000, 0x00000000f0380000, 0x00000000f5580000)
  object space 265728K, 24% used [0x00000000e0000000,0x00000000e40443b8,0x00000000f0380000)
 Metaspace       used 61677K, capacity 71000K, committed 71208K, reserved 1110016K
  class space    used 7593K, capacity 10200K, committed 10288K, reserved 1048576K
GC Heap History (10 events):
Event: 5.212 GC heap before
{Heap before GC invocations=17 (full 3):
 PSYoungGen      total 156672K, used 144150K [0x00000000f5580000, 0x0000000100000000, 0x0000000100000000)
  eden space 138752K, 100% used [0x00000000f5580000,0x00000000fdd00000,0x00000000fdd00000)
  from space 17920K, 30% used [0x00000000fdd00000,0x00000000fe245a80,0x00000000fee80000)
  to   space 17920K, 0% used [0x00000000fee80000,0x00000000fee80000,0x0000000100000000)
 ParOldGen       total 265728K, used 60894K [0x00000000e0000000, 0x00000000f0380000, 0x00000000f5580000)
  object space 265728K, 22% used [0x00000000e0000000,0x00000000e3b77b90,0x00000000f0380000)
 Metaspace       used 53392K, capacity 59286K, committed 59432K, reserved 1099776K
  class space    used 6337K, capacity 8138K, committed 8240K, reserved 1048576K
Event: 5.216 GC heap after
Heap after GC invocations=17 (full 3):
 PSYoungGen      total 155648K, used 7295K [0x00000000f5580000, 0x00000000fff00000, 0x0000000100000000)
  eden space 138752K, 0% used [0x00000000f5580000,0x00000000f5580000,0x00000000fdd00000)
  from space 16896K, 43% used [0x00000000fee80000,0x00000000ff59fc58,0x00000000fff00000)
  to   space 17408K, 0% used [0x00000000fdd00000,0x00000000fdd00000,0x00000000fee00000)
 ParOldGen       total 265728K, used 60902K [0x00000000e0000000, 0x00000000f0380000, 0x00000000f5580000)
  object space 265728K, 22% used [0x00000000e0000000,0x00000000e3b79b90,0x00000000f0380000)
 Metaspace       used 53392K, capacity 59286K, committed 59432K, reserved 1099776K
  class space    used 6337K, capacity 8138K, committed 8240K, reserved 1048576K
}
Event: 5.561 GC heap before
{Heap before GC invocations=18 (full 3):
 PSYoungGen      total 155648K, used 146047K [0x00000000f5580000, 0x00000000fff00000, 0x0000000100000000)
  eden space 138752K, 100% used [0x00000000f5580000,0x00000000fdd00000,0x00000000fdd00000)
  from space 16896K, 43% used [0x00000000fee80000,0x00000000ff59fc58,0x00000000fff00000)
  to   space 17408K, 0% used [0x00000000fdd00000,0x00000000fdd00000,0x00000000fee00000)
 ParOldGen       total 265728K, used 60902K [0x00000000e0000000, 0x00000000f0380000, 0x00000000f5580000)
  object space 265728K, 22% used [0x00000000e0000000,0x00000000e3b79b90,0x00000000f0380000)
 Metaspace       used 56184K, capacity 62828K, committed 63016K, reserved 1103872K
  class space    used 6717K, capacity 8731K, committed 8752K, reserved 1048576K
Event: 5.567 GC heap after
Heap after GC invocations=18 (full 3):
 PSYoungGen      total 156160K, used 11214K [0x00000000f5580000, 0x0000000100000000, 0x0000000100000000)
  eden space 138752K, 0% used [0x00000000f5580000,0x00000000f5580000,0x00000000fdd00000)
  from space 17408K, 64% used [0x00000000fdd00000,0x00000000fe7f3810,0x00000000fee00000)
  to   space 17408K, 0% used [0x00000000fef00000,0x00000000fef00000,0x0000000100000000)
 ParOldGen       total 265728K, used 60910K [0x00000000e0000000, 0x00000000f0380000, 0x00000000f5580000)
  object space 265728K, 22% used [0x00000000e0000000,0x00000000e3b7bb90,0x00000000f0380000)
 Metaspace       used 56184K, capacity 62828K, committed 63016K, reserved 1103872K
  class space    used 6717K, capacity 8731K, committed 8752K, reserved 1048576K
}
Event: 6.094 GC heap before
{Heap before GC invocations=19 (full 3):
 PSYoungGen      total 156160K, used 149966K [0x00000000f5580000, 0x0000000100000000, 0x0000000100000000)
  eden space 138752K, 100% used [0x00000000f5580000,0x00000000fdd00000,0x00000000fdd00000)
  from space 17408K, 64% used [0x00000000fdd00000,0x00000000fe7f3810,0x00000000fee00000)
  to   space 17408K, 0% used [0x00000000fef00000,0x00000000fef00000,0x0000000100000000)
 ParOldGen       total 265728K, used 60910K [0x00000000e0000000, 0x00000000f0380000, 0x00000000f5580000)
  object space 265728K, 22% used [0x00000000e0000000,0x00000000e3b7bb90,0x00000000f0380000)
 Metaspace       used 60683K, capacity 69216K, committed 69416K, reserved 1107968K
  class space    used 7513K, capacity 10006K, committed 10032K, reserved 1048576K
Event: 6.102 GC heap after
Heap after GC invocations=19 (full 3):
 PSYoungGen      total 154112K, used 15882K [0x00000000f5580000, 0x0000000100000000, 0x0000000100000000)
  eden space 136704K, 0% used [0x00000000f5580000,0x00000000f5580000,0x00000000fdb00000)
  from space 17408K, 91% used [0x00000000fef00000,0x00000000ffe82b60,0x0000000100000000)
  to   space 18944K, 0% used [0x00000000fdb00000,0x00000000fdb00000,0x00000000fed80000)
 ParOldGen       total 265728K, used 60918K [0x00000000e0000000, 0x00000000f0380000, 0x00000000f5580000)
  object space 265728K, 22% used [0x00000000e0000000,0x00000000e3b7db90,0x00000000f0380000)
 Metaspace       used 60683K, capacity 69216K, committed 69416K, reserved 1107968K
  class space    used 7513K, capacity 10006K, committed 10032K, reserved 1048576K
}
Event: 6.396 GC heap before
{Heap before GC invocations=20 (full 3):
 PSYoungGen      total 154112K, used 152586K [0x00000000f5580000, 0x0000000100000000, 0x0000000100000000)
  eden space 136704K, 100% used [0x00000000f5580000,0x00000000fdb00000,0x00000000fdb00000)
  from space 17408K, 91% used [0x00000000fef00000,0x00000000ffe82b60,0x0000000100000000)
  to   space 18944K, 0% used [0x00000000fdb00000,0x00000000fdb00000,0x00000000fed80000)
 ParOldGen       total 265728K, used 60918K [0x00000000e0000000, 0x00000000f0380000, 0x00000000f5580000)
  object space 265728K, 22% used [0x00000000e0000000,0x00000000e3b7db90,0x00000000f0380000)
 Metaspace       used 60890K, capacity 69622K, committed 69672K, reserved 1110016K
  class space    used 7526K, capacity 10029K, committed 10032K, reserved 1048576K
Event: 6.405 GC heap after
Heap after GC invocations=20 (full 3):
 PSYoungGen      total 155648K, used 18931K [0x00000000f5580000, 0x0000000100000000, 0x0000000100000000)
  eden space 136704K, 0% used [0x00000000f5580000,0x00000000f5580000,0x00000000fdb00000)
  from space 18944K, 99% used [0x00000000fdb00000,0x00000000fed7cfc0,0x00000000fed80000)
  to   space 18944K, 0% used [0x00000000fed80000,0x00000000fed80000,0x0000000100000000)
 ParOldGen       total 265728K, used 61323K [0x00000000e0000000, 0x00000000f0380000, 0x00000000f5580000)
  object space 265728K, 23% used [0x00000000e0000000,0x00000000e3be2d40,0x00000000f0380000)
 Metaspace       used 60890K, capacity 69622K, committed 69672K, reserved 1110016K
  class space    used 7526K, capacity 10029K, committed 10032K, reserved 1048576K
}
Event: 6.730 GC heap before
{Heap before GC invocations=21 (full 3):
 PSYoungGen      total 155648K, used 155635K [0x00000000f5580000, 0x0000000100000000, 0x0000000100000000)
  eden space 136704K, 100% used [0x00000000f5580000,0x00000000fdb00000,0x00000000fdb00000)
  from space 18944K, 99% used [0x00000000fdb00000,0x00000000fed7cfc0,0x00000000fed80000)
  to   space 18944K, 0% used [0x00000000fed80000,0x00000000fed80000,0x0000000100000000)
 ParOldGen       total 265728K, used 61323K [0x00000000e0000000, 0x00000000f0380000, 0x00000000f5580000)
  object space 265728K, 23% used [0x00000000e0000000,0x00000000e3be2d40,0x00000000f0380000)
 Metaspace       used 61374K, capacity 70556K, committed 70568K, reserved 1110016K
  class space    used 7575K, capacity 10154K, committed 10160K, reserved 1048576K
Event: 6.740 GC heap after
Heap after GC invocations=21 (full 3):
 PSYoungGen      total 143360K, used 18931K [0x00000000f5580000, 0x0000000100000000, 0x0000000100000000)
  eden space 124416K, 0% used [0x00000000f5580000,0x00000000f5580000,0x00000000fcf00000)
  from space 18944K, 99% used [0x00000000fed80000,0x00000000ffffcf10,0x0000000100000000)
  to   space 25088K, 0% used [0x00000000fcf00000,0x00000000fcf00000,0x00000000fe780000)
 ParOldGen       total 265728K, used 65808K [0x00000000e0000000, 0x00000000f0380000, 0x00000000f5580000)
  object space 265728K, 24% used [0x00000000e0000000,0x00000000e40443b8,0x00000000f0380000)
 Metaspace       used 61374K, capacity 70556K, committed 70568K, reserved 1110016K
  class space    used 7575K, capacity 10154K, committed 10160K, reserved 1048576K
}

