# JRE version: Java(TM) SE Runtime Environment (8.0_111-b14) (build 1.8.0_111-b14)
# Java VM: Java HotSpot(TM) 64-Bit Server VM (25.111-b14 mixed mode windows-amd64 compressed oops)
Heap:
 PSYoungGen      total 156672K, used 42603K [0x00000000f5580000, 0x0000000100000000, 0x0000000100000000)
  eden space 139776K, 21% used [0x00000000f5580000,0x00000000f7330208,0x00000000fde00000)
  from space 16896K, 72% used [0x00000000fde00000,0x00000000fe9eabb0,0x00000000fee80000)
  to   space 17408K, 0% used [0x00000000fef00000,0x00000000fef00000,0x0000000100000000)
 ParOldGen       total 278528K, used 61087K [0x00000000e0000000, 0x00000000f1000000, 0x00000000f5580000)
  object space 278528K, 21% used [0x00000000e0000000,0x00000000e3ba7e58,0x00000000f1000000)
 Metaspace       used 58737K, capacity 66716K, committed 66944K, reserved 1105920K
  class space    used 7190K, capacity 9513K, committed 9600K, reserved 1048576K
GC Heap History (10 events):
Event: 4.774 GC heap before
{Heap before GC invocations=16 (full 3):
 PSYoungGen      total 153088K, used 139776K [0x00000000f5580000, 0x0000000100000000, 0x0000000100000000)
  eden space 139776K, 100% used [0x00000000f5580000,0x00000000fde00000,0x00000000fde00000)
  from space 13312K, 0% used [0x00000000ff300000,0x00000000ff300000,0x0000000100000000)
  to   space 17408K, 0% used [0x00000000fde00000,0x00000000fde00000,0x00000000fef00000)
 ParOldGen       total 278528K, used 61047K [0x00000000e0000000, 0x00000000f1000000, 0x00000000f5580000)
  object space 278528K, 21% used [0x00000000e0000000,0x00000000e3b9de58,0x00000000f1000000)
 Metaspace       used 48672K, capacity 54424K, committed 54656K, reserved 1095680K
  class space    used 5936K, capacity 7697K, committed 7808K, reserved 1048576K
Event: 4.778 GC heap after
Heap after GC invocations=16 (full 3):
 PSYoungGen      total 157184K, used 2750K [0x00000000f5580000, 0x0000000100000000, 0x0000000100000000)
  eden space 139776K, 0% used [0x00000000f5580000,0x00000000f5580000,0x00000000fde00000)
  from space 17408K, 15% used [0x00000000fde00000,0x00000000fe0af998,0x00000000fef00000)
  to   space 17408K, 0% used [0x00000000fef00000,0x00000000fef00000,0x0000000100000000)
 ParOldGen       total 278528K, used 61055K [0x00000000e0000000, 0x00000000f1000000, 0x00000000f5580000)
  object space 278528K, 21% used [0x00000000e0000000,0x00000000e3b9fe58,0x00000000f1000000)
 Metaspace       used 48672K, capacity 54424K, committed 54656K, reserved 1095680K
  class space    used 5936K, capacity 7697K, committed 7808K, reserved 1048576K
}
Event: 5.124 GC heap before
{Heap before GC invocations=17 (full 3):
 PSYoungGen      total 157184K, used 142526K [0x00000000f5580000, 0x0000000100000000, 0x0000000100000000)
  eden space 139776K, 100% used [0x00000000f5580000,0x00000000fde00000,0x00000000fde00000)
  from space 17408K, 15% used [0x00000000fde00000,0x00000000fe0af998,0x00000000fef00000)
  to   space 17408K, 0% used [0x00000000fef00000,0x00000000fef00000,0x0000000100000000)
 ParOldGen       total 278528K, used 61055K [0x00000000e0000000, 0x00000000f1000000, 0x00000000f5580000)
  object space 278528K, 21% used [0x00000000e0000000,0x00000000e3b9fe58,0x00000000f1000000)
 Metaspace       used 52317K, capacity 58710K, committed 58752K, reserved 1099776K
  class space    used 6391K, capacity 8318K, committed 8320K, reserved 1048576K
Event: 5.129 GC heap after
Heap after GC invocations=17 (full 3):
 PSYoungGen      total 157184K, used 6000K [0x00000000f5580000, 0x0000000100000000, 0x0000000100000000)
  eden space 139776K, 0% used [0x00000000f5580000,0x00000000f5580000,0x00000000fde00000)
  from space 17408K, 34% used [0x00000000fef00000,0x00000000ff4dc370,0x0000000100000000)
  to   space 17408K, 0% used [0x00000000fde00000,0x00000000fde00000,0x00000000fef00000)
 ParOldGen       total 278528K, used 61063K [0x00000000e0000000, 0x00000000f1000000, 0x00000000f5580000)
  object space 278528K, 21% used [0x00000000e0000000,0x00000000e3ba1e58,0x00000000f1000000)
 Metaspace       used 52317K, capacity 58710K, committed 58752K, reserved 1099776K
  class space    used 6391K, capacity 8318K, committed 8320K, reserved 1048576K
}
Event: 5.475 GC heap before
{Heap before GC invocations=18 (full 3):
 PSYoungGen      total 157184K, used 145776K [0x00000000f5580000, 0x0000000100000000, 0x0000000100000000)
  eden space 139776K, 100% used [0x00000000f5580000,0x00000000fde00000,0x00000000fde00000)
  from space 17408K, 34% used [0x00000000fef00000,0x00000000ff4dc370,0x0000000100000000)
  to   space 17408K, 0% used [0x00000000fde00000,0x00000000fde00000,0x00000000fef00000)
 ParOldGen       total 278528K, used 61063K [0x00000000e0000000, 0x00000000f1000000, 0x00000000f5580000)
  object space 278528K, 21% used [0x00000000e0000000,0x00000000e3ba1e58,0x00000000f1000000)
 Metaspace       used 56779K, capacity 64296K, committed 64640K, reserved 1103872K
  class space    used 6986K, capacity 9239K, committed 9344K, reserved 1048576K
Event: 5.480 GC heap after
Heap after GC invocations=18 (full 3):
 PSYoungGen      total 149504K, used 9438K [0x00000000f5580000, 0x00000000fff00000, 0x0000000100000000)
  eden space 139776K, 0% used [0x00000000f5580000,0x00000000f5580000,0x00000000fde00000)
  from space 9728K, 97% used [0x00000000fde00000,0x00000000fe737b80,0x00000000fe780000)
  to   space 16896K, 0% used [0x00000000fee80000,0x00000000fee80000,0x00000000fff00000)
 ParOldGen       total 278528K, used 61071K [0x00000000e0000000, 0x00000000f1000000, 0x00000000f5580000)
  object space 278528K, 21% used [0x00000000e0000000,0x00000000e3ba3e58,0x00000000f1000000)
 Metaspace       used 56779K, capacity 64296K, committed 64640K, reserved 1103872K
  class space    used 6986K, capacity 9239K, committed 9344K, reserved 1048576K
}
Event: 5.792 GC heap before
{Heap before GC invocations=19 (full 3):
 PSYoungGen      total 149504K, used 149214K [0x00000000f5580000, 0x00000000fff00000, 0x0000000100000000)
  eden space 139776K, 100% used [0x00000000f5580000,0x00000000fde00000,0x00000000fde00000)
  from space 9728K, 97% used [0x00000000fde00000,0x00000000fe737b80,0x00000000fe780000)
  to   space 16896K, 0% used [0x00000000fee80000,0x00000000fee80000,0x00000000fff00000)
 ParOldGen       total 278528K, used 61071K [0x00000000e0000000, 0x00000000f1000000, 0x00000000f5580000)
  object space 278528K, 21% used [0x00000000e0000000,0x00000000e3ba3e58,0x00000000f1000000)
 Metaspace       used 58258K, capacity 65990K, committed 66048K, reserved 1105920K
  class space    used 7164K, capacity 9432K, committed 9472K, reserved 1048576K
Event: 5.798 GC heap after
Heap after GC invocations=19 (full 3):
 PSYoungGen      total 156672K, used 11318K [0x00000000f5580000, 0x0000000100000000, 0x0000000100000000)
  eden space 139776K, 0% used [0x00000000f5580000,0x00000000f5580000,0x00000000fde00000)
  from space 16896K, 66% used [0x00000000fee80000,0x00000000ff98d878,0x00000000fff00000)
  to   space 16896K, 0% used [0x00000000fde00000,0x00000000fde00000,0x00000000fee80000)
 ParOldGen       total 278528K, used 61079K [0x00000000e0000000, 0x00000000f1000000, 0x00000000f5580000)
  object space 278528K, 21% used [0x00000000e0000000,0x00000000e3ba5e58,0x00000000f1000000)
 Metaspace       used 58258K, capacity 65990K, committed 66048K, reserved 1105920K
  class space    used 7164K, capacity 9432K, committed 9472K, reserved 1048576K
}
Event: 6.120 GC heap before
{Heap before GC invocations=20 (full 3):
 PSYoungGen      total 156672K, used 151094K [0x00000000f5580000, 0x0000000100000000, 0x0000000100000000)
  eden space 139776K, 100% used [0x00000000f5580000,0x00000000fde00000,0x00000000fde00000)
  from space 16896K, 66% used [0x00000000fee80000,0x00000000ff98d878,0x00000000fff00000)
  to   space 16896K, 0% used [0x00000000fde00000,0x00000000fde00000,0x00000000fee80000)
 ParOldGen       total 278528K, used 61079K [0x00000000e0000000, 0x00000000f1000000, 0x00000000f5580000)
  object space 278528K, 21% used [0x00000000e0000000,0x00000000e3ba5e58,0x00000000f1000000)
 Metaspace       used 58729K, capacity 66706K, committed 66944K, reserved 1105920K
  class space    used 7189K, capacity 9512K, committed 9600K, reserved 1048576K
Event: 6.126 GC heap after
Heap after GC invocations=20 (full 3):
 PSYoungGen      total 156672K, used 12202K [0x00000000f5580000, 0x0000000100000000, 0x0000000100000000)
  eden space 139776K, 0% used [0x00000000f5580000,0x00000000f5580000,0x00000000fde00000)
  from space 16896K, 72% used [0x00000000fde00000,0x00000000fe9eabb0,0x00000000fee80000)
  to   space 17408K, 0% used [0x00000000fef00000,0x00000000fef00000,0x0000000100000000)
 ParOldGen       total 278528K, used 61087K [0x00000000e0000000, 0x00000000f1000000, 0x00000000f5580000)
  object space 278528K, 21% used [0x00000000e0000000,0x00000000e3ba7e58,0x00000000f1000000)
 Metaspace       used 58729K, capacity 66706K, committed 66944K, reserved 1105920K
  class space    used 7189K, capacity 9512K, committed 9600K, reserved 1048576K
}

