# JRE version: Java(TM) SE Runtime Environment (8.0_111-b14) (build 1.8.0_111-b14)
# Java VM: Java HotSpot(TM) 64-Bit Server VM (25.111-b14 mixed mode windows-amd64 compressed oops)
Heap:
 PSYoungGen      total 155648K, used 138097K [0x00000000f5580000, 0x0000000100000000, 0x0000000100000000)
  eden space 139776K, 87% used [0x00000000f5580000,0x00000000fcd96fc0,0x00000000fde00000)
  from space 15872K, 95% used [0x00000000ff080000,0x00000000fff45690,0x0000000100000000)
  to   space 17408K, 0% used [0x00000000fde00000,0x00000000fde00000,0x00000000fef00000)
 ParOldGen       total 243200K, used 69019K [0x00000000e0000000, 0x00000000eed80000, 0x00000000f5580000)
  object space 243200K, 28% used [0x00000000e0000000,0x00000000e4366f38,0x00000000eed80000)
 Metaspace       used 63516K, capacity 73410K, committed 73728K, reserved 1112064K
  class space    used 7957K, capacity 10682K, committed 10752K, reserved 1048576K
GC Heap History (10 events):
Event: 4.876 GC heap before
{Heap before GC invocations=17 (full 3):
 PSYoungGen      total 155136K, used 154796K [0x00000000f5580000, 0x00000000fff00000, 0x0000000100000000)
  eden space 148992K, 100% used [0x00000000f5580000,0x00000000fe700000,0x00000000fe700000)
  from space 6144K, 94% used [0x00000000fe700000,0x00000000fecab378,0x00000000fed00000)
  to   space 12288K, 0% used [0x00000000ff300000,0x00000000ff300000,0x00000000fff00000)
 ParOldGen       total 243200K, used 60786K [0x00000000e0000000, 0x00000000eed80000, 0x00000000f5580000)
  object space 243200K, 24% used [0x00000000e0000000,0x00000000e3b5c910,0x00000000eed80000)
 Metaspace       used 53582K, capacity 59484K, committed 59648K, reserved 1101824K
  class space    used 6387K, capacity 8171K, committed 8192K, reserved 1048576K
Event: 4.881 GC heap after
Heap after GC invocations=17 (full 3):
 PSYoungGen      total 161280K, used 7220K [0x00000000f5580000, 0x0000000100000000, 0x0000000100000000)
  eden space 148992K, 0% used [0x00000000f5580000,0x00000000f5580000,0x00000000fe700000)
  from space 12288K, 58% used [0x00000000ff300000,0x00000000ffa0d310,0x00000000fff00000)
  to   space 12288K, 0% used [0x00000000fe700000,0x00000000fe700000,0x00000000ff300000)
 ParOldGen       total 243200K, used 60794K [0x00000000e0000000, 0x00000000eed80000, 0x00000000f5580000)
  object space 243200K, 24% used [0x00000000e0000000,0x00000000e3b5e910,0x00000000eed80000)
 Metaspace       used 53582K, capacity 59484K, committed 59648K, reserved 1101824K
  class space    used 6387K, capacity 8171K, committed 8192K, reserved 1048576K
}
Event: 5.250 GC heap before
{Heap before GC invocations=18 (full 3):
 PSYoungGen      total 161280K, used 156212K [0x00000000f5580000, 0x0000000100000000, 0x0000000100000000)
  eden space 148992K, 100% used [0x00000000f5580000,0x00000000fe700000,0x00000000fe700000)
  from space 12288K, 58% used [0x00000000ff300000,0x00000000ffa0d310,0x00000000fff00000)
  to   space 12288K, 0% used [0x00000000fe700000,0x00000000fe700000,0x00000000ff300000)
 ParOldGen       total 243200K, used 60794K [0x00000000e0000000, 0x00000000eed80000, 0x00000000f5580000)
  object space 243200K, 24% used [0x00000000e0000000,0x00000000e3b5e910,0x00000000eed80000)
 Metaspace       used 57204K, capacity 63810K, committed 64000K, reserved 1103872K
  class space    used 6865K, capacity 8880K, committed 8960K, reserved 1048576K
Event: 5.257 GC heap after
Heap after GC invocations=18 (full 3):
 PSYoungGen      total 161280K, used 11842K [0x00000000f5580000, 0x0000000100000000, 0x0000000100000000)
  eden space 148992K, 0% used [0x00000000f5580000,0x00000000f5580000,0x00000000fe700000)
  from space 12288K, 96% used [0x00000000fe700000,0x00000000ff290908,0x00000000ff300000)
  to   space 13312K, 0% used [0x00000000ff300000,0x00000000ff300000,0x0000000100000000)
 ParOldGen       total 243200K, used 60802K [0x00000000e0000000, 0x00000000eed80000, 0x00000000f5580000)
  object space 243200K, 25% used [0x00000000e0000000,0x00000000e3b60910,0x00000000eed80000)
 Metaspace       used 57204K, capacity 63810K, committed 64000K, reserved 1103872K
  class space    used 6865K, capacity 8880K, committed 8960K, reserved 1048576K
}
Event: 5.741 GC heap before
{Heap before GC invocations=19 (full 3):
 PSYoungGen      total 161280K, used 160834K [0x00000000f5580000, 0x0000000100000000, 0x0000000100000000)
  eden space 148992K, 100% used [0x00000000f5580000,0x00000000fe700000,0x00000000fe700000)
  from space 12288K, 96% used [0x00000000fe700000,0x00000000ff290908,0x00000000ff300000)
  to   space 13312K, 0% used [0x00000000ff300000,0x00000000ff300000,0x0000000100000000)
 ParOldGen       total 243200K, used 60802K [0x00000000e0000000, 0x00000000eed80000, 0x00000000f5580000)
  object space 243200K, 25% used [0x00000000e0000000,0x00000000e3b60910,0x00000000eed80000)
 Metaspace       used 60335K, capacity 69356K, committed 69632K, reserved 1107968K
  class space    used 7601K, capacity 10194K, committed 10240K, reserved 1048576K
Event: 5.750 GC heap after
Heap after GC invocations=19 (full 3):
 PSYoungGen      total 156160K, used 13295K [0x00000000f5580000, 0x0000000100000000, 0x0000000100000000)
  eden space 142848K, 0% used [0x00000000f5580000,0x00000000f5580000,0x00000000fe100000)
  from space 13312K, 99% used [0x00000000ff300000,0x00000000ffffbf28,0x0000000100000000)
  to   space 15872K, 0% used [0x00000000fe100000,0x00000000fe100000,0x00000000ff080000)
 ParOldGen       total 243200K, used 64315K [0x00000000e0000000, 0x00000000eed80000, 0x00000000f5580000)
  object space 243200K, 26% used [0x00000000e0000000,0x00000000e3ececd8,0x00000000eed80000)
 Metaspace       used 60335K, capacity 69356K, committed 69632K, reserved 1107968K
  class space    used 7601K, capacity 10194K, committed 10240K, reserved 1048576K
}
Event: 6.030 GC heap before
{Heap before GC invocations=20 (full 3):
 PSYoungGen      total 156160K, used 156143K [0x00000000f5580000, 0x0000000100000000, 0x0000000100000000)
  eden space 142848K, 100% used [0x00000000f5580000,0x00000000fe100000,0x00000000fe100000)
  from space 13312K, 99% used [0x00000000ff300000,0x00000000ffffbf28,0x0000000100000000)
  to   space 15872K, 0% used [0x00000000fe100000,0x00000000fe100000,0x00000000ff080000)
 ParOldGen       total 243200K, used 64315K [0x00000000e0000000, 0x00000000eed80000, 0x00000000f5580000)
  object space 243200K, 26% used [0x00000000e0000000,0x00000000e3ececd8,0x00000000eed80000)
 Metaspace       used 61511K, capacity 70766K, committed 70912K, reserved 1110016K
  class space    used 7769K, capacity 10383K, committed 10496K, reserved 1048576K
Event: 6.038 GC heap after
Heap after GC invocations=20 (full 3):
 PSYoungGen      total 158720K, used 9806K [0x00000000f5580000, 0x0000000100000000, 0x0000000100000000)
  eden space 142848K, 0% used [0x00000000f5580000,0x00000000f5580000,0x00000000fe100000)
  from space 15872K, 61% used [0x00000000fe100000,0x00000000fea939f8,0x00000000ff080000)
  to   space 15872K, 0% used [0x00000000ff080000,0x00000000ff080000,0x0000000100000000)
 ParOldGen       total 243200K, used 69011K [0x00000000e0000000, 0x00000000eed80000, 0x00000000f5580000)
  object space 243200K, 28% used [0x00000000e0000000,0x00000000e4364f38,0x00000000eed80000)
 Metaspace       used 61511K, capacity 70766K, committed 70912K, reserved 1110016K
  class space    used 7769K, capacity 10383K, committed 10496K, reserved 1048576K
}
Event: 6.526 GC heap before
{Heap before GC invocations=21 (full 3):
 PSYoungGen      total 158720K, used 152654K [0x00000000f5580000, 0x0000000100000000, 0x0000000100000000)
  eden space 142848K, 100% used [0x00000000f5580000,0x00000000fe100000,0x00000000fe100000)
  from space 15872K, 61% used [0x00000000fe100000,0x00000000fea939f8,0x00000000ff080000)
  to   space 15872K, 0% used [0x00000000ff080000,0x00000000ff080000,0x0000000100000000)
 ParOldGen       total 243200K, used 69011K [0x00000000e0000000, 0x00000000eed80000, 0x00000000f5580000)
  object space 243200K, 28% used [0x00000000e0000000,0x00000000e4364f38,0x00000000eed80000)
 Metaspace       used 63282K, capacity 73032K, committed 73216K, reserved 1112064K
  class space    used 7942K, capacity 10638K, committed 10752K, reserved 1048576K
Event: 6.533 GC heap after
Heap after GC invocations=21 (full 3):
 PSYoungGen      total 155648K, used 15125K [0x00000000f5580000, 0x0000000100000000, 0x0000000100000000)
  eden space 139776K, 0% used [0x00000000f5580000,0x00000000f5580000,0x00000000fde00000)
  from space 15872K, 95% used [0x00000000ff080000,0x00000000fff45690,0x0000000100000000)
  to   space 17408K, 0% used [0x00000000fde00000,0x00000000fde00000,0x00000000fef00000)
 ParOldGen       total 243200K, used 69019K [0x00000000e0000000, 0x00000000eed80000, 0x00000000f5580000)
  object space 243200K, 28% used [0x00000000e0000000,0x00000000e4366f38,0x00000000eed80000)
 Metaspace       used 63282K, capacity 73032K, committed 73216K, reserved 1112064K
  class space    used 7942K, capacity 10638K, committed 10752K, reserved 1048576K
}

