# JRE version: Java(TM) SE Runtime Environment (8.0_111-b14) (build 1.8.0_111-b14)
# Java VM: Java HotSpot(TM) 64-Bit Server VM (25.111-b14 mixed mode windows-amd64 compressed oops)
Heap:
 PSYoungGen      total 151040K, used 56360K [0x00000000f5580000, 0x0000000100000000, 0x0000000100000000)
  eden space 127488K, 33% used [0x00000000f5580000,0x00000000f7f4efc8,0x00000000fd200000)
  from space 23552K, 57% used [0x00000000fd200000,0x00000000fdf3b1f0,0x00000000fe900000)
  to   space 23040K, 0% used [0x00000000fe980000,0x00000000fe980000,0x0000000100000000)
 ParOldGen       total 267776K, used 78685K [0x00000000e0000000, 0x00000000f0580000, 0x00000000f5580000)
  object space 267776K, 29% used [0x00000000e0000000,0x00000000e4cd74c8,0x00000000f0580000)
 Metaspace       used 61810K, capacity 71209K, committed 71384K, reserved 1110016K
  class space    used 7574K, capacity 10165K, committed 10240K, reserved 1048576K
GC Heap History (10 events):
Event: 5.350 GC heap before
{Heap before GC invocations=18 (full 3):
 PSYoungGen      total 160256K, used 152753K [0x00000000f5580000, 0x0000000100000000, 0x0000000100000000)
  eden space 145920K, 100% used [0x00000000f5580000,0x00000000fe400000,0x00000000fe400000)
  from space 14336K, 47% used [0x00000000ff200000,0x00000000ff8ac548,0x0000000100000000)
  to   space 14336K, 0% used [0x00000000fe400000,0x00000000fe400000,0x00000000ff200000)
 ParOldGen       total 267776K, used 61034K [0x00000000e0000000, 0x00000000f0580000, 0x00000000f5580000)
  object space 267776K, 22% used [0x00000000e0000000,0x00000000e3b9a840,0x00000000f0580000)
 Metaspace       used 56884K, capacity 63523K, committed 63832K, reserved 1103872K
  class space    used 6783K, capacity 8777K, committed 8832K, reserved 1048576K
Event: 5.356 GC heap after
Heap after GC invocations=18 (full 3):
 PSYoungGen      total 157184K, used 11219K [0x00000000f5580000, 0x0000000100000000, 0x0000000100000000)
  eden space 145920K, 0% used [0x00000000f5580000,0x00000000f5580000,0x00000000fe400000)
  from space 11264K, 99% used [0x00000000fe400000,0x00000000feef4cb0,0x00000000fef00000)
  to   space 14848K, 0% used [0x00000000ff180000,0x00000000ff180000,0x0000000100000000)
 ParOldGen       total 267776K, used 61042K [0x00000000e0000000, 0x00000000f0580000, 0x00000000f5580000)
  object space 267776K, 22% used [0x00000000e0000000,0x00000000e3b9c840,0x00000000f0580000)
 Metaspace       used 56884K, capacity 63523K, committed 63832K, reserved 1103872K
  class space    used 6783K, capacity 8777K, committed 8832K, reserved 1048576K
}
Event: 5.875 GC heap before
{Heap before GC invocations=19 (full 3):
 PSYoungGen      total 157184K, used 157139K [0x00000000f5580000, 0x0000000100000000, 0x0000000100000000)
  eden space 145920K, 100% used [0x00000000f5580000,0x00000000fe400000,0x00000000fe400000)
  from space 11264K, 99% used [0x00000000fe400000,0x00000000feef4cb0,0x00000000fef00000)
  to   space 14848K, 0% used [0x00000000ff180000,0x00000000ff180000,0x0000000100000000)
 ParOldGen       total 267776K, used 61042K [0x00000000e0000000, 0x00000000f0580000, 0x00000000f5580000)
  object space 267776K, 22% used [0x00000000e0000000,0x00000000e3b9c840,0x00000000f0580000)
 Metaspace       used 60720K, capacity 69273K, committed 69464K, reserved 1107968K
  class space    used 7513K, capacity 10009K, committed 10112K, reserved 1048576K
Event: 5.884 GC heap after
Heap after GC invocations=19 (full 3):
 PSYoungGen      total 155648K, used 14847K [0x00000000f5580000, 0x0000000100000000, 0x0000000100000000)
  eden space 140800K, 0% used [0x00000000f5580000,0x00000000f5580000,0x00000000fdf00000)
  from space 14848K, 99% used [0x00000000ff180000,0x00000000ffffff90,0x0000000100000000)
  to   space 16896K, 0% used [0x00000000fdf00000,0x00000000fdf00000,0x00000000fef80000)
 ParOldGen       total 267776K, used 62305K [0x00000000e0000000, 0x00000000f0580000, 0x00000000f5580000)
  object space 267776K, 23% used [0x00000000e0000000,0x00000000e3cd8788,0x00000000f0580000)
 Metaspace       used 60720K, capacity 69273K, committed 69464K, reserved 1107968K
  class space    used 7513K, capacity 10009K, committed 10112K, reserved 1048576K
}
Event: 6.228 GC heap before
{Heap before GC invocations=20 (full 3):
 PSYoungGen      total 155648K, used 155647K [0x00000000f5580000, 0x0000000100000000, 0x0000000100000000)
  eden space 140800K, 100% used [0x00000000f5580000,0x00000000fdf00000,0x00000000fdf00000)
  from space 14848K, 99% used [0x00000000ff180000,0x00000000ffffff90,0x0000000100000000)
  to   space 16896K, 0% used [0x00000000fdf00000,0x00000000fdf00000,0x00000000fef80000)
 ParOldGen       total 267776K, used 62305K [0x00000000e0000000, 0x00000000f0580000, 0x00000000f5580000)
  object space 267776K, 23% used [0x00000000e0000000,0x00000000e3cd8788,0x00000000f0580000)
 Metaspace       used 61105K, capacity 70009K, committed 70232K, reserved 1110016K
  class space    used 7535K, capacity 10065K, committed 10112K, reserved 1048576K
Event: 6.236 GC heap after
Heap after GC invocations=20 (full 3):
 PSYoungGen      total 157696K, used 16876K [0x00000000f5580000, 0x0000000100000000, 0x0000000100000000)
  eden space 140800K, 0% used [0x00000000f5580000,0x00000000f5580000,0x00000000fdf00000)
  from space 16896K, 99% used [0x00000000fdf00000,0x00000000fef7b230,0x00000000fef80000)
  to   space 16896K, 0% used [0x00000000fef80000,0x00000000fef80000,0x0000000100000000)
 ParOldGen       total 267776K, used 65520K [0x00000000e0000000, 0x00000000f0580000, 0x00000000f5580000)
  object space 267776K, 24% used [0x00000000e0000000,0x00000000e3ffc060,0x00000000f0580000)
 Metaspace       used 61105K, capacity 70009K, committed 70232K, reserved 1110016K
  class space    used 7535K, capacity 10065K, committed 10112K, reserved 1048576K
}
Event: 6.619 GC heap before
{Heap before GC invocations=21 (full 3):
 PSYoungGen      total 157696K, used 157676K [0x00000000f5580000, 0x0000000100000000, 0x0000000100000000)
  eden space 140800K, 100% used [0x00000000f5580000,0x00000000fdf00000,0x00000000fdf00000)
  from space 16896K, 99% used [0x00000000fdf00000,0x00000000fef7b230,0x00000000fef80000)
  to   space 16896K, 0% used [0x00000000fef80000,0x00000000fef80000,0x0000000100000000)
 ParOldGen       total 267776K, used 65520K [0x00000000e0000000, 0x00000000f0580000, 0x00000000f5580000)
  object space 267776K, 24% used [0x00000000e0000000,0x00000000e3ffc060,0x00000000f0580000)
 Metaspace       used 61648K, capacity 70923K, committed 71128K, reserved 1110016K
  class space    used 7568K, capacity 10156K, committed 10240K, reserved 1048576K
Event: 6.627 GC heap after
Heap after GC invocations=21 (full 3):
 PSYoungGen      total 144384K, used 16873K [0x00000000f5580000, 0x0000000100000000, 0x0000000100000000)
  eden space 127488K, 0% used [0x00000000f5580000,0x00000000f5580000,0x00000000fd200000)
  from space 16896K, 99% used [0x00000000fef80000,0x00000000ffffa400,0x0000000100000000)
  to   space 23552K, 0% used [0x00000000fd200000,0x00000000fd200000,0x00000000fe900000)
 ParOldGen       total 267776K, used 71004K [0x00000000e0000000, 0x00000000f0580000, 0x00000000f5580000)
  object space 267776K, 26% used [0x00000000e0000000,0x00000000e4557328,0x00000000f0580000)
 Metaspace       used 61648K, capacity 70923K, committed 71128K, reserved 1110016K
  class space    used 7568K, capacity 10156K, committed 10240K, reserved 1048576K
}
Event: 6.864 GC heap before
{Heap before GC invocations=22 (full 3):
 PSYoungGen      total 144384K, used 144361K [0x00000000f5580000, 0x0000000100000000, 0x0000000100000000)
  eden space 127488K, 100% used [0x00000000f5580000,0x00000000fd200000,0x00000000fd200000)
  from space 16896K, 99% used [0x00000000fef80000,0x00000000ffffa400,0x0000000100000000)
  to   space 23552K, 0% used [0x00000000fd200000,0x00000000fd200000,0x00000000fe900000)
 ParOldGen       total 267776K, used 71004K [0x00000000e0000000, 0x00000000f0580000, 0x00000000f5580000)
  object space 267776K, 26% used [0x00000000e0000000,0x00000000e4557328,0x00000000f0580000)
 Metaspace       used 61810K, capacity 71209K, committed 71384K, reserved 1110016K
  class space    used 7574K, capacity 10165K, committed 10240K, reserved 1048576K
Event: 6.871 GC heap after
Heap after GC invocations=22 (full 3):
 PSYoungGen      total 151040K, used 13548K [0x00000000f5580000, 0x0000000100000000, 0x0000000100000000)
  eden space 127488K, 0% used [0x00000000f5580000,0x00000000f5580000,0x00000000fd200000)
  from space 23552K, 57% used [0x00000000fd200000,0x00000000fdf3b1f0,0x00000000fe900000)
  to   space 23040K, 0% used [0x00000000fe980000,0x00000000fe980000,0x0000000100000000)
 ParOldGen       total 267776K, used 78685K [0x00000000e0000000, 0x00000000f0580000, 0x00000000f5580000)
  object space 267776K, 29% used [0x00000000e0000000,0x00000000e4cd74c8,0x00000000f0580000)
 Metaspace       used 61810K, capacity 71209K, committed 71384K, reserved 1110016K
  class space    used 7574K, capacity 10165K, committed 10240K, reserved 1048576K
}

