# JRE version: Java(TM) SE Runtime Environment (8.0_111-b14) (build 1.8.0_111-b14)
# Java VM: Java HotSpot(TM) 64-Bit Server VM (25.111-b14 mixed mode windows-amd64 compressed oops)
Heap:
 PSYoungGen      total 158208K, used 56178K [0x00000000f5580000, 0x0000000100000000, 0x0000000100000000)
  eden space 142848K, 29% used [0x00000000f5580000,0x00000000f7edee88,0x00000000fe100000)
  from space 15360K, 89% used [0x00000000fe100000,0x00000000fee7da80,0x00000000ff000000)
  to   space 16384K, 0% used [0x00000000ff000000,0x00000000ff000000,0x0000000100000000)
 ParOldGen       total 261120K, used 60937K [0x00000000e0000000, 0x00000000eff00000, 0x00000000f5580000)
  object space 261120K, 23% used [0x00000000e0000000,0x00000000e3b826c8,0x00000000eff00000)
 Metaspace       used 61102K, capacity 69928K, committed 70144K, reserved 1110016K
  class space    used 7674K, capacity 10201K, committed 10240K, reserved 1048576K
GC Heap History (10 events):
Event: 5.099 GC heap before
{Heap before GC invocations=16 (full 3):
 PSYoungGen      total 157184K, used 143872K [0x00000000f5580000, 0x0000000100000000, 0x0000000100000000)
  eden space 143872K, 100% used [0x00000000f5580000,0x00000000fe200000,0x00000000fe200000)
  from space 13312K, 0% used [0x00000000ff300000,0x00000000ff300000,0x0000000100000000)
  to   space 15360K, 0% used [0x00000000fe200000,0x00000000fe200000,0x00000000ff100000)
 ParOldGen       total 261120K, used 60897K [0x00000000e0000000, 0x00000000eff00000, 0x00000000f5580000)
  object space 261120K, 23% used [0x00000000e0000000,0x00000000e3b786c8,0x00000000eff00000)
 Metaspace       used 49856K, capacity 55754K, committed 55808K, reserved 1097728K
  class space    used 6081K, capacity 7884K, committed 7936K, reserved 1048576K
Event: 5.103 GC heap after
Heap after GC invocations=16 (full 3):
 PSYoungGen      total 148992K, used 4690K [0x00000000f5580000, 0x0000000100000000, 0x0000000100000000)
  eden space 143872K, 0% used [0x00000000f5580000,0x00000000f5580000,0x00000000fe200000)
  from space 5120K, 91% used [0x00000000fe200000,0x00000000fe694850,0x00000000fe700000)
  to   space 15872K, 0% used [0x00000000ff080000,0x00000000ff080000,0x0000000100000000)
 ParOldGen       total 261120K, used 60905K [0x00000000e0000000, 0x00000000eff00000, 0x00000000f5580000)
  object space 261120K, 23% used [0x00000000e0000000,0x00000000e3b7a6c8,0x00000000eff00000)
 Metaspace       used 49856K, capacity 55754K, committed 55808K, reserved 1097728K
  class space    used 6081K, capacity 7884K, committed 7936K, reserved 1048576K
}
Event: 5.418 GC heap before
{Heap before GC invocations=17 (full 3):
 PSYoungGen      total 148992K, used 148562K [0x00000000f5580000, 0x0000000100000000, 0x0000000100000000)
  eden space 143872K, 100% used [0x00000000f5580000,0x00000000fe200000,0x00000000fe200000)
  from space 5120K, 91% used [0x00000000fe200000,0x00000000fe694850,0x00000000fe700000)
  to   space 15872K, 0% used [0x00000000ff080000,0x00000000ff080000,0x0000000100000000)
 ParOldGen       total 261120K, used 60905K [0x00000000e0000000, 0x00000000eff00000, 0x00000000f5580000)
  object space 261120K, 23% used [0x00000000e0000000,0x00000000e3b7a6c8,0x00000000eff00000)
 Metaspace       used 53611K, capacity 59540K, committed 59648K, reserved 1101824K
  class space    used 6365K, capacity 8173K, committed 8192K, reserved 1048576K
Event: 5.423 GC heap after
Heap after GC invocations=17 (full 3):
 PSYoungGen      total 159232K, used 6377K [0x00000000f5580000, 0x0000000100000000, 0x0000000100000000)
  eden space 143360K, 0% used [0x00000000f5580000,0x00000000f5580000,0x00000000fe180000)
  from space 15872K, 40% used [0x00000000ff080000,0x00000000ff6ba458,0x0000000100000000)
  to   space 15360K, 0% used [0x00000000fe180000,0x00000000fe180000,0x00000000ff080000)
 ParOldGen       total 261120K, used 60913K [0x00000000e0000000, 0x00000000eff00000, 0x00000000f5580000)
  object space 261120K, 23% used [0x00000000e0000000,0x00000000e3b7c6c8,0x00000000eff00000)
 Metaspace       used 53611K, capacity 59540K, committed 59648K, reserved 1101824K
  class space    used 6365K, capacity 8173K, committed 8192K, reserved 1048576K
}
Event: 5.686 GC heap before
{Heap before GC invocations=18 (full 3):
 PSYoungGen      total 159232K, used 149737K [0x00000000f5580000, 0x0000000100000000, 0x0000000100000000)
  eden space 143360K, 100% used [0x00000000f5580000,0x00000000fe180000,0x00000000fe180000)
  from space 15872K, 40% used [0x00000000ff080000,0x00000000ff6ba458,0x0000000100000000)
  to   space 15360K, 0% used [0x00000000fe180000,0x00000000fe180000,0x00000000ff080000)
 ParOldGen       total 261120K, used 60913K [0x00000000e0000000, 0x00000000eff00000, 0x00000000f5580000)
  object space 261120K, 23% used [0x00000000e0000000,0x00000000e3b7c6c8,0x00000000eff00000)
 Metaspace       used 55279K, capacity 61760K, committed 61952K, reserved 1101824K
  class space    used 6679K, capacity 8617K, committed 8704K, reserved 1048576K
Event: 5.691 GC heap after
Heap after GC invocations=18 (full 3):
 PSYoungGen      total 151552K, used 7995K [0x00000000f5580000, 0x00000000ffe80000, 0x0000000100000000)
  eden space 143360K, 0% used [0x00000000f5580000,0x00000000f5580000,0x00000000fe180000)
  from space 8192K, 97% used [0x00000000fe180000,0x00000000fe94ec50,0x00000000fe980000)
  to   space 14848K, 0% used [0x00000000ff000000,0x00000000ff000000,0x00000000ffe80000)
 ParOldGen       total 261120K, used 60921K [0x00000000e0000000, 0x00000000eff00000, 0x00000000f5580000)
  object space 261120K, 23% used [0x00000000e0000000,0x00000000e3b7e6c8,0x00000000eff00000)
 Metaspace       used 55279K, capacity 61760K, committed 61952K, reserved 1101824K
  class space    used 6679K, capacity 8617K, committed 8704K, reserved 1048576K
}
Event: 6.141 GC heap before
{Heap before GC invocations=19 (full 3):
 PSYoungGen      total 151552K, used 151355K [0x00000000f5580000, 0x00000000ffe80000, 0x0000000100000000)
  eden space 143360K, 100% used [0x00000000f5580000,0x00000000fe180000,0x00000000fe180000)
  from space 8192K, 97% used [0x00000000fe180000,0x00000000fe94ec50,0x00000000fe980000)
  to   space 14848K, 0% used [0x00000000ff000000,0x00000000ff000000,0x00000000ffe80000)
 ParOldGen       total 261120K, used 60921K [0x00000000e0000000, 0x00000000eff00000, 0x00000000f5580000)
  object space 261120K, 23% used [0x00000000e0000000,0x00000000e3b7e6c8,0x00000000eff00000)
 Metaspace       used 59413K, capacity 67844K, committed 68096K, reserved 1107968K
  class space    used 7447K, capacity 9923K, committed 9984K, reserved 1048576K
Event: 6.149 GC heap after
Heap after GC invocations=19 (full 3):
 PSYoungGen      total 157696K, used 11242K [0x00000000f5580000, 0x0000000100000000, 0x0000000100000000)
  eden space 142848K, 0% used [0x00000000f5580000,0x00000000f5580000,0x00000000fe100000)
  from space 14848K, 75% used [0x00000000ff000000,0x00000000ffafabe8,0x00000000ffe80000)
  to   space 15360K, 0% used [0x00000000fe100000,0x00000000fe100000,0x00000000ff000000)
 ParOldGen       total 261120K, used 60929K [0x00000000e0000000, 0x00000000eff00000, 0x00000000f5580000)
  object space 261120K, 23% used [0x00000000e0000000,0x00000000e3b806c8,0x00000000eff00000)
 Metaspace       used 59413K, capacity 67844K, committed 68096K, reserved 1107968K
  class space    used 7447K, capacity 9923K, committed 9984K, reserved 1048576K
}
Event: 6.525 GC heap before
{Heap before GC invocations=20 (full 3):
 PSYoungGen      total 157696K, used 154090K [0x00000000f5580000, 0x0000000100000000, 0x0000000100000000)
  eden space 142848K, 100% used [0x00000000f5580000,0x00000000fe100000,0x00000000fe100000)
  from space 14848K, 75% used [0x00000000ff000000,0x00000000ffafabe8,0x00000000ffe80000)
  to   space 15360K, 0% used [0x00000000fe100000,0x00000000fe100000,0x00000000ff000000)
 ParOldGen       total 261120K, used 60929K [0x00000000e0000000, 0x00000000eff00000, 0x00000000f5580000)
  object space 261120K, 23% used [0x00000000e0000000,0x00000000e3b806c8,0x00000000eff00000)
 Metaspace       used 61054K, capacity 69834K, committed 69888K, reserved 1110016K
  class space    used 7673K, capacity 10198K, committed 10240K, reserved 1048576K
Event: 6.533 GC heap after
Heap after GC invocations=20 (full 3):
 PSYoungGen      total 158208K, used 13814K [0x00000000f5580000, 0x0000000100000000, 0x0000000100000000)
  eden space 142848K, 0% used [0x00000000f5580000,0x00000000f5580000,0x00000000fe100000)
  from space 15360K, 89% used [0x00000000fe100000,0x00000000fee7da80,0x00000000ff000000)
  to   space 16384K, 0% used [0x00000000ff000000,0x00000000ff000000,0x0000000100000000)
 ParOldGen       total 261120K, used 60937K [0x00000000e0000000, 0x00000000eff00000, 0x00000000f5580000)
  object space 261120K, 23% used [0x00000000e0000000,0x00000000e3b826c8,0x00000000eff00000)
 Metaspace       used 61054K, capacity 69834K, committed 69888K, reserved 1110016K
  class space    used 7673K, capacity 10198K, committed 10240K, reserved 1048576K
}

