# JRE version: Java(TM) SE Runtime Environment (8.0_111-b14) (build 1.8.0_111-b14)
# Java VM: Java HotSpot(TM) 64-Bit Server VM (25.111-b14 mixed mode windows-amd64 compressed oops)
Heap:
 PSYoungGen      total 155136K, used 132613K [0x00000000f5580000, 0x0000000100000000, 0x0000000100000000)
  eden space 139776K, 83% used [0x00000000f5580000,0x00000000fc801c58,0x00000000fde00000)
  from space 15360K, 99% used [0x00000000ff100000,0x00000000fffff8e0,0x0000000100000000)
  to   space 17408K, 0% used [0x00000000fde00000,0x00000000fde00000,0x00000000fef00000)
 ParOldGen       total 236544K, used 68209K [0x00000000e0000000, 0x00000000ee700000, 0x00000000f5580000)
  object space 236544K, 28% used [0x00000000e0000000,0x00000000e429c550,0x00000000ee700000)
 Metaspace       used 63223K, capacity 72774K, committed 72832K, reserved 1112064K
  class space    used 7939K, capacity 10607K, committed 10624K, reserved 1048576K
GC Heap History (10 events):
Event: 6.237 GC heap before
{Heap before GC invocations=17 (full 3):
 PSYoungGen      total 155136K, used 154786K [0x00000000f5580000, 0x00000000fff00000, 0x0000000100000000)
  eden space 148992K, 100% used [0x00000000f5580000,0x00000000fe700000,0x00000000fe700000)
  from space 6144K, 94% used [0x00000000fe700000,0x00000000feca8b08,0x00000000fed00000)
  to   space 12288K, 0% used [0x00000000ff300000,0x00000000ff300000,0x00000000fff00000)
 ParOldGen       total 236544K, used 60775K [0x00000000e0000000, 0x00000000ee700000, 0x00000000f5580000)
  object space 236544K, 25% used [0x00000000e0000000,0x00000000e3b59d58,0x00000000ee700000)
 Metaspace       used 53589K, capacity 59496K, committed 59648K, reserved 1101824K
  class space    used 6389K, capacity 8171K, committed 8192K, reserved 1048576K
Event: 6.242 GC heap after
Heap after GC invocations=17 (full 3):
 PSYoungGen      total 161280K, used 7629K [0x00000000f5580000, 0x0000000100000000, 0x0000000100000000)
  eden space 148992K, 0% used [0x00000000f5580000,0x00000000f5580000,0x00000000fe700000)
  from space 12288K, 62% used [0x00000000ff300000,0x00000000ffa735f8,0x00000000fff00000)
  to   space 12288K, 0% used [0x00000000fe700000,0x00000000fe700000,0x00000000ff300000)
 ParOldGen       total 236544K, used 60783K [0x00000000e0000000, 0x00000000ee700000, 0x00000000f5580000)
  object space 236544K, 25% used [0x00000000e0000000,0x00000000e3b5bd58,0x00000000ee700000)
 Metaspace       used 53589K, capacity 59496K, committed 59648K, reserved 1101824K
  class space    used 6389K, capacity 8171K, committed 8192K, reserved 1048576K
}
Event: 6.704 GC heap before
{Heap before GC invocations=18 (full 3):
 PSYoungGen      total 161280K, used 156621K [0x00000000f5580000, 0x0000000100000000, 0x0000000100000000)
  eden space 148992K, 100% used [0x00000000f5580000,0x00000000fe700000,0x00000000fe700000)
  from space 12288K, 62% used [0x00000000ff300000,0x00000000ffa735f8,0x00000000fff00000)
  to   space 12288K, 0% used [0x00000000fe700000,0x00000000fe700000,0x00000000ff300000)
 ParOldGen       total 236544K, used 60783K [0x00000000e0000000, 0x00000000ee700000, 0x00000000f5580000)
  object space 236544K, 25% used [0x00000000e0000000,0x00000000e3b5bd58,0x00000000ee700000)
 Metaspace       used 57309K, capacity 64072K, committed 64256K, reserved 1103872K
  class space    used 6885K, capacity 8907K, committed 8960K, reserved 1048576K
Event: 6.711 GC heap after
Heap after GC invocations=18 (full 3):
 PSYoungGen      total 161280K, used 11654K [0x00000000f5580000, 0x0000000100000000, 0x0000000100000000)
  eden space 148992K, 0% used [0x00000000f5580000,0x00000000f5580000,0x00000000fe700000)
  from space 12288K, 94% used [0x00000000fe700000,0x00000000ff261b80,0x00000000ff300000)
  to   space 13312K, 0% used [0x00000000ff300000,0x00000000ff300000,0x0000000100000000)
 ParOldGen       total 236544K, used 60791K [0x00000000e0000000, 0x00000000ee700000, 0x00000000f5580000)
  object space 236544K, 25% used [0x00000000e0000000,0x00000000e3b5dd58,0x00000000ee700000)
 Metaspace       used 57309K, capacity 64072K, committed 64256K, reserved 1103872K
  class space    used 6885K, capacity 8907K, committed 8960K, reserved 1048576K
}
Event: 7.284 GC heap before
{Heap before GC invocations=19 (full 3):
 PSYoungGen      total 161280K, used 160646K [0x00000000f5580000, 0x0000000100000000, 0x0000000100000000)
  eden space 148992K, 100% used [0x00000000f5580000,0x00000000fe700000,0x00000000fe700000)
  from space 12288K, 94% used [0x00000000fe700000,0x00000000ff261b80,0x00000000ff300000)
  to   space 13312K, 0% used [0x00000000ff300000,0x00000000ff300000,0x0000000100000000)
 ParOldGen       total 236544K, used 60791K [0x00000000e0000000, 0x00000000ee700000, 0x00000000f5580000)
  object space 236544K, 25% used [0x00000000e0000000,0x00000000e3b5dd58,0x00000000ee700000)
 Metaspace       used 60448K, capacity 69516K, committed 69632K, reserved 1107968K
  class space    used 7604K, capacity 10194K, committed 10240K, reserved 1048576K
Event: 7.292 GC heap after
Heap after GC invocations=19 (full 3):
 PSYoungGen      total 157184K, used 13305K [0x00000000f5580000, 0x0000000100000000, 0x0000000100000000)
  eden space 143872K, 0% used [0x00000000f5580000,0x00000000f5580000,0x00000000fe200000)
  from space 13312K, 99% used [0x00000000ff300000,0x00000000ffffe700,0x0000000100000000)
  to   space 15360K, 0% used [0x00000000fe200000,0x00000000fe200000,0x00000000ff100000)
 ParOldGen       total 236544K, used 62818K [0x00000000e0000000, 0x00000000ee700000, 0x00000000f5580000)
  object space 236544K, 26% used [0x00000000e0000000,0x00000000e3d58b20,0x00000000ee700000)
 Metaspace       used 60448K, capacity 69516K, committed 69632K, reserved 1107968K
  class space    used 7604K, capacity 10194K, committed 10240K, reserved 1048576K
}
Event: 7.614 GC heap before
{Heap before GC invocations=20 (full 3):
 PSYoungGen      total 157184K, used 157177K [0x00000000f5580000, 0x0000000100000000, 0x0000000100000000)
  eden space 143872K, 100% used [0x00000000f5580000,0x00000000fe200000,0x00000000fe200000)
  from space 13312K, 99% used [0x00000000ff300000,0x00000000ffffe700,0x0000000100000000)
  to   space 15360K, 0% used [0x00000000fe200000,0x00000000fe200000,0x00000000ff100000)
 ParOldGen       total 236544K, used 62818K [0x00000000e0000000, 0x00000000ee700000, 0x00000000f5580000)
  object space 236544K, 26% used [0x00000000e0000000,0x00000000e3d58b20,0x00000000ee700000)
 Metaspace       used 61614K, capacity 70860K, committed 71168K, reserved 1110016K
  class space    used 7782K, capacity 10384K, committed 10496K, reserved 1048576K
Event: 7.623 GC heap after
Heap after GC invocations=20 (full 3):
 PSYoungGen      total 159232K, used 10318K [0x00000000f5580000, 0x0000000100000000, 0x0000000100000000)
  eden space 143872K, 0% used [0x00000000f5580000,0x00000000f5580000,0x00000000fe200000)
  from space 15360K, 67% used [0x00000000fe200000,0x00000000fec13a00,0x00000000ff100000)
  to   space 15360K, 0% used [0x00000000ff100000,0x00000000ff100000,0x0000000100000000)
 ParOldGen       total 236544K, used 68161K [0x00000000e0000000, 0x00000000ee700000, 0x00000000f5580000)
  object space 236544K, 28% used [0x00000000e0000000,0x00000000e4290550,0x00000000ee700000)
 Metaspace       used 61614K, capacity 70860K, committed 71168K, reserved 1110016K
  class space    used 7782K, capacity 10384K, committed 10496K, reserved 1048576K
}
Event: 8.067 GC heap before
{Heap before GC invocations=21 (full 3):
 PSYoungGen      total 159232K, used 154190K [0x00000000f5580000, 0x0000000100000000, 0x0000000100000000)
  eden space 143872K, 100% used [0x00000000f5580000,0x00000000fe200000,0x00000000fe200000)
  from space 15360K, 67% used [0x00000000fe200000,0x00000000fec13a00,0x00000000ff100000)
  to   space 15360K, 0% used [0x00000000ff100000,0x00000000ff100000,0x0000000100000000)
 ParOldGen       total 236544K, used 68161K [0x00000000e0000000, 0x00000000ee700000, 0x00000000f5580000)
  object space 236544K, 28% used [0x00000000e0000000,0x00000000e4290550,0x00000000ee700000)
 Metaspace       used 62971K, capacity 72416K, committed 72576K, reserved 1112064K
  class space    used 7925K, capacity 10566K, committed 10624K, reserved 1048576K
Event: 8.073 GC heap after
Heap after GC invocations=21 (full 3):
 PSYoungGen      total 155136K, used 15358K [0x00000000f5580000, 0x0000000100000000, 0x0000000100000000)
  eden space 139776K, 0% used [0x00000000f5580000,0x00000000f5580000,0x00000000fde00000)
  from space 15360K, 99% used [0x00000000ff100000,0x00000000fffff8e0,0x0000000100000000)
  to   space 17408K, 0% used [0x00000000fde00000,0x00000000fde00000,0x00000000fef00000)
 ParOldGen       total 236544K, used 68209K [0x00000000e0000000, 0x00000000ee700000, 0x00000000f5580000)
  object space 236544K, 28% used [0x00000000e0000000,0x00000000e429c550,0x00000000ee700000)
 Metaspace       used 62971K, capacity 72416K, committed 72576K, reserved 1112064K
  class space    used 7925K, capacity 10566K, committed 10624K, reserved 1048576K
}

