# JRE version: Java(TM) SE Runtime Environment (8.0_111-b14) (build 1.8.0_111-b14)
# Java VM: Java HotSpot(TM) 64-Bit Server VM (25.111-b14 mixed mode windows-amd64 compressed oops)
Heap:
 PSYoungGen      total 151040K, used 110333K [0x00000000f5580000, 0x0000000100000000, 0x0000000100000000)
  eden space 129536K, 68% used [0x00000000f5580000,0x00000000fac41b68,0x00000000fd400000)
  from space 21504K, 99% used [0x00000000fd400000,0x00000000fe8fda80,0x00000000fe900000)
  to   space 23552K, 0% used [0x00000000fe900000,0x00000000fe900000,0x0000000100000000)
 ParOldGen       total 260096K, used 63417K [0x00000000e0000000, 0x00000000efe00000, 0x00000000f5580000)
  object space 260096K, 24% used [0x00000000e0000000,0x00000000e3dee640,0x00000000efe00000)
 Metaspace       used 63540K, capacity 73550K, committed 73728K, reserved 1112064K
  class space    used 7923K, capacity 10690K, committed 10752K, reserved 1048576K
GC Heap History (10 events):
Event: 5.160 GC heap before
{Heap before GC invocations=18 (full 3):
 PSYoungGen      total 156672K, used 148222K [0x00000000f5580000, 0x00000000fff00000, 0x0000000100000000)
  eden space 140800K, 100% used [0x00000000f5580000,0x00000000fdf00000,0x00000000fdf00000)
  from space 15872K, 46% used [0x00000000fef80000,0x00000000ff6bfa38,0x00000000fff00000)
  to   space 16384K, 0% used [0x00000000fdf00000,0x00000000fdf00000,0x00000000fef00000)
 ParOldGen       total 260096K, used 60858K [0x00000000e0000000, 0x00000000efe00000, 0x00000000f5580000)
  object space 260096K, 23% used [0x00000000e0000000,0x00000000e3b6eae8,0x00000000efe00000)
 Metaspace       used 56363K, capacity 62968K, committed 63104K, reserved 1103872K
  class space    used 6742K, capacity 8733K, committed 8832K, reserved 1048576K
Event: 5.167 GC heap after
Heap after GC invocations=18 (full 3):
 PSYoungGen      total 157184K, used 11218K [0x00000000f5580000, 0x0000000100000000, 0x0000000100000000)
  eden space 140800K, 0% used [0x00000000f5580000,0x00000000f5580000,0x00000000fdf00000)
  from space 16384K, 68% used [0x00000000fdf00000,0x00000000fe9f4ba8,0x00000000fef00000)
  to   space 16384K, 0% used [0x00000000ff000000,0x00000000ff000000,0x0000000100000000)
 ParOldGen       total 260096K, used 60866K [0x00000000e0000000, 0x00000000efe00000, 0x00000000f5580000)
  object space 260096K, 23% used [0x00000000e0000000,0x00000000e3b70ae8,0x00000000efe00000)
 Metaspace       used 56363K, capacity 62968K, committed 63104K, reserved 1103872K
  class space    used 6742K, capacity 8733K, committed 8832K, reserved 1048576K
}
Event: 5.634 GC heap before
{Heap before GC invocations=19 (full 3):
 PSYoungGen      total 157184K, used 152018K [0x00000000f5580000, 0x0000000100000000, 0x0000000100000000)
  eden space 140800K, 100% used [0x00000000f5580000,0x00000000fdf00000,0x00000000fdf00000)
  from space 16384K, 68% used [0x00000000fdf00000,0x00000000fe9f4ba8,0x00000000fef00000)
  to   space 16384K, 0% used [0x00000000ff000000,0x00000000ff000000,0x0000000100000000)
 ParOldGen       total 260096K, used 60866K [0x00000000e0000000, 0x00000000efe00000, 0x00000000f5580000)
  object space 260096K, 23% used [0x00000000e0000000,0x00000000e3b70ae8,0x00000000efe00000)
 Metaspace       used 59907K, capacity 68720K, committed 68992K, reserved 1107968K
  class space    used 7495K, capacity 10018K, committed 10112K, reserved 1048576K
Event: 5.641 GC heap after
Heap after GC invocations=19 (full 3):
 PSYoungGen      total 155136K, used 15091K [0x00000000f5580000, 0x0000000100000000, 0x0000000100000000)
  eden space 138752K, 0% used [0x00000000f5580000,0x00000000f5580000,0x00000000fdd00000)
  from space 16384K, 92% used [0x00000000ff000000,0x00000000ffebcf20,0x0000000100000000)
  to   space 17920K, 0% used [0x00000000fdd00000,0x00000000fdd00000,0x00000000fee80000)
 ParOldGen       total 260096K, used 60874K [0x00000000e0000000, 0x00000000efe00000, 0x00000000f5580000)
  object space 260096K, 23% used [0x00000000e0000000,0x00000000e3b72ae8,0x00000000efe00000)
 Metaspace       used 59907K, capacity 68720K, committed 68992K, reserved 1107968K
  class space    used 7495K, capacity 10018K, committed 10112K, reserved 1048576K
}
Event: 5.967 GC heap before
{Heap before GC invocations=20 (full 3):
 PSYoungGen      total 155136K, used 153843K [0x00000000f5580000, 0x0000000100000000, 0x0000000100000000)
  eden space 138752K, 100% used [0x00000000f5580000,0x00000000fdd00000,0x00000000fdd00000)
  from space 16384K, 92% used [0x00000000ff000000,0x00000000ffebcf20,0x0000000100000000)
  to   space 17920K, 0% used [0x00000000fdd00000,0x00000000fdd00000,0x00000000fee80000)
 ParOldGen       total 260096K, used 60874K [0x00000000e0000000, 0x00000000efe00000, 0x00000000f5580000)
  object space 260096K, 23% used [0x00000000e0000000,0x00000000e3b72ae8,0x00000000efe00000)
 Metaspace       used 61586K, capacity 70726K, committed 70784K, reserved 1110016K
  class space    used 7759K, capacity 10351K, committed 10368K, reserved 1048576K
Event: 5.975 GC heap after
Heap after GC invocations=20 (full 3):
 PSYoungGen      total 155648K, used 16384K [0x00000000f5580000, 0x0000000100000000, 0x0000000100000000)
  eden space 138752K, 0% used [0x00000000f5580000,0x00000000f5580000,0x00000000fdd00000)
  from space 16896K, 96% used [0x00000000fdd00000,0x00000000fed000c8,0x00000000fed80000)
  to   space 18944K, 0% used [0x00000000fed80000,0x00000000fed80000,0x0000000100000000)
 ParOldGen       total 260096K, used 60882K [0x00000000e0000000, 0x00000000efe00000, 0x00000000f5580000)
  object space 260096K, 23% used [0x00000000e0000000,0x00000000e3b74ae8,0x00000000efe00000)
 Metaspace       used 61586K, capacity 70726K, committed 70784K, reserved 1110016K
  class space    used 7759K, capacity 10351K, committed 10368K, reserved 1048576K
}
Event: 6.359 GC heap before
{Heap before GC invocations=21 (full 3):
 PSYoungGen      total 155648K, used 155136K [0x00000000f5580000, 0x0000000100000000, 0x0000000100000000)
  eden space 138752K, 100% used [0x00000000f5580000,0x00000000fdd00000,0x00000000fdd00000)
  from space 16896K, 96% used [0x00000000fdd00000,0x00000000fed000c8,0x00000000fed80000)
  to   space 18944K, 0% used [0x00000000fed80000,0x00000000fed80000,0x0000000100000000)
 ParOldGen       total 260096K, used 60882K [0x00000000e0000000, 0x00000000efe00000, 0x00000000f5580000)
  object space 260096K, 23% used [0x00000000e0000000,0x00000000e3b74ae8,0x00000000efe00000)
 Metaspace       used 62857K, capacity 72502K, committed 72576K, reserved 1112064K
  class space    used 7883K, capacity 10573K, committed 10624K, reserved 1048576K
Event: 6.368 GC heap after
Heap after GC invocations=21 (full 3):
 PSYoungGen      total 148480K, used 18934K [0x00000000f5580000, 0x0000000100000000, 0x0000000100000000)
  eden space 129536K, 0% used [0x00000000f5580000,0x00000000f5580000,0x00000000fd400000)
  from space 18944K, 99% used [0x00000000fed80000,0x00000000ffffda88,0x0000000100000000)
  to   space 22528K, 0% used [0x00000000fd400000,0x00000000fd400000,0x00000000fea00000)
 ParOldGen       total 260096K, used 63409K [0x00000000e0000000, 0x00000000efe00000, 0x00000000f5580000)
  object space 260096K, 24% used [0x00000000e0000000,0x00000000e3dec640,0x00000000efe00000)
 Metaspace       used 62857K, capacity 72502K, committed 72576K, reserved 1112064K
  class space    used 7883K, capacity 10573K, committed 10624K, reserved 1048576K
}
Event: 6.616 GC heap before
{Heap before GC invocations=22 (full 3):
 PSYoungGen      total 148480K, used 148470K [0x00000000f5580000, 0x0000000100000000, 0x0000000100000000)
  eden space 129536K, 100% used [0x00000000f5580000,0x00000000fd400000,0x00000000fd400000)
  from space 18944K, 99% used [0x00000000fed80000,0x00000000ffffda88,0x0000000100000000)
  to   space 22528K, 0% used [0x00000000fd400000,0x00000000fd400000,0x00000000fea00000)
 ParOldGen       total 260096K, used 63409K [0x00000000e0000000, 0x00000000efe00000, 0x00000000f5580000)
  object space 260096K, 24% used [0x00000000e0000000,0x00000000e3dec640,0x00000000efe00000)
 Metaspace       used 63345K, capacity 73272K, committed 73472K, reserved 1112064K
  class space    used 7913K, capacity 10655K, committed 10752K, reserved 1048576K
Event: 6.623 GC heap after
Heap after GC invocations=22 (full 3):
 PSYoungGen      total 151040K, used 21494K [0x00000000f5580000, 0x0000000100000000, 0x0000000100000000)
  eden space 129536K, 0% used [0x00000000f5580000,0x00000000f5580000,0x00000000fd400000)
  from space 21504K, 99% used [0x00000000fd400000,0x00000000fe8fda80,0x00000000fe900000)
  to   space 23552K, 0% used [0x00000000fe900000,0x00000000fe900000,0x0000000100000000)
 ParOldGen       total 260096K, used 63417K [0x00000000e0000000, 0x00000000efe00000, 0x00000000f5580000)
  object space 260096K, 24% used [0x00000000e0000000,0x00000000e3dee640,0x00000000efe00000)
 Metaspace       used 63345K, capacity 73272K, committed 73472K, reserved 1112064K
  class space    used 7913K, capacity 10655K, committed 10752K, reserved 1048576K
}

