# JRE version: Java(TM) SE Runtime Environment (8.0_111-b14) (build 1.8.0_111-b14)
# Java VM: Java HotSpot(TM) 64-Bit Server VM (25.111-b14 mixed mode windows-amd64 compressed oops)
Heap:
 PSYoungGen      total 156672K, used 103222K [0x00000000f5580000, 0x0000000100000000, 0x0000000100000000)
  eden space 139776K, 63% used [0x00000000f5580000,0x00000000fac322b8,0x00000000fde00000)
  from space 16896K, 85% used [0x00000000fde00000,0x00000000fec1b828,0x00000000fee80000)
  to   space 17920K, 0% used [0x00000000fee80000,0x00000000fee80000,0x0000000100000000)
 ParOldGen       total 268800K, used 61039K [0x00000000e0000000, 0x00000000f0680000, 0x00000000f5580000)
  object space 268800K, 22% used [0x00000000e0000000,0x00000000e3b9bde0,0x00000000f0680000)
 Metaspace       used 61123K, capacity 69956K, committed 70104K, reserved 1110016K
  class space    used 7675K, capacity 10221K, committed 10240K, reserved 1048576K
GC Heap History (10 events):
Event: 4.988 GC heap before
{Heap before GC invocations=16 (full 3):
 PSYoungGen      total 153600K, used 139776K [0x00000000f5580000, 0x0000000100000000, 0x0000000100000000)
  eden space 139776K, 100% used [0x00000000f5580000,0x00000000fde00000,0x00000000fde00000)
  from space 13824K, 0% used [0x00000000ff280000,0x00000000ff280000,0x0000000100000000)
  to   space 17408K, 0% used [0x00000000fde00000,0x00000000fde00000,0x00000000fef00000)
 ParOldGen       total 268800K, used 60999K [0x00000000e0000000, 0x00000000f0680000, 0x00000000f5580000)
  object space 268800K, 22% used [0x00000000e0000000,0x00000000e3b91de0,0x00000000f0680000)
 Metaspace       used 49727K, capacity 55638K, committed 55768K, reserved 1097728K
  class space    used 6060K, capacity 7846K, committed 7936K, reserved 1048576K
Event: 4.991 GC heap after
Heap after GC invocations=16 (full 3):
 PSYoungGen      total 157184K, used 4599K [0x00000000f5580000, 0x0000000100000000, 0x0000000100000000)
  eden space 139776K, 0% used [0x00000000f5580000,0x00000000f5580000,0x00000000fde00000)
  from space 17408K, 26% used [0x00000000fde00000,0x00000000fe27dfa0,0x00000000fef00000)
  to   space 17408K, 0% used [0x00000000fef00000,0x00000000fef00000,0x0000000100000000)
 ParOldGen       total 268800K, used 61007K [0x00000000e0000000, 0x00000000f0680000, 0x00000000f5580000)
  object space 268800K, 22% used [0x00000000e0000000,0x00000000e3b93de0,0x00000000f0680000)
 Metaspace       used 49727K, capacity 55638K, committed 55768K, reserved 1097728K
  class space    used 6060K, capacity 7846K, committed 7936K, reserved 1048576K
}
Event: 5.368 GC heap before
{Heap before GC invocations=17 (full 3):
 PSYoungGen      total 157184K, used 144375K [0x00000000f5580000, 0x0000000100000000, 0x0000000100000000)
  eden space 139776K, 100% used [0x00000000f5580000,0x00000000fde00000,0x00000000fde00000)
  from space 17408K, 26% used [0x00000000fde00000,0x00000000fe27dfa0,0x00000000fef00000)
  to   space 17408K, 0% used [0x00000000fef00000,0x00000000fef00000,0x0000000100000000)
 ParOldGen       total 268800K, used 61007K [0x00000000e0000000, 0x00000000f0680000, 0x00000000f5580000)
  object space 268800K, 22% used [0x00000000e0000000,0x00000000e3b93de0,0x00000000f0680000)
 Metaspace       used 53500K, capacity 59416K, committed 59608K, reserved 1101824K
  class space    used 6344K, capacity 8139K, committed 8192K, reserved 1048576K
Event: 5.372 GC heap after
Heap after GC invocations=17 (full 3):
 PSYoungGen      total 157184K, used 6230K [0x00000000f5580000, 0x0000000100000000, 0x0000000100000000)
  eden space 139776K, 0% used [0x00000000f5580000,0x00000000f5580000,0x00000000fde00000)
  from space 17408K, 35% used [0x00000000fef00000,0x00000000ff515b78,0x0000000100000000)
  to   space 17408K, 0% used [0x00000000fde00000,0x00000000fde00000,0x00000000fef00000)
 ParOldGen       total 268800K, used 61015K [0x00000000e0000000, 0x00000000f0680000, 0x00000000f5580000)
  object space 268800K, 22% used [0x00000000e0000000,0x00000000e3b95de0,0x00000000f0680000)
 Metaspace       used 53500K, capacity 59416K, committed 59608K, reserved 1101824K
  class space    used 6344K, capacity 8139K, committed 8192K, reserved 1048576K
}
Event: 5.744 GC heap before
{Heap before GC invocations=18 (full 3):
 PSYoungGen      total 157184K, used 146006K [0x00000000f5580000, 0x0000000100000000, 0x0000000100000000)
  eden space 139776K, 100% used [0x00000000f5580000,0x00000000fde00000,0x00000000fde00000)
  from space 17408K, 35% used [0x00000000fef00000,0x00000000ff515b78,0x0000000100000000)
  to   space 17408K, 0% used [0x00000000fde00000,0x00000000fde00000,0x00000000fef00000)
 ParOldGen       total 268800K, used 61015K [0x00000000e0000000, 0x00000000f0680000, 0x00000000f5580000)
  object space 268800K, 22% used [0x00000000e0000000,0x00000000e3b95de0,0x00000000f0680000)
 Metaspace       used 55233K, capacity 61720K, committed 61912K, reserved 1101824K
  class space    used 6664K, capacity 8615K, committed 8704K, reserved 1048576K
Event: 5.749 GC heap after
Heap after GC invocations=18 (full 3):
 PSYoungGen      total 147456K, used 7660K [0x00000000f5580000, 0x00000000fff00000, 0x0000000100000000)
  eden space 139776K, 0% used [0x00000000f5580000,0x00000000f5580000,0x00000000fde00000)
  from space 7680K, 99% used [0x00000000fde00000,0x00000000fe57b338,0x00000000fe580000)
  to   space 16896K, 0% used [0x00000000fee80000,0x00000000fee80000,0x00000000fff00000)
 ParOldGen       total 268800K, used 61023K [0x00000000e0000000, 0x00000000f0680000, 0x00000000f5580000)
  object space 268800K, 22% used [0x00000000e0000000,0x00000000e3b97de0,0x00000000f0680000)
 Metaspace       used 55233K, capacity 61720K, committed 61912K, reserved 1101824K
  class space    used 6664K, capacity 8615K, committed 8704K, reserved 1048576K
}
Event: 6.260 GC heap before
{Heap before GC invocations=19 (full 3):
 PSYoungGen      total 147456K, used 147436K [0x00000000f5580000, 0x00000000fff00000, 0x0000000100000000)
  eden space 139776K, 100% used [0x00000000f5580000,0x00000000fde00000,0x00000000fde00000)
  from space 7680K, 99% used [0x00000000fde00000,0x00000000fe57b338,0x00000000fe580000)
  to   space 16896K, 0% used [0x00000000fee80000,0x00000000fee80000,0x00000000fff00000)
 ParOldGen       total 268800K, used 61023K [0x00000000e0000000, 0x00000000f0680000, 0x00000000f5580000)
  object space 268800K, 22% used [0x00000000e0000000,0x00000000e3b97de0,0x00000000f0680000)
 Metaspace       used 59401K, capacity 67778K, committed 68056K, reserved 1107968K
  class space    used 7437K, capacity 9890K, committed 9984K, reserved 1048576K
Event: 6.268 GC heap after
Heap after GC invocations=19 (full 3):
 PSYoungGen      total 156672K, used 11273K [0x00000000f5580000, 0x0000000100000000, 0x0000000100000000)
  eden space 139776K, 0% used [0x00000000f5580000,0x00000000f5580000,0x00000000fde00000)
  from space 16896K, 66% used [0x00000000fee80000,0x00000000ff982730,0x00000000fff00000)
  to   space 16896K, 0% used [0x00000000fde00000,0x00000000fde00000,0x00000000fee80000)
 ParOldGen       total 268800K, used 61031K [0x00000000e0000000, 0x00000000f0680000, 0x00000000f5580000)
  object space 268800K, 22% used [0x00000000e0000000,0x00000000e3b99de0,0x00000000f0680000)
 Metaspace       used 59401K, capacity 67778K, committed 68056K, reserved 1107968K
  class space    used 7437K, capacity 9890K, committed 9984K, reserved 1048576K
}
Event: 6.704 GC heap before
{Heap before GC invocations=20 (full 3):
 PSYoungGen      total 156672K, used 151049K [0x00000000f5580000, 0x0000000100000000, 0x0000000100000000)
  eden space 139776K, 100% used [0x00000000f5580000,0x00000000fde00000,0x00000000fde00000)
  from space 16896K, 66% used [0x00000000fee80000,0x00000000ff982730,0x00000000fff00000)
  to   space 16896K, 0% used [0x00000000fde00000,0x00000000fde00000,0x00000000fee80000)
 ParOldGen       total 268800K, used 61031K [0x00000000e0000000, 0x00000000f0680000, 0x00000000f5580000)
  object space 268800K, 22% used [0x00000000e0000000,0x00000000e3b99de0,0x00000000f0680000)
 Metaspace       used 61076K, capacity 69860K, committed 70104K, reserved 1110016K
  class space    used 7672K, capacity 10215K, committed 10240K, reserved 1048576K
Event: 6.711 GC heap after
Heap after GC invocations=20 (full 3):
 PSYoungGen      total 156672K, used 14446K [0x00000000f5580000, 0x0000000100000000, 0x0000000100000000)
  eden space 139776K, 0% used [0x00000000f5580000,0x00000000f5580000,0x00000000fde00000)
  from space 16896K, 85% used [0x00000000fde00000,0x00000000fec1b828,0x00000000fee80000)
  to   space 17920K, 0% used [0x00000000fee80000,0x00000000fee80000,0x0000000100000000)
 ParOldGen       total 268800K, used 61039K [0x00000000e0000000, 0x00000000f0680000, 0x00000000f5580000)
  object space 268800K, 22% used [0x00000000e0000000,0x00000000e3b9bde0,0x00000000f0680000)
 Metaspace       used 61076K, capacity 69860K, committed 70104K, reserved 1110016K
  class space    used 7672K, capacity 10215K, committed 10240K, reserved 1048576K
}

