# JRE version: Java(TM) SE Runtime Environment (8.0_111-b14) (build 1.8.0_111-b14)
# Java VM: Java HotSpot(TM) 64-Bit Server VM (25.111-b14 mixed mode windows-amd64 compressed oops)
Heap:
 PSYoungGen      total 146944K, used 83002K [0x00000000f5580000, 0x0000000100000000, 0x0000000100000000)
  eden space 124416K, 54% used [0x00000000f5580000,0x00000000f97a1070,0x00000000fcf00000)
  from space 22528K, 67% used [0x00000000fea00000,0x00000000ff8eda60,0x0000000100000000)
  to   space 25088K, 0% used [0x00000000fcf00000,0x00000000fcf00000,0x00000000fe780000)
 ParOldGen       total 254976K, used 65022K [0x00000000e0000000, 0x00000000ef900000, 0x00000000f5580000)
  object space 254976K, 25% used [0x00000000e0000000,0x00000000e3f7f8d8,0x00000000ef900000)
 Metaspace       used 62453K, capacity 71657K, committed 71856K, reserved 1110016K
  class space    used 7790K, capacity 10351K, committed 10416K, reserved 1048576K
GC Heap History (10 events):
Event: 6.735 GC heap before
{Heap before GC invocations=17 (full 3):
 PSYoungGen      total 158720K, used 156983K [0x00000000f5580000, 0x0000000100000000, 0x0000000100000000)
  eden space 143872K, 100% used [0x00000000f5580000,0x00000000fe200000,0x00000000fe200000)
  from space 14848K, 88% used [0x00000000fe200000,0x00000000feecdfd8,0x00000000ff080000)
  to   space 15872K, 0% used [0x00000000ff080000,0x00000000ff080000,0x0000000100000000)
 ParOldGen       total 254976K, used 52191K [0x00000000e0000000, 0x00000000ef900000, 0x00000000f5580000)
  object space 254976K, 20% used [0x00000000e0000000,0x00000000e32f7c80,0x00000000ef900000)
 Metaspace       used 54647K, capacity 60679K, committed 60848K, reserved 1101824K
  class space    used 6459K, capacity 8277K, committed 8368K, reserved 1048576K
Event: 6.742 GC heap after
Heap after GC invocations=17 (full 3):
 PSYoungGen      total 155648K, used 15836K [0x00000000f5580000, 0x0000000100000000, 0x0000000100000000)
  eden space 139776K, 0% used [0x00000000f5580000,0x00000000f5580000,0x00000000fde00000)
  from space 15872K, 99% used [0x00000000ff080000,0x00000000ffff73b8,0x0000000100000000)
  to   space 17408K, 0% used [0x00000000fde00000,0x00000000fde00000,0x00000000fef00000)
 ParOldGen       total 254976K, used 52199K [0x00000000e0000000, 0x00000000ef900000, 0x00000000f5580000)
  object space 254976K, 20% used [0x00000000e0000000,0x00000000e32f9c80,0x00000000ef900000)
 Metaspace       used 54647K, capacity 60679K, committed 60848K, reserved 1101824K
  class space    used 6459K, capacity 8277K, committed 8368K, reserved 1048576K
}
Event: 7.250 GC heap before
{Heap before GC invocations=18 (full 3):
 PSYoungGen      total 155648K, used 155612K [0x00000000f5580000, 0x0000000100000000, 0x0000000100000000)
  eden space 139776K, 100% used [0x00000000f5580000,0x00000000fde00000,0x00000000fde00000)
  from space 15872K, 99% used [0x00000000ff080000,0x00000000ffff73b8,0x0000000100000000)
  to   space 17408K, 0% used [0x00000000fde00000,0x00000000fde00000,0x00000000fef00000)
 ParOldGen       total 254976K, used 52199K [0x00000000e0000000, 0x00000000ef900000, 0x00000000f5580000)
  object space 254976K, 20% used [0x00000000e0000000,0x00000000e32f9c80,0x00000000ef900000)
 Metaspace       used 59155K, capacity 67523K, committed 67760K, reserved 1107968K
  class space    used 7353K, capacity 9803K, committed 9904K, reserved 1048576K
Event: 7.259 GC heap after
Heap after GC invocations=18 (full 3):
 PSYoungGen      total 157184K, used 17398K [0x00000000f5580000, 0x0000000100000000, 0x0000000100000000)
  eden space 139776K, 0% used [0x00000000f5580000,0x00000000f5580000,0x00000000fde00000)
  from space 17408K, 99% used [0x00000000fde00000,0x00000000feefda80,0x00000000fef00000)
  to   space 17408K, 0% used [0x00000000fef00000,0x00000000fef00000,0x0000000100000000)
 ParOldGen       total 254976K, used 54237K [0x00000000e0000000, 0x00000000ef900000, 0x00000000f5580000)
  object space 254976K, 21% used [0x00000000e0000000,0x00000000e34f7660,0x00000000ef900000)
 Metaspace       used 59155K, capacity 67523K, committed 67760K, reserved 1107968K
  class space    used 7353K, capacity 9803K, committed 9904K, reserved 1048576K
}
Event: 7.537 GC heap before
{Heap before GC invocations=19 (full 3):
 PSYoungGen      total 157184K, used 157174K [0x00000000f5580000, 0x0000000100000000, 0x0000000100000000)
  eden space 139776K, 100% used [0x00000000f5580000,0x00000000fde00000,0x00000000fde00000)
  from space 17408K, 99% used [0x00000000fde00000,0x00000000feefda80,0x00000000fef00000)
  to   space 17408K, 0% used [0x00000000fef00000,0x00000000fef00000,0x0000000100000000)
 ParOldGen       total 254976K, used 54237K [0x00000000e0000000, 0x00000000ef900000, 0x00000000f5580000)
  object space 254976K, 21% used [0x00000000e0000000,0x00000000e34f7660,0x00000000ef900000)
 Metaspace       used 60306K, capacity 68965K, committed 69296K, reserved 1107968K
  class space    used 7547K, capacity 10035K, committed 10160K, reserved 1048576K
Event: 7.546 GC heap after
Heap after GC invocations=19 (full 3):
 PSYoungGen      total 146944K, used 17398K [0x00000000f5580000, 0x0000000100000000, 0x0000000100000000)
  eden space 129536K, 0% used [0x00000000f5580000,0x00000000f5580000,0x00000000fd400000)
  from space 17408K, 99% used [0x00000000fef00000,0x00000000ffffda80,0x0000000100000000)
  to   space 22528K, 0% used [0x00000000fd400000,0x00000000fd400000,0x00000000fea00000)
 ParOldGen       total 254976K, used 56338K [0x00000000e0000000, 0x00000000ef900000, 0x00000000f5580000)
  object space 254976K, 22% used [0x00000000e0000000,0x00000000e37048e8,0x00000000ef900000)
 Metaspace       used 60306K, capacity 68965K, committed 69296K, reserved 1107968K
  class space    used 7547K, capacity 10035K, committed 10160K, reserved 1048576K
}
Event: 7.939 GC heap before
{Heap before GC invocations=20 (full 3):
 PSYoungGen      total 146944K, used 146934K [0x00000000f5580000, 0x0000000100000000, 0x0000000100000000)
  eden space 129536K, 100% used [0x00000000f5580000,0x00000000fd400000,0x00000000fd400000)
  from space 17408K, 99% used [0x00000000fef00000,0x00000000ffffda80,0x0000000100000000)
  to   space 22528K, 0% used [0x00000000fd400000,0x00000000fd400000,0x00000000fea00000)
 ParOldGen       total 254976K, used 56338K [0x00000000e0000000, 0x00000000ef900000, 0x00000000f5580000)
  object space 254976K, 22% used [0x00000000e0000000,0x00000000e37048e8,0x00000000ef900000)
 Metaspace       used 62043K, capacity 70935K, committed 71088K, reserved 1110016K
  class space    used 7763K, capacity 10290K, committed 10416K, reserved 1048576K
Event: 7.951 GC heap after
Heap after GC invocations=20 (full 3):
 PSYoungGen      total 152064K, used 22507K [0x00000000f5580000, 0x0000000100000000, 0x0000000100000000)
  eden space 129536K, 0% used [0x00000000f5580000,0x00000000f5580000,0x00000000fd400000)
  from space 22528K, 99% used [0x00000000fd400000,0x00000000fe9faf58,0x00000000fea00000)
  to   space 22528K, 0% used [0x00000000fea00000,0x00000000fea00000,0x0000000100000000)
 ParOldGen       total 254976K, used 56386K [0x00000000e0000000, 0x00000000ef900000, 0x00000000f5580000)
  object space 254976K, 22% used [0x00000000e0000000,0x00000000e3710a10,0x00000000ef900000)
 Metaspace       used 62043K, capacity 70935K, committed 71088K, reserved 1110016K
  class space    used 7763K, capacity 10290K, committed 10416K, reserved 1048576K
}
Event: 8.189 GC heap before
{Heap before GC invocations=21 (full 3):
 PSYoungGen      total 152064K, used 152043K [0x00000000f5580000, 0x0000000100000000, 0x0000000100000000)
  eden space 129536K, 100% used [0x00000000f5580000,0x00000000fd400000,0x00000000fd400000)
  from space 22528K, 99% used [0x00000000fd400000,0x00000000fe9faf58,0x00000000fea00000)
  to   space 22528K, 0% used [0x00000000fea00000,0x00000000fea00000,0x0000000100000000)
 ParOldGen       total 254976K, used 56386K [0x00000000e0000000, 0x00000000ef900000, 0x00000000f5580000)
  object space 254976K, 22% used [0x00000000e0000000,0x00000000e3710a10,0x00000000ef900000)
 Metaspace       used 62205K, capacity 71341K, committed 71600K, reserved 1110016K
  class space    used 7775K, capacity 10309K, committed 10416K, reserved 1048576K
Event: 8.198 GC heap after
Heap after GC invocations=21 (full 3):
 PSYoungGen      total 146944K, used 15286K [0x00000000f5580000, 0x0000000100000000, 0x0000000100000000)
  eden space 124416K, 0% used [0x00000000f5580000,0x00000000f5580000,0x00000000fcf00000)
  from space 22528K, 67% used [0x00000000fea00000,0x00000000ff8eda60,0x0000000100000000)
  to   space 25088K, 0% used [0x00000000fcf00000,0x00000000fcf00000,0x00000000fe780000)
 ParOldGen       total 254976K, used 65022K [0x00000000e0000000, 0x00000000ef900000, 0x00000000f5580000)
  object space 254976K, 25% used [0x00000000e0000000,0x00000000e3f7f8d8,0x00000000ef900000)
 Metaspace       used 62205K, capacity 71341K, committed 71600K, reserved 1110016K
  class space    used 7775K, capacity 10309K, committed 10416K, reserved 1048576K
}

