# JRE version: Java(TM) SE Runtime Environment (8.0_111-b14) (build 1.8.0_111-b14)
# Java VM: Java HotSpot(TM) 64-Bit Server VM (25.111-b14 mixed mode windows-amd64 compressed oops)
Heap:
 PSYoungGen      total 156160K, used 156159K [0x00000000f5580000, 0x0000000100000000, 0x0000000100000000)
  eden space 137728K, 100% used [0x00000000f5580000,0x00000000fdc00000,0x00000000fdc00000)
  from space 18432K, 99% used [0x00000000fdc00000,0x00000000fedffef0,0x00000000fee00000)
  to   space 18432K, 0% used [0x00000000fee00000,0x00000000fee00000,0x0000000100000000)
 ParOldGen       total 263168K, used 63928K [0x00000000e0000000, 0x00000000f0100000, 0x00000000f5580000)
  object space 263168K, 24% used [0x00000000e0000000,0x00000000e3e6e050,0x00000000f0100000)
 Metaspace       used 61459K, capacity 70632K, committed 70872K, reserved 1110016K
  class space    used 7584K, capacity 10164K, committed 10240K, reserved 1048576K
GC Heap History (10 events):
Event: 4.753 GC heap before
{Heap before GC invocations=16 (full 3):
 PSYoungGen      total 156160K, used 141824K [0x00000000f5580000, 0x0000000100000000, 0x0000000100000000)
  eden space 141824K, 100% used [0x00000000f5580000,0x00000000fe000000,0x00000000fe000000)
  from space 14336K, 0% used [0x00000000ff200000,0x00000000ff200000,0x0000000100000000)
  to   space 16384K, 0% used [0x00000000fe000000,0x00000000fe000000,0x00000000ff000000)
 ParOldGen       total 263168K, used 60827K [0x00000000e0000000, 0x00000000f0100000, 0x00000000f5580000)
  object space 263168K, 23% used [0x00000000e0000000,0x00000000e3b66dd0,0x00000000f0100000)
 Metaspace       used 49665K, capacity 55578K, committed 55768K, reserved 1097728K
  class space    used 6056K, capacity 7846K, committed 7936K, reserved 1048576K
Event: 4.758 GC heap after
Heap after GC invocations=16 (full 3):
 PSYoungGen      total 158208K, used 5639K [0x00000000f5580000, 0x0000000100000000, 0x0000000100000000)
  eden space 141824K, 0% used [0x00000000f5580000,0x00000000f5580000,0x00000000fe000000)
  from space 16384K, 34% used [0x00000000fe000000,0x00000000fe581fb8,0x00000000ff000000)
  to   space 16384K, 0% used [0x00000000ff000000,0x00000000ff000000,0x0000000100000000)
 ParOldGen       total 263168K, used 60835K [0x00000000e0000000, 0x00000000f0100000, 0x00000000f5580000)
  object space 263168K, 23% used [0x00000000e0000000,0x00000000e3b68dd0,0x00000000f0100000)
 Metaspace       used 49665K, capacity 55578K, committed 55768K, reserved 1097728K
  class space    used 6056K, capacity 7846K, committed 7936K, reserved 1048576K
}
Event: 5.048 GC heap before
{Heap before GC invocations=17 (full 3):
 PSYoungGen      total 158208K, used 147463K [0x00000000f5580000, 0x0000000100000000, 0x0000000100000000)
  eden space 141824K, 100% used [0x00000000f5580000,0x00000000fe000000,0x00000000fe000000)
  from space 16384K, 34% used [0x00000000fe000000,0x00000000fe581fb8,0x00000000ff000000)
  to   space 16384K, 0% used [0x00000000ff000000,0x00000000ff000000,0x0000000100000000)
 ParOldGen       total 263168K, used 60835K [0x00000000e0000000, 0x00000000f0100000, 0x00000000f5580000)
  object space 263168K, 23% used [0x00000000e0000000,0x00000000e3b68dd0,0x00000000f0100000)
 Metaspace       used 53414K, capacity 59356K, committed 59608K, reserved 1101824K
  class space    used 6339K, capacity 8139K, committed 8192K, reserved 1048576K
Event: 5.052 GC heap after
Heap after GC invocations=17 (full 3):
 PSYoungGen      total 157184K, used 7305K [0x00000000f5580000, 0x00000000fff00000, 0x0000000100000000)
  eden space 141824K, 0% used [0x00000000f5580000,0x00000000f5580000,0x00000000fe000000)
  from space 15360K, 47% used [0x00000000ff000000,0x00000000ff722508,0x00000000fff00000)
  to   space 15872K, 0% used [0x00000000fe000000,0x00000000fe000000,0x00000000fef80000)
 ParOldGen       total 263168K, used 60843K [0x00000000e0000000, 0x00000000f0100000, 0x00000000f5580000)
  object space 263168K, 23% used [0x00000000e0000000,0x00000000e3b6add0,0x00000000f0100000)
 Metaspace       used 53414K, capacity 59356K, committed 59608K, reserved 1101824K
  class space    used 6339K, capacity 8139K, committed 8192K, reserved 1048576K
}
Event: 5.403 GC heap before
{Heap before GC invocations=18 (full 3):
 PSYoungGen      total 157184K, used 149129K [0x00000000f5580000, 0x00000000fff00000, 0x0000000100000000)
  eden space 141824K, 100% used [0x00000000f5580000,0x00000000fe000000,0x00000000fe000000)
  from space 15360K, 47% used [0x00000000ff000000,0x00000000ff722508,0x00000000fff00000)
  to   space 15872K, 0% used [0x00000000fe000000,0x00000000fe000000,0x00000000fef80000)
 ParOldGen       total 263168K, used 60843K [0x00000000e0000000, 0x00000000f0100000, 0x00000000f5580000)
  object space 263168K, 23% used [0x00000000e0000000,0x00000000e3b6add0,0x00000000f0100000)
 Metaspace       used 56390K, capacity 63020K, committed 63320K, reserved 1103872K
  class space    used 6739K, capacity 8733K, committed 8832K, reserved 1048576K
Event: 5.409 GC heap after
Heap after GC invocations=18 (full 3):
 PSYoungGen      total 157696K, used 11103K [0x00000000f5580000, 0x0000000100000000, 0x0000000100000000)
  eden space 141824K, 0% used [0x00000000f5580000,0x00000000f5580000,0x00000000fe000000)
  from space 15872K, 69% used [0x00000000fe000000,0x00000000fead7fb8,0x00000000fef80000)
  to   space 15872K, 0% used [0x00000000ff080000,0x00000000ff080000,0x0000000100000000)
 ParOldGen       total 263168K, used 60851K [0x00000000e0000000, 0x00000000f0100000, 0x00000000f5580000)
  object space 263168K, 23% used [0x00000000e0000000,0x00000000e3b6cdd0,0x00000000f0100000)
 Metaspace       used 56390K, capacity 63020K, committed 63320K, reserved 1103872K
  class space    used 6739K, capacity 8733K, committed 8832K, reserved 1048576K
}
Event: 5.850 GC heap before
{Heap before GC invocations=19 (full 3):
 PSYoungGen      total 157696K, used 152927K [0x00000000f5580000, 0x0000000100000000, 0x0000000100000000)
  eden space 141824K, 100% used [0x00000000f5580000,0x00000000fe000000,0x00000000fe000000)
  from space 15872K, 69% used [0x00000000fe000000,0x00000000fead7fb8,0x00000000fef80000)
  to   space 15872K, 0% used [0x00000000ff080000,0x00000000ff080000,0x0000000100000000)
 ParOldGen       total 263168K, used 60851K [0x00000000e0000000, 0x00000000f0100000, 0x00000000f5580000)
  object space 263168K, 23% used [0x00000000e0000000,0x00000000e3b6cdd0,0x00000000f0100000)
 Metaspace       used 60727K, capacity 69242K, committed 69464K, reserved 1107968K
  class space    used 7516K, capacity 10009K, committed 10112K, reserved 1048576K
Event: 5.858 GC heap after
Heap after GC invocations=19 (full 3):
 PSYoungGen      total 153600K, used 15862K [0x00000000f5580000, 0x0000000100000000, 0x0000000100000000)
  eden space 137728K, 0% used [0x00000000f5580000,0x00000000f5580000,0x00000000fdc00000)
  from space 15872K, 99% used [0x00000000ff080000,0x00000000ffffd838,0x0000000100000000)
  to   space 18432K, 0% used [0x00000000fdc00000,0x00000000fdc00000,0x00000000fee00000)
 ParOldGen       total 263168K, used 61849K [0x00000000e0000000, 0x00000000f0100000, 0x00000000f5580000)
  object space 263168K, 23% used [0x00000000e0000000,0x00000000e3c66778,0x00000000f0100000)
 Metaspace       used 60727K, capacity 69242K, committed 69464K, reserved 1107968K
  class space    used 7516K, capacity 10009K, committed 10112K, reserved 1048576K
}
Event: 6.142 GC heap before
{Heap before GC invocations=20 (full 3):
 PSYoungGen      total 153600K, used 153590K [0x00000000f5580000, 0x0000000100000000, 0x0000000100000000)
  eden space 137728K, 100% used [0x00000000f5580000,0x00000000fdc00000,0x00000000fdc00000)
  from space 15872K, 99% used [0x00000000ff080000,0x00000000ffffd838,0x0000000100000000)
  to   space 18432K, 0% used [0x00000000fdc00000,0x00000000fdc00000,0x00000000fee00000)
 ParOldGen       total 263168K, used 61849K [0x00000000e0000000, 0x00000000f0100000, 0x00000000f5580000)
  object space 263168K, 23% used [0x00000000e0000000,0x00000000e3c66778,0x00000000f0100000)
 Metaspace       used 60945K, capacity 69740K, committed 69976K, reserved 1110016K
  class space    used 7528K, capacity 10030K, committed 10112K, reserved 1048576K
Event: 6.151 GC heap after
Heap after GC invocations=20 (full 3):
 PSYoungGen      total 156160K, used 18431K [0x00000000f5580000, 0x0000000100000000, 0x0000000100000000)
  eden space 137728K, 0% used [0x00000000f5580000,0x00000000f5580000,0x00000000fdc00000)
  from space 18432K, 99% used [0x00000000fdc00000,0x00000000fedffef0,0x00000000fee00000)
  to   space 18432K, 0% used [0x00000000fee00000,0x00000000fee00000,0x0000000100000000)
 ParOldGen       total 263168K, used 63928K [0x00000000e0000000, 0x00000000f0100000, 0x00000000f5580000)
  object space 263168K, 24% used [0x00000000e0000000,0x00000000e3e6e050,0x00000000f0100000)
 Metaspace       used 60945K, capacity 69740K, committed 69976K, reserved 1110016K
  class space    used 7528K, capacity 10030K, committed 10112K, reserved 1048576K
}

