# JRE version: Java(TM) SE Runtime Environment (8.0_111-b14) (build 1.8.0_111-b14)
# Java VM: Java HotSpot(TM) 64-Bit Server VM (25.111-b14 mixed mode windows-amd64 compressed oops)
Heap:
 PSYoungGen      total 150016K, used 93670K [0x00000000f5580000, 0x0000000100000000, 0x0000000100000000)
  eden space 128512K, 56% used [0x00000000f5580000,0x00000000f9c12130,0x00000000fd300000)
  from space 21504K, 99% used [0x00000000fd300000,0x00000000fe7e7950,0x00000000fe800000)
  to   space 24576K, 0% used [0x00000000fe800000,0x00000000fe800000,0x0000000100000000)
 ParOldGen       total 263168K, used 63328K [0x00000000e0000000, 0x00000000f0100000, 0x00000000f5580000)
  object space 263168K, 24% used [0x00000000e0000000,0x00000000e3dd8328,0x00000000f0100000)
 Metaspace       used 63541K, capacity 73558K, committed 73728K, reserved 1112064K
  class space    used 7931K, capacity 10690K, committed 10752K, reserved 1048576K
GC Heap History (10 events):
Event: 5.261 GC heap before
{Heap before GC invocations=18 (full 3):
 PSYoungGen      total 156672K, used 148135K [0x00000000f5580000, 0x00000000fff00000, 0x0000000100000000)
  eden space 140800K, 100% used [0x00000000f5580000,0x00000000fdf00000,0x00000000fdf00000)
  from space 15872K, 46% used [0x00000000fef80000,0x00000000ff6a9e30,0x00000000fff00000)
  to   space 16384K, 0% used [0x00000000fdf00000,0x00000000fdf00000,0x00000000fef00000)
 ParOldGen       total 263168K, used 60813K [0x00000000e0000000, 0x00000000f0100000, 0x00000000f5580000)
  object space 263168K, 23% used [0x00000000e0000000,0x00000000e3b63520,0x00000000f0100000)
 Metaspace       used 56374K, capacity 63012K, committed 63360K, reserved 1103872K
  class space    used 6746K, capacity 8733K, committed 8832K, reserved 1048576K
Event: 5.268 GC heap after
Heap after GC invocations=18 (full 3):
 PSYoungGen      total 157184K, used 10994K [0x00000000f5580000, 0x0000000100000000, 0x0000000100000000)
  eden space 140800K, 0% used [0x00000000f5580000,0x00000000f5580000,0x00000000fdf00000)
  from space 16384K, 67% used [0x00000000fdf00000,0x00000000fe9bc8f0,0x00000000fef00000)
  to   space 16384K, 0% used [0x00000000ff000000,0x00000000ff000000,0x0000000100000000)
 ParOldGen       total 263168K, used 60821K [0x00000000e0000000, 0x00000000f0100000, 0x00000000f5580000)
  object space 263168K, 23% used [0x00000000e0000000,0x00000000e3b65520,0x00000000f0100000)
 Metaspace       used 56374K, capacity 63012K, committed 63360K, reserved 1103872K
  class space    used 6746K, capacity 8733K, committed 8832K, reserved 1048576K
}
Event: 5.767 GC heap before
{Heap before GC invocations=19 (full 3):
 PSYoungGen      total 157184K, used 151794K [0x00000000f5580000, 0x0000000100000000, 0x0000000100000000)
  eden space 140800K, 100% used [0x00000000f5580000,0x00000000fdf00000,0x00000000fdf00000)
  from space 16384K, 67% used [0x00000000fdf00000,0x00000000fe9bc8f0,0x00000000fef00000)
  to   space 16384K, 0% used [0x00000000ff000000,0x00000000ff000000,0x0000000100000000)
 ParOldGen       total 263168K, used 60821K [0x00000000e0000000, 0x00000000f0100000, 0x00000000f5580000)
  object space 263168K, 23% used [0x00000000e0000000,0x00000000e3b65520,0x00000000f0100000)
 Metaspace       used 59890K, capacity 68634K, committed 68736K, reserved 1107968K
  class space    used 7500K, capacity 10019K, committed 10112K, reserved 1048576K
Event: 5.776 GC heap after
Heap after GC invocations=19 (full 3):
 PSYoungGen      total 155136K, used 15153K [0x00000000f5580000, 0x0000000100000000, 0x0000000100000000)
  eden space 138752K, 0% used [0x00000000f5580000,0x00000000f5580000,0x00000000fdd00000)
  from space 16384K, 92% used [0x00000000ff000000,0x00000000ffecc648,0x0000000100000000)
  to   space 17920K, 0% used [0x00000000fdd00000,0x00000000fdd00000,0x00000000fee80000)
 ParOldGen       total 263168K, used 60829K [0x00000000e0000000, 0x00000000f0100000, 0x00000000f5580000)
  object space 263168K, 23% used [0x00000000e0000000,0x00000000e3b67520,0x00000000f0100000)
 Metaspace       used 59890K, capacity 68634K, committed 68736K, reserved 1107968K
  class space    used 7500K, capacity 10019K, committed 10112K, reserved 1048576K
}
Event: 6.101 GC heap before
{Heap before GC invocations=20 (full 3):
 PSYoungGen      total 155136K, used 153905K [0x00000000f5580000, 0x0000000100000000, 0x0000000100000000)
  eden space 138752K, 100% used [0x00000000f5580000,0x00000000fdd00000,0x00000000fdd00000)
  from space 16384K, 92% used [0x00000000ff000000,0x00000000ffecc648,0x0000000100000000)
  to   space 17920K, 0% used [0x00000000fdd00000,0x00000000fdd00000,0x00000000fee80000)
 ParOldGen       total 263168K, used 60829K [0x00000000e0000000, 0x00000000f0100000, 0x00000000f5580000)
  object space 263168K, 23% used [0x00000000e0000000,0x00000000e3b67520,0x00000000f0100000)
 Metaspace       used 61621K, capacity 70760K, committed 70912K, reserved 1110016K
  class space    used 7774K, capacity 10384K, committed 10496K, reserved 1048576K
Event: 6.109 GC heap after
Heap after GC invocations=20 (full 3):
 PSYoungGen      total 155648K, used 16694K [0x00000000f5580000, 0x0000000100000000, 0x0000000100000000)
  eden space 138752K, 0% used [0x00000000f5580000,0x00000000f5580000,0x00000000fdd00000)
  from space 16896K, 98% used [0x00000000fdd00000,0x00000000fed4da88,0x00000000fed80000)
  to   space 18944K, 0% used [0x00000000fed80000,0x00000000fed80000,0x0000000100000000)
 ParOldGen       total 263168K, used 60837K [0x00000000e0000000, 0x00000000f0100000, 0x00000000f5580000)
  object space 263168K, 23% used [0x00000000e0000000,0x00000000e3b69520,0x00000000f0100000)
 Metaspace       used 61621K, capacity 70760K, committed 70912K, reserved 1110016K
  class space    used 7774K, capacity 10384K, committed 10496K, reserved 1048576K
}
Event: 6.493 GC heap before
{Heap before GC invocations=21 (full 3):
 PSYoungGen      total 155648K, used 155446K [0x00000000f5580000, 0x0000000100000000, 0x0000000100000000)
  eden space 138752K, 100% used [0x00000000f5580000,0x00000000fdd00000,0x00000000fdd00000)
  from space 16896K, 98% used [0x00000000fdd00000,0x00000000fed4da88,0x00000000fed80000)
  to   space 18944K, 0% used [0x00000000fed80000,0x00000000fed80000,0x0000000100000000)
 ParOldGen       total 263168K, used 60837K [0x00000000e0000000, 0x00000000f0100000, 0x00000000f5580000)
  object space 263168K, 23% used [0x00000000e0000000,0x00000000e3b69520,0x00000000f0100000)
 Metaspace       used 62862K, capacity 72506K, committed 72576K, reserved 1112064K
  class space    used 7892K, capacity 10573K, committed 10624K, reserved 1048576K
Event: 6.504 GC heap after
Heap after GC invocations=21 (full 3):
 PSYoungGen      total 147456K, used 18921K [0x00000000f5580000, 0x0000000100000000, 0x0000000100000000)
  eden space 128512K, 0% used [0x00000000f5580000,0x00000000f5580000,0x00000000fd300000)
  from space 18944K, 99% used [0x00000000fed80000,0x00000000ffffa408,0x0000000100000000)
  to   space 23040K, 0% used [0x00000000fd300000,0x00000000fd300000,0x00000000fe980000)
 ParOldGen       total 263168K, used 63320K [0x00000000e0000000, 0x00000000f0100000, 0x00000000f5580000)
  object space 263168K, 24% used [0x00000000e0000000,0x00000000e3dd6328,0x00000000f0100000)
 Metaspace       used 62862K, capacity 72506K, committed 72576K, reserved 1112064K
  class space    used 7892K, capacity 10573K, committed 10624K, reserved 1048576K
}
Event: 6.758 GC heap before
{Heap before GC invocations=22 (full 3):
 PSYoungGen      total 147456K, used 147433K [0x00000000f5580000, 0x0000000100000000, 0x0000000100000000)
  eden space 128512K, 100% used [0x00000000f5580000,0x00000000fd300000,0x00000000fd300000)
  from space 18944K, 99% used [0x00000000fed80000,0x00000000ffffa408,0x0000000100000000)
  to   space 23040K, 0% used [0x00000000fd300000,0x00000000fd300000,0x00000000fe980000)
 ParOldGen       total 263168K, used 63320K [0x00000000e0000000, 0x00000000f0100000, 0x00000000f5580000)
  object space 263168K, 24% used [0x00000000e0000000,0x00000000e3dd6328,0x00000000f0100000)
 Metaspace       used 63344K, capacity 73288K, committed 73472K, reserved 1112064K
  class space    used 7922K, capacity 10655K, committed 10752K, reserved 1048576K
Event: 6.766 GC heap after
Heap after GC invocations=22 (full 3):
 PSYoungGen      total 150016K, used 21406K [0x00000000f5580000, 0x0000000100000000, 0x0000000100000000)
  eden space 128512K, 0% used [0x00000000f5580000,0x00000000f5580000,0x00000000fd300000)
  from space 21504K, 99% used [0x00000000fd300000,0x00000000fe7e7950,0x00000000fe800000)
  to   space 24576K, 0% used [0x00000000fe800000,0x00000000fe800000,0x0000000100000000)
 ParOldGen       total 263168K, used 63328K [0x00000000e0000000, 0x00000000f0100000, 0x00000000f5580000)
  object space 263168K, 24% used [0x00000000e0000000,0x00000000e3dd8328,0x00000000f0100000)
 Metaspace       used 63344K, capacity 73288K, committed 73472K, reserved 1112064K
  class space    used 7922K, capacity 10655K, committed 10752K, reserved 1048576K
}

