# JRE version: Java(TM) SE Runtime Environment (8.0_111-b14) (build 1.8.0_111-b14)
# Java VM: Java HotSpot(TM) 64-Bit Server VM (25.111-b14 mixed mode windows-amd64 compressed oops)
Heap:
 PSYoungGen      total 156672K, used 131235K [0x00000000f5580000, 0x0000000100000000, 0x0000000100000000)
  eden space 141824K, 82% used [0x00000000f5580000,0x00000000fc78da80,0x00000000fe000000)
  from space 14848K, 97% used [0x00000000fe000000,0x00000000fee1b350,0x00000000fee80000)
  to   space 17408K, 0% used [0x00000000fef00000,0x00000000fef00000,0x0000000100000000)
 ParOldGen       total 263680K, used 60966K [0x00000000e0000000, 0x00000000f0180000, 0x00000000f5580000)
  object space 263680K, 23% used [0x00000000e0000000,0x00000000e3b89878,0x00000000f0180000)
 Metaspace       used 61395K, capacity 70372K, committed 70440K, reserved 1110016K
  class space    used 7694K, capacity 10273K, committed 10288K, reserved 1048576K
GC Heap History (10 events):
Event: 5.012 GC heap before
{Heap before GC invocations=16 (full 3):
 PSYoungGen      total 155648K, used 141824K [0x00000000f5580000, 0x0000000100000000, 0x0000000100000000)
  eden space 141824K, 100% used [0x00000000f5580000,0x00000000fe000000,0x00000000fe000000)
  from space 13824K, 0% used [0x00000000ff280000,0x00000000ff280000,0x0000000100000000)
  to   space 16384K, 0% used [0x00000000fe000000,0x00000000fe000000,0x00000000ff000000)
 ParOldGen       total 263680K, used 60926K [0x00000000e0000000, 0x00000000f0180000, 0x00000000f5580000)
  object space 263680K, 23% used [0x00000000e0000000,0x00000000e3b7f878,0x00000000f0180000)
 Metaspace       used 49813K, capacity 55702K, committed 55720K, reserved 1097728K
  class space    used 6063K, capacity 7846K, committed 7856K, reserved 1048576K
Event: 5.016 GC heap after
Heap after GC invocations=16 (full 3):
 PSYoungGen      total 158208K, used 4482K [0x00000000f5580000, 0x0000000100000000, 0x0000000100000000)
  eden space 141824K, 0% used [0x00000000f5580000,0x00000000f5580000,0x00000000fe000000)
  from space 16384K, 27% used [0x00000000fe000000,0x00000000fe4609f8,0x00000000ff000000)
  to   space 16384K, 0% used [0x00000000ff000000,0x00000000ff000000,0x0000000100000000)
 ParOldGen       total 263680K, used 60934K [0x00000000e0000000, 0x00000000f0180000, 0x00000000f5580000)
  object space 263680K, 23% used [0x00000000e0000000,0x00000000e3b81878,0x00000000f0180000)
 Metaspace       used 49813K, capacity 55702K, committed 55720K, reserved 1097728K
  class space    used 6063K, capacity 7846K, committed 7856K, reserved 1048576K
}
Event: 5.343 GC heap before
{Heap before GC invocations=17 (full 3):
 PSYoungGen      total 158208K, used 146306K [0x00000000f5580000, 0x0000000100000000, 0x0000000100000000)
  eden space 141824K, 100% used [0x00000000f5580000,0x00000000fe000000,0x00000000fe000000)
  from space 16384K, 27% used [0x00000000fe000000,0x00000000fe4609f8,0x00000000ff000000)
  to   space 16384K, 0% used [0x00000000ff000000,0x00000000ff000000,0x0000000100000000)
 ParOldGen       total 263680K, used 60934K [0x00000000e0000000, 0x00000000f0180000, 0x00000000f5580000)
  object space 263680K, 23% used [0x00000000e0000000,0x00000000e3b81878,0x00000000f0180000)
 Metaspace       used 53524K, capacity 59480K, committed 59688K, reserved 1101824K
  class space    used 6343K, capacity 8139K, committed 8240K, reserved 1048576K
Event: 5.348 GC heap after
Heap after GC invocations=17 (full 3):
 PSYoungGen      total 158208K, used 6247K [0x00000000f5580000, 0x0000000100000000, 0x0000000100000000)
  eden space 141824K, 0% used [0x00000000f5580000,0x00000000f5580000,0x00000000fe000000)
  from space 16384K, 38% used [0x00000000ff000000,0x00000000ff619d78,0x0000000100000000)
  to   space 16384K, 0% used [0x00000000fe000000,0x00000000fe000000,0x00000000ff000000)
 ParOldGen       total 263680K, used 60942K [0x00000000e0000000, 0x00000000f0180000, 0x00000000f5580000)
  object space 263680K, 23% used [0x00000000e0000000,0x00000000e3b83878,0x00000000f0180000)
 Metaspace       used 53524K, capacity 59480K, committed 59688K, reserved 1101824K
  class space    used 6343K, capacity 8139K, committed 8240K, reserved 1048576K
}
Event: 5.630 GC heap before
{Heap before GC invocations=18 (full 3):
 PSYoungGen      total 158208K, used 148071K [0x00000000f5580000, 0x0000000100000000, 0x0000000100000000)
  eden space 141824K, 100% used [0x00000000f5580000,0x00000000fe000000,0x00000000fe000000)
  from space 16384K, 38% used [0x00000000ff000000,0x00000000ff619d78,0x0000000100000000)
  to   space 16384K, 0% used [0x00000000fe000000,0x00000000fe000000,0x00000000ff000000)
 ParOldGen       total 263680K, used 60942K [0x00000000e0000000, 0x00000000f0180000, 0x00000000f5580000)
  object space 263680K, 23% used [0x00000000e0000000,0x00000000e3b83878,0x00000000f0180000)
 Metaspace       used 55401K, capacity 61852K, committed 61864K, reserved 1101824K
  class space    used 6665K, capacity 8615K, committed 8624K, reserved 1048576K
Event: 5.635 GC heap after
Heap after GC invocations=18 (full 3):
 PSYoungGen      total 148992K, used 6968K [0x00000000f5580000, 0x00000000fff00000, 0x0000000100000000)
  eden space 141824K, 0% used [0x00000000f5580000,0x00000000f5580000,0x00000000fe000000)
  from space 7168K, 97% used [0x00000000fe000000,0x00000000fe6ce328,0x00000000fe700000)
  to   space 15872K, 0% used [0x00000000fef80000,0x00000000fef80000,0x00000000fff00000)
 ParOldGen       total 263680K, used 60950K [0x00000000e0000000, 0x00000000f0180000, 0x00000000f5580000)
  object space 263680K, 23% used [0x00000000e0000000,0x00000000e3b85878,0x00000000f0180000)
 Metaspace       used 55401K, capacity 61852K, committed 61864K, reserved 1101824K
  class space    used 6665K, capacity 8615K, committed 8624K, reserved 1048576K
}
Event: 6.098 GC heap before
{Heap before GC invocations=19 (full 3):
 PSYoungGen      total 148992K, used 148792K [0x00000000f5580000, 0x00000000fff00000, 0x0000000100000000)
  eden space 141824K, 100% used [0x00000000f5580000,0x00000000fe000000,0x00000000fe000000)
  from space 7168K, 97% used [0x00000000fe000000,0x00000000fe6ce328,0x00000000fe700000)
  to   space 15872K, 0% used [0x00000000fef80000,0x00000000fef80000,0x00000000fff00000)
 ParOldGen       total 263680K, used 60950K [0x00000000e0000000, 0x00000000f0180000, 0x00000000f5580000)
  object space 263680K, 23% used [0x00000000e0000000,0x00000000e3b85878,0x00000000f0180000)
 Metaspace       used 59590K, capacity 68138K, committed 68392K, reserved 1107968K
  class space    used 7485K, capacity 9976K, committed 10032K, reserved 1048576K
Event: 6.105 GC heap after
Heap after GC invocations=19 (full 3):
 PSYoungGen      total 157696K, used 11419K [0x00000000f5580000, 0x0000000100000000, 0x0000000100000000)
  eden space 141824K, 0% used [0x00000000f5580000,0x00000000f5580000,0x00000000fe000000)
  from space 15872K, 71% used [0x00000000fef80000,0x00000000ffaa6da8,0x00000000fff00000)
  to   space 15872K, 0% used [0x00000000fe000000,0x00000000fe000000,0x00000000fef80000)
 ParOldGen       total 263680K, used 60958K [0x00000000e0000000, 0x00000000f0180000, 0x00000000f5580000)
  object space 263680K, 23% used [0x00000000e0000000,0x00000000e3b87878,0x00000000f0180000)
 Metaspace       used 59590K, capacity 68138K, committed 68392K, reserved 1107968K
  class space    used 7485K, capacity 9976K, committed 10032K, reserved 1048576K
}
Event: 6.475 GC heap before
{Heap before GC invocations=20 (full 3):
 PSYoungGen      total 157696K, used 153243K [0x00000000f5580000, 0x0000000100000000, 0x0000000100000000)
  eden space 141824K, 100% used [0x00000000f5580000,0x00000000fe000000,0x00000000fe000000)
  from space 15872K, 71% used [0x00000000fef80000,0x00000000ffaa6da8,0x00000000fff00000)
  to   space 15872K, 0% used [0x00000000fe000000,0x00000000fe000000,0x00000000fef80000)
 ParOldGen       total 263680K, used 60958K [0x00000000e0000000, 0x00000000f0180000, 0x00000000f5580000)
  object space 263680K, 23% used [0x00000000e0000000,0x00000000e3b87878,0x00000000f0180000)
 Metaspace       used 61243K, capacity 70110K, committed 70184K, reserved 1110016K
  class space    used 7679K, capacity 10248K, committed 10288K, reserved 1048576K
Event: 6.483 GC heap after
Heap after GC invocations=20 (full 3):
 PSYoungGen      total 156672K, used 14444K [0x00000000f5580000, 0x0000000100000000, 0x0000000100000000)
  eden space 141824K, 0% used [0x00000000f5580000,0x00000000f5580000,0x00000000fe000000)
  from space 14848K, 97% used [0x00000000fe000000,0x00000000fee1b350,0x00000000fee80000)
  to   space 17408K, 0% used [0x00000000fef00000,0x00000000fef00000,0x0000000100000000)
 ParOldGen       total 263680K, used 60966K [0x00000000e0000000, 0x00000000f0180000, 0x00000000f5580000)
  object space 263680K, 23% used [0x00000000e0000000,0x00000000e3b89878,0x00000000f0180000)
 Metaspace       used 61243K, capacity 70110K, committed 70184K, reserved 1110016K
  class space    used 7679K, capacity 10248K, committed 10288K, reserved 1048576K
}

