# JRE version: Java(TM) SE Runtime Environment (8.0_111-b14) (build 1.8.0_111-b14)
# Java VM: Java HotSpot(TM) 64-Bit Server VM (25.111-b14 mixed mode windows-amd64 compressed oops)
Heap:
 PSYoungGen      total 156160K, used 55836K [0x00000000f5580000, 0x0000000100000000, 0x0000000100000000)
  eden space 137728K, 31% used [0x00000000f5580000,0x00000000f8014718,0x00000000fdc00000)
  from space 18432K, 66% used [0x00000000fee00000,0x00000000ff9f2bb0,0x0000000100000000)
  to   space 18432K, 0% used [0x00000000fdc00000,0x00000000fdc00000,0x00000000fee00000)
 ParOldGen       total 258560K, used 59530K [0x00000000e0000000, 0x00000000efc80000, 0x00000000f5580000)
  object space 258560K, 23% used [0x00000000e0000000,0x00000000e3a22a40,0x00000000efc80000)
 Metaspace       used 58582K, capacity 66484K, committed 66608K, reserved 1105920K
  class space    used 7181K, capacity 9479K, committed 9520K, reserved 1048576K
GC Heap History (10 events):
Event: 5.313 GC heap before
{Heap before GC invocations=17 (full 3):
 PSYoungGen      total 154112K, used 138752K [0x00000000f5580000, 0x0000000100000000, 0x0000000100000000)
  eden space 138752K, 100% used [0x00000000f5580000,0x00000000fdd00000,0x00000000fdd00000)
  from space 15360K, 0% used [0x00000000fdd00000,0x00000000fdd00000,0x00000000fec00000)
  to   space 19456K, 0% used [0x00000000fed00000,0x00000000fed00000,0x0000000100000000)
 ParOldGen       total 258560K, used 59490K [0x00000000e0000000, 0x00000000efc80000, 0x00000000f5580000)
  object space 258560K, 23% used [0x00000000e0000000,0x00000000e3a18a40,0x00000000efc80000)
 Metaspace       used 48632K, capacity 54360K, committed 54576K, reserved 1095680K
  class space    used 5928K, capacity 7697K, committed 7728K, reserved 1048576K
Event: 5.316 GC heap after
Heap after GC invocations=17 (full 3):
 PSYoungGen      total 155136K, used 3196K [0x00000000f5580000, 0x0000000100000000, 0x0000000100000000)
  eden space 135680K, 0% used [0x00000000f5580000,0x00000000f5580000,0x00000000fda00000)
  from space 19456K, 16% used [0x00000000fed00000,0x00000000ff01f0c0,0x0000000100000000)
  to   space 19456K, 0% used [0x00000000fda00000,0x00000000fda00000,0x00000000fed00000)
 ParOldGen       total 258560K, used 59498K [0x00000000e0000000, 0x00000000efc80000, 0x00000000f5580000)
  object space 258560K, 23% used [0x00000000e0000000,0x00000000e3a1aa40,0x00000000efc80000)
 Metaspace       used 48632K, capacity 54360K, committed 54576K, reserved 1095680K
  class space    used 5928K, capacity 7697K, committed 7728K, reserved 1048576K
}
Event: 5.659 GC heap before
{Heap before GC invocations=18 (full 3):
 PSYoungGen      total 155136K, used 138876K [0x00000000f5580000, 0x0000000100000000, 0x0000000100000000)
  eden space 135680K, 100% used [0x00000000f5580000,0x00000000fda00000,0x00000000fda00000)
  from space 19456K, 16% used [0x00000000fed00000,0x00000000ff01f0c0,0x0000000100000000)
  to   space 19456K, 0% used [0x00000000fda00000,0x00000000fda00000,0x00000000fed00000)
 ParOldGen       total 258560K, used 59498K [0x00000000e0000000, 0x00000000efc80000, 0x00000000f5580000)
  object space 258560K, 23% used [0x00000000e0000000,0x00000000e3a1aa40,0x00000000efc80000)
 Metaspace       used 52114K, capacity 58490K, committed 58800K, reserved 1099776K
  class space    used 6379K, capacity 8318K, committed 8368K, reserved 1048576K
Event: 5.665 GC heap after
Heap after GC invocations=18 (full 3):
 PSYoungGen      total 155136K, used 6075K [0x00000000f5580000, 0x0000000100000000, 0x0000000100000000)
  eden space 135680K, 0% used [0x00000000f5580000,0x00000000f5580000,0x00000000fda00000)
  from space 19456K, 31% used [0x00000000fda00000,0x00000000fdfeeca0,0x00000000fed00000)
  to   space 19456K, 0% used [0x00000000fed00000,0x00000000fed00000,0x0000000100000000)
 ParOldGen       total 258560K, used 59506K [0x00000000e0000000, 0x00000000efc80000, 0x00000000f5580000)
  object space 258560K, 23% used [0x00000000e0000000,0x00000000e3a1ca40,0x00000000efc80000)
 Metaspace       used 52114K, capacity 58490K, committed 58800K, reserved 1099776K
  class space    used 6379K, capacity 8318K, committed 8368K, reserved 1048576K
}
Event: 6.117 GC heap before
{Heap before GC invocations=19 (full 3):
 PSYoungGen      total 155136K, used 141755K [0x00000000f5580000, 0x0000000100000000, 0x0000000100000000)
  eden space 135680K, 100% used [0x00000000f5580000,0x00000000fda00000,0x00000000fda00000)
  from space 19456K, 31% used [0x00000000fda00000,0x00000000fdfeeca0,0x00000000fed00000)
  to   space 19456K, 0% used [0x00000000fed00000,0x00000000fed00000,0x0000000100000000)
 ParOldGen       total 258560K, used 59506K [0x00000000e0000000, 0x00000000efc80000, 0x00000000f5580000)
  object space 258560K, 23% used [0x00000000e0000000,0x00000000e3a1ca40,0x00000000efc80000)
 Metaspace       used 56004K, capacity 62764K, committed 62896K, reserved 1103872K
  class space    used 6761K, capacity 8793K, committed 8880K, reserved 1048576K
Event: 6.123 GC heap after
Heap after GC invocations=19 (full 3):
 PSYoungGen      total 153088K, used 8877K [0x00000000f5580000, 0x00000000ffe00000, 0x0000000100000000)
  eden space 135680K, 0% used [0x00000000f5580000,0x00000000f5580000,0x00000000fda00000)
  from space 17408K, 50% used [0x00000000fed00000,0x00000000ff5ab5d0,0x00000000ffe00000)
  to   space 18432K, 0% used [0x00000000fda00000,0x00000000fda00000,0x00000000fec00000)
 ParOldGen       total 258560K, used 59514K [0x00000000e0000000, 0x00000000efc80000, 0x00000000f5580000)
  object space 258560K, 23% used [0x00000000e0000000,0x00000000e3a1ea40,0x00000000efc80000)
 Metaspace       used 56004K, capacity 62764K, committed 62896K, reserved 1103872K
  class space    used 6761K, capacity 8793K, committed 8880K, reserved 1048576K
}
Event: 6.529 GC heap before
{Heap before GC invocations=20 (full 3):
 PSYoungGen      total 153088K, used 144557K [0x00000000f5580000, 0x00000000ffe00000, 0x0000000100000000)
  eden space 135680K, 100% used [0x00000000f5580000,0x00000000fda00000,0x00000000fda00000)
  from space 17408K, 50% used [0x00000000fed00000,0x00000000ff5ab5d0,0x00000000ffe00000)
  to   space 18432K, 0% used [0x00000000fda00000,0x00000000fda00000,0x00000000fec00000)
 ParOldGen       total 258560K, used 59514K [0x00000000e0000000, 0x00000000efc80000, 0x00000000f5580000)
  object space 258560K, 23% used [0x00000000e0000000,0x00000000e3a1ea40,0x00000000efc80000)
 Metaspace       used 58244K, capacity 65960K, committed 66096K, reserved 1105920K
  class space    used 7162K, capacity 9429K, committed 9520K, reserved 1048576K
Event: 6.536 GC heap after
Heap after GC invocations=20 (full 3):
 PSYoungGen      total 154112K, used 11346K [0x00000000f5580000, 0x0000000100000000, 0x0000000100000000)
  eden space 135680K, 0% used [0x00000000f5580000,0x00000000f5580000,0x00000000fda00000)
  from space 18432K, 61% used [0x00000000fda00000,0x00000000fe514a80,0x00000000fec00000)
  to   space 18432K, 0% used [0x00000000fee00000,0x00000000fee00000,0x0000000100000000)
 ParOldGen       total 258560K, used 59522K [0x00000000e0000000, 0x00000000efc80000, 0x00000000f5580000)
  object space 258560K, 23% used [0x00000000e0000000,0x00000000e3a20a40,0x00000000efc80000)
 Metaspace       used 58244K, capacity 65960K, committed 66096K, reserved 1105920K
  class space    used 7162K, capacity 9429K, committed 9520K, reserved 1048576K
}
Event: 6.852 GC heap before
{Heap before GC invocations=21 (full 3):
 PSYoungGen      total 154112K, used 147026K [0x00000000f5580000, 0x0000000100000000, 0x0000000100000000)
  eden space 135680K, 100% used [0x00000000f5580000,0x00000000fda00000,0x00000000fda00000)
  from space 18432K, 61% used [0x00000000fda00000,0x00000000fe514a80,0x00000000fec00000)
  to   space 18432K, 0% used [0x00000000fee00000,0x00000000fee00000,0x0000000100000000)
 ParOldGen       total 258560K, used 59522K [0x00000000e0000000, 0x00000000efc80000, 0x00000000f5580000)
  object space 258560K, 23% used [0x00000000e0000000,0x00000000e3a20a40,0x00000000efc80000)
 Metaspace       used 58392K, capacity 66200K, committed 66352K, reserved 1105920K
  class space    used 7171K, capacity 9445K, committed 9520K, reserved 1048576K
Event: 6.859 GC heap after
Heap after GC invocations=21 (full 3):
 PSYoungGen      total 156160K, used 12234K [0x00000000f5580000, 0x0000000100000000, 0x0000000100000000)
  eden space 137728K, 0% used [0x00000000f5580000,0x00000000f5580000,0x00000000fdc00000)
  from space 18432K, 66% used [0x00000000fee00000,0x00000000ff9f2bb0,0x0000000100000000)
  to   space 18432K, 0% used [0x00000000fdc00000,0x00000000fdc00000,0x00000000fee00000)
 ParOldGen       total 258560K, used 59530K [0x00000000e0000000, 0x00000000efc80000, 0x00000000f5580000)
  object space 258560K, 23% used [0x00000000e0000000,0x00000000e3a22a40,0x00000000efc80000)
 Metaspace       used 58392K, capacity 66200K, committed 66352K, reserved 1105920K
  class space    used 7171K, capacity 9445K, committed 9520K, reserved 1048576K
}

