# JRE version: Java(TM) SE Runtime Environment (8.0_111-b14) (build 1.8.0_111-b14)
# Java VM: Java HotSpot(TM) 64-Bit Server VM (25.111-b14 mixed mode windows-amd64 compressed oops)
Heap:
 PSYoungGen      total 148480K, used 106887K [0x00000000f5580000, 0x0000000100000000, 0x0000000100000000)
  eden space 131584K, 68% used [0x00000000f5580000,0x00000000fad64fd0,0x00000000fd600000)
  from space 16896K, 99% used [0x00000000fef80000,0x00000000ffffcfa0,0x0000000100000000)
  to   space 21504K, 0% used [0x00000000fd600000,0x00000000fd600000,0x00000000feb00000)
 ParOldGen       total 267264K, used 63634K [0x00000000e0000000, 0x00000000f0500000, 0x00000000f5580000)
  object space 267264K, 23% used [0x00000000e0000000,0x00000000e3e24908,0x00000000f0500000)
 Metaspace       used 62447K, capacity 71656K, committed 71856K, reserved 1110016K
  class space    used 7791K, capacity 10350K, committed 10416K, reserved 1048576K
GC Heap History (10 events):
Event: 4.682 GC heap before
{Heap before GC invocations=17 (full 3):
 PSYoungGen      total 158720K, used 148106K [0x00000000f5580000, 0x0000000100000000, 0x0000000100000000)
  eden space 142848K, 100% used [0x00000000f5580000,0x00000000fe100000,0x00000000fe100000)
  from space 15872K, 33% used [0x00000000fe100000,0x00000000fe622908,0x00000000ff080000)
  to   space 15872K, 0% used [0x00000000ff080000,0x00000000ff080000,0x0000000100000000)
 ParOldGen       total 267264K, used 60866K [0x00000000e0000000, 0x00000000f0500000, 0x00000000f5580000)
  object space 267264K, 22% used [0x00000000e0000000,0x00000000e3b70a68,0x00000000f0500000)
 Metaspace       used 53424K, capacity 59376K, committed 59696K, reserved 1101824K
  class space    used 6338K, capacity 8139K, committed 8240K, reserved 1048576K
Event: 4.686 GC heap after
Heap after GC invocations=17 (full 3):
 PSYoungGen      total 157696K, used 7101K [0x00000000f5580000, 0x00000000fff00000, 0x0000000100000000)
  eden space 142848K, 0% used [0x00000000f5580000,0x00000000f5580000,0x00000000fe100000)
  from space 14848K, 47% used [0x00000000ff080000,0x00000000ff76f538,0x00000000fff00000)
  to   space 15360K, 0% used [0x00000000fe100000,0x00000000fe100000,0x00000000ff000000)
 ParOldGen       total 267264K, used 60874K [0x00000000e0000000, 0x00000000f0500000, 0x00000000f5580000)
  object space 267264K, 22% used [0x00000000e0000000,0x00000000e3b72a68,0x00000000f0500000)
 Metaspace       used 53424K, capacity 59376K, committed 59696K, reserved 1101824K
  class space    used 6338K, capacity 8139K, committed 8240K, reserved 1048576K
}
Event: 5.032 GC heap before
{Heap before GC invocations=18 (full 3):
 PSYoungGen      total 157696K, used 149949K [0x00000000f5580000, 0x00000000fff00000, 0x0000000100000000)
  eden space 142848K, 100% used [0x00000000f5580000,0x00000000fe100000,0x00000000fe100000)
  from space 14848K, 47% used [0x00000000ff080000,0x00000000ff76f538,0x00000000fff00000)
  to   space 15360K, 0% used [0x00000000fe100000,0x00000000fe100000,0x00000000ff000000)
 ParOldGen       total 267264K, used 60874K [0x00000000e0000000, 0x00000000f0500000, 0x00000000f5580000)
  object space 267264K, 22% used [0x00000000e0000000,0x00000000e3b72a68,0x00000000f0500000)
 Metaspace       used 56539K, capacity 63136K, committed 63280K, reserved 1103872K
  class space    used 6748K, capacity 8733K, committed 8752K, reserved 1048576K
Event: 5.038 GC heap after
Heap after GC invocations=18 (full 3):
 PSYoungGen      total 158208K, used 10813K [0x00000000f5580000, 0x0000000100000000, 0x0000000100000000)
  eden space 142848K, 0% used [0x00000000f5580000,0x00000000f5580000,0x00000000fe100000)
  from space 15360K, 70% used [0x00000000fe100000,0x00000000feb8f4a8,0x00000000ff000000)
  to   space 15360K, 0% used [0x00000000ff100000,0x00000000ff100000,0x0000000100000000)
 ParOldGen       total 267264K, used 60882K [0x00000000e0000000, 0x00000000f0500000, 0x00000000f5580000)
  object space 267264K, 22% used [0x00000000e0000000,0x00000000e3b74a68,0x00000000f0500000)
 Metaspace       used 56539K, capacity 63136K, committed 63280K, reserved 1103872K
  class space    used 6748K, capacity 8733K, committed 8752K, reserved 1048576K
}
Event: 5.455 GC heap before
{Heap before GC invocations=19 (full 3):
 PSYoungGen      total 158208K, used 153661K [0x00000000f5580000, 0x0000000100000000, 0x0000000100000000)
  eden space 142848K, 100% used [0x00000000f5580000,0x00000000fe100000,0x00000000fe100000)
  from space 15360K, 70% used [0x00000000fe100000,0x00000000feb8f4a8,0x00000000ff000000)
  to   space 15360K, 0% used [0x00000000ff100000,0x00000000ff100000,0x0000000100000000)
 ParOldGen       total 267264K, used 60882K [0x00000000e0000000, 0x00000000f0500000, 0x00000000f5580000)
  object space 267264K, 22% used [0x00000000e0000000,0x00000000e3b74a68,0x00000000f0500000)
 Metaspace       used 60048K, capacity 68544K, committed 68656K, reserved 1107968K
  class space    used 7507K, capacity 9966K, committed 10032K, reserved 1048576K
Event: 5.463 GC heap after
Heap after GC invocations=19 (full 3):
 PSYoungGen      total 156160K, used 14126K [0x00000000f5580000, 0x0000000100000000, 0x0000000100000000)
  eden space 140800K, 0% used [0x00000000f5580000,0x00000000f5580000,0x00000000fdf00000)
  from space 15360K, 91% used [0x00000000ff100000,0x00000000ffecb898,0x0000000100000000)
  to   space 16896K, 0% used [0x00000000fdf00000,0x00000000fdf00000,0x00000000fef80000)
 ParOldGen       total 267264K, used 60890K [0x00000000e0000000, 0x00000000f0500000, 0x00000000f5580000)
  object space 267264K, 22% used [0x00000000e0000000,0x00000000e3b76a68,0x00000000f0500000)
 Metaspace       used 60048K, capacity 68544K, committed 68656K, reserved 1107968K
  class space    used 7507K, capacity 9966K, committed 10032K, reserved 1048576K
}
Event: 5.842 GC heap before
{Heap before GC invocations=20 (full 3):
 PSYoungGen      total 156160K, used 154926K [0x00000000f5580000, 0x0000000100000000, 0x0000000100000000)
  eden space 140800K, 100% used [0x00000000f5580000,0x00000000fdf00000,0x00000000fdf00000)
  from space 15360K, 91% used [0x00000000ff100000,0x00000000ffecb898,0x0000000100000000)
  to   space 16896K, 0% used [0x00000000fdf00000,0x00000000fdf00000,0x00000000fef80000)
 ParOldGen       total 267264K, used 60890K [0x00000000e0000000, 0x00000000f0500000, 0x00000000f5580000)
  object space 267264K, 22% used [0x00000000e0000000,0x00000000e3b76a68,0x00000000f0500000)
 Metaspace       used 62018K, capacity 70890K, committed 71088K, reserved 1110016K
  class space    used 7765K, capacity 10289K, committed 10416K, reserved 1048576K
Event: 5.850 GC heap after
Heap after GC invocations=20 (full 3):
 PSYoungGen      total 157696K, used 16868K [0x00000000f5580000, 0x0000000100000000, 0x0000000100000000)
  eden space 140800K, 0% used [0x00000000f5580000,0x00000000f5580000,0x00000000fdf00000)
  from space 16896K, 99% used [0x00000000fdf00000,0x00000000fef79230,0x00000000fef80000)
  to   space 16896K, 0% used [0x00000000fef80000,0x00000000fef80000,0x0000000100000000)
 ParOldGen       total 267264K, used 60948K [0x00000000e0000000, 0x00000000f0500000, 0x00000000f5580000)
  object space 267264K, 22% used [0x00000000e0000000,0x00000000e3b85030,0x00000000f0500000)
 Metaspace       used 62018K, capacity 70890K, committed 71088K, reserved 1110016K
  class space    used 7765K, capacity 10289K, committed 10416K, reserved 1048576K
}
Event: 6.114 GC heap before
{Heap before GC invocations=21 (full 3):
 PSYoungGen      total 157696K, used 157668K [0x00000000f5580000, 0x0000000100000000, 0x0000000100000000)
  eden space 140800K, 100% used [0x00000000f5580000,0x00000000fdf00000,0x00000000fdf00000)
  from space 16896K, 99% used [0x00000000fdf00000,0x00000000fef79230,0x00000000fef80000)
  to   space 16896K, 0% used [0x00000000fef80000,0x00000000fef80000,0x0000000100000000)
 ParOldGen       total 267264K, used 60948K [0x00000000e0000000, 0x00000000f0500000, 0x00000000f5580000)
  object space 267264K, 22% used [0x00000000e0000000,0x00000000e3b85030,0x00000000f0500000)
 Metaspace       used 62177K, capacity 71226K, committed 71344K, reserved 1110016K
  class space    used 7775K, capacity 10305K, committed 10416K, reserved 1048576K
Event: 6.123 GC heap after
Heap after GC invocations=21 (full 3):
 PSYoungGen      total 148480K, used 16883K [0x00000000f5580000, 0x0000000100000000, 0x0000000100000000)
  eden space 131584K, 0% used [0x00000000f5580000,0x00000000f5580000,0x00000000fd600000)
  from space 16896K, 99% used [0x00000000fef80000,0x00000000ffffcfa0,0x0000000100000000)
  to   space 21504K, 0% used [0x00000000fd600000,0x00000000fd600000,0x00000000feb00000)
 ParOldGen       total 267264K, used 63634K [0x00000000e0000000, 0x00000000f0500000, 0x00000000f5580000)
  object space 267264K, 23% used [0x00000000e0000000,0x00000000e3e24908,0x00000000f0500000)
 Metaspace       used 62177K, capacity 71226K, committed 71344K, reserved 1110016K
  class space    used 7775K, capacity 10305K, committed 10416K, reserved 1048576K
}

