# JRE version: Java(TM) SE Runtime Environment (8.0_111-b14) (build 1.8.0_111-b14)
# Java VM: Java HotSpot(TM) 64-Bit Server VM (25.111-b14 mixed mode windows-amd64 compressed oops)
Heap:
 PSYoungGen      total 158208K, used 38173K [0x00000000f5580000, 0x0000000100000000, 0x0000000100000000)
  eden space 141824K, 23% used [0x00000000f5580000,0x00000000f7667528,0x00000000fe000000)
  from space 16384K, 27% used [0x00000000ff000000,0x00000000ff460000,0x0000000100000000)
  to   space 16384K, 0% used [0x00000000fe000000,0x00000000fe000000,0x00000000ff000000)
 ParOldGen       total 239616K, used 67511K [0x00000000e0000000, 0x00000000eea00000, 0x00000000f5580000)
  object space 239616K, 28% used [0x00000000e0000000,0x00000000e41edd88,0x00000000eea00000)
 Metaspace       used 58740K, capacity 66702K, committed 66864K, reserved 1105920K
  class space    used 7191K, capacity 9512K, committed 9520K, reserved 1048576K
GC Heap History (10 events):
Event: 4.794 GC heap before
{Heap before GC invocations=17 (full 3):
 PSYoungGen      total 158208K, used 141824K [0x00000000f5580000, 0x0000000100000000, 0x0000000100000000)
  eden space 141824K, 100% used [0x00000000f5580000,0x00000000fe000000,0x00000000fe000000)
  from space 16384K, 0% used [0x00000000fe000000,0x00000000fe000000,0x00000000ff000000)
  to   space 16384K, 0% used [0x00000000ff000000,0x00000000ff000000,0x0000000100000000)
 ParOldGen       total 239616K, used 59484K [0x00000000e0000000, 0x00000000eea00000, 0x00000000f5580000)
  object space 239616K, 24% used [0x00000000e0000000,0x00000000e3a171b8,0x00000000eea00000)
 Metaspace       used 48682K, capacity 54416K, committed 54576K, reserved 1095680K
  class space    used 5940K, capacity 7697K, committed 7728K, reserved 1048576K
Event: 4.797 GC heap after
Heap after GC invocations=17 (full 3):
 PSYoungGen      total 157184K, used 2757K [0x00000000f5580000, 0x0000000100000000, 0x0000000100000000)
  eden space 140800K, 0% used [0x00000000f5580000,0x00000000f5580000,0x00000000fdf00000)
  from space 16384K, 16% used [0x00000000ff000000,0x00000000ff2b14f8,0x0000000100000000)
  to   space 16896K, 0% used [0x00000000fdf00000,0x00000000fdf00000,0x00000000fef80000)
 ParOldGen       total 239616K, used 59492K [0x00000000e0000000, 0x00000000eea00000, 0x00000000f5580000)
  object space 239616K, 24% used [0x00000000e0000000,0x00000000e3a191b8,0x00000000eea00000)
 Metaspace       used 48682K, capacity 54416K, committed 54576K, reserved 1095680K
  class space    used 5940K, capacity 7697K, committed 7728K, reserved 1048576K
}
Event: 5.175 GC heap before
{Heap before GC invocations=18 (full 3):
 PSYoungGen      total 157184K, used 143557K [0x00000000f5580000, 0x0000000100000000, 0x0000000100000000)
  eden space 140800K, 100% used [0x00000000f5580000,0x00000000fdf00000,0x00000000fdf00000)
  from space 16384K, 16% used [0x00000000ff000000,0x00000000ff2b14f8,0x0000000100000000)
  to   space 16896K, 0% used [0x00000000fdf00000,0x00000000fdf00000,0x00000000fef80000)
 ParOldGen       total 239616K, used 59492K [0x00000000e0000000, 0x00000000eea00000, 0x00000000f5580000)
  object space 239616K, 24% used [0x00000000e0000000,0x00000000e3a191b8,0x00000000eea00000)
 Metaspace       used 52361K, capacity 58738K, committed 58800K, reserved 1099776K
  class space    used 6396K, capacity 8318K, committed 8368K, reserved 1048576K
Event: 5.180 GC heap after
Heap after GC invocations=18 (full 3):
 PSYoungGen      total 157696K, used 4386K [0x00000000f5580000, 0x0000000100000000, 0x0000000100000000)
  eden space 140800K, 0% used [0x00000000f5580000,0x00000000f5580000,0x00000000fdf00000)
  from space 16896K, 25% used [0x00000000fdf00000,0x00000000fe3489f0,0x00000000fef80000)
  to   space 16896K, 0% used [0x00000000fef80000,0x00000000fef80000,0x0000000100000000)
 ParOldGen       total 239616K, used 61196K [0x00000000e0000000, 0x00000000eea00000, 0x00000000f5580000)
  object space 239616K, 25% used [0x00000000e0000000,0x00000000e3bc31b8,0x00000000eea00000)
 Metaspace       used 52361K, capacity 58738K, committed 58800K, reserved 1099776K
  class space    used 6396K, capacity 8318K, committed 8368K, reserved 1048576K
}
Event: 5.563 GC heap before
{Heap before GC invocations=19 (full 3):
 PSYoungGen      total 157696K, used 145186K [0x00000000f5580000, 0x0000000100000000, 0x0000000100000000)
  eden space 140800K, 100% used [0x00000000f5580000,0x00000000fdf00000,0x00000000fdf00000)
  from space 16896K, 25% used [0x00000000fdf00000,0x00000000fe3489f0,0x00000000fef80000)
  to   space 16896K, 0% used [0x00000000fef80000,0x00000000fef80000,0x0000000100000000)
 ParOldGen       total 239616K, used 61196K [0x00000000e0000000, 0x00000000eea00000, 0x00000000f5580000)
  object space 239616K, 25% used [0x00000000e0000000,0x00000000e3bc31b8,0x00000000eea00000)
 Metaspace       used 56845K, capacity 64440K, committed 64688K, reserved 1103872K
  class space    used 7005K, capacity 9269K, committed 9392K, reserved 1048576K
Event: 5.569 GC heap after
Heap after GC invocations=19 (full 3):
 PSYoungGen      total 156672K, used 5197K [0x00000000f5580000, 0x00000000fff00000, 0x0000000100000000)
  eden space 140800K, 0% used [0x00000000f5580000,0x00000000f5580000,0x00000000fdf00000)
  from space 15872K, 32% used [0x00000000fef80000,0x00000000ff493748,0x00000000fff00000)
  to   space 16384K, 0% used [0x00000000fdf00000,0x00000000fdf00000,0x00000000fef00000)
 ParOldGen       total 239616K, used 63979K [0x00000000e0000000, 0x00000000eea00000, 0x00000000f5580000)
  object space 239616K, 26% used [0x00000000e0000000,0x00000000e3e7ad78,0x00000000eea00000)
 Metaspace       used 56845K, capacity 64440K, committed 64688K, reserved 1103872K
  class space    used 7005K, capacity 9269K, committed 9392K, reserved 1048576K
}
Event: 5.884 GC heap before
{Heap before GC invocations=20 (full 3):
 PSYoungGen      total 156672K, used 145997K [0x00000000f5580000, 0x00000000fff00000, 0x0000000100000000)
  eden space 140800K, 100% used [0x00000000f5580000,0x00000000fdf00000,0x00000000fdf00000)
  from space 15872K, 32% used [0x00000000fef80000,0x00000000ff493748,0x00000000fff00000)
  to   space 16384K, 0% used [0x00000000fdf00000,0x00000000fdf00000,0x00000000fef00000)
 ParOldGen       total 239616K, used 63979K [0x00000000e0000000, 0x00000000eea00000, 0x00000000f5580000)
  object space 239616K, 26% used [0x00000000e0000000,0x00000000e3e7ad78,0x00000000eea00000)
 Metaspace       used 58261K, capacity 65980K, committed 66096K, reserved 1105920K
  class space    used 7165K, capacity 9431K, committed 9520K, reserved 1048576K
Event: 5.889 GC heap after
Heap after GC invocations=20 (full 3):
 PSYoungGen      total 157184K, used 3585K [0x00000000f5580000, 0x0000000100000000, 0x0000000100000000)
  eden space 140800K, 0% used [0x00000000f5580000,0x00000000f5580000,0x00000000fdf00000)
  from space 16384K, 21% used [0x00000000fdf00000,0x00000000fe280450,0x00000000fef00000)
  to   space 16384K, 0% used [0x00000000ff000000,0x00000000ff000000,0x0000000100000000)
 ParOldGen       total 239616K, used 67503K [0x00000000e0000000, 0x00000000eea00000, 0x00000000f5580000)
  object space 239616K, 28% used [0x00000000e0000000,0x00000000e41ebd88,0x00000000eea00000)
 Metaspace       used 58261K, capacity 65980K, committed 66096K, reserved 1105920K
  class space    used 7165K, capacity 9431K, committed 9520K, reserved 1048576K
}
Event: 6.180 GC heap before
{Heap before GC invocations=21 (full 3):
 PSYoungGen      total 157184K, used 144385K [0x00000000f5580000, 0x0000000100000000, 0x0000000100000000)
  eden space 140800K, 100% used [0x00000000f5580000,0x00000000fdf00000,0x00000000fdf00000)
  from space 16384K, 21% used [0x00000000fdf00000,0x00000000fe280450,0x00000000fef00000)
  to   space 16384K, 0% used [0x00000000ff000000,0x00000000ff000000,0x0000000100000000)
 ParOldGen       total 239616K, used 67503K [0x00000000e0000000, 0x00000000eea00000, 0x00000000f5580000)
  object space 239616K, 28% used [0x00000000e0000000,0x00000000e41ebd88,0x00000000eea00000)
 Metaspace       used 58729K, capacity 66692K, committed 66864K, reserved 1105920K
  class space    used 7190K, capacity 9511K, committed 9520K, reserved 1048576K
Event: 6.183 GC heap after
Heap after GC invocations=21 (full 3):
 PSYoungGen      total 158208K, used 4480K [0x00000000f5580000, 0x0000000100000000, 0x0000000100000000)
  eden space 141824K, 0% used [0x00000000f5580000,0x00000000f5580000,0x00000000fe000000)
  from space 16384K, 27% used [0x00000000ff000000,0x00000000ff460000,0x0000000100000000)
  to   space 16384K, 0% used [0x00000000fe000000,0x00000000fe000000,0x00000000ff000000)
 ParOldGen       total 239616K, used 67511K [0x00000000e0000000, 0x00000000eea00000, 0x00000000f5580000)
  object space 239616K, 28% used [0x00000000e0000000,0x00000000e41edd88,0x00000000eea00000)
 Metaspace       used 58729K, capacity 66692K, committed 66864K, reserved 1105920K
  class space    used 7190K, capacity 9511K, committed 9520K, reserved 1048576K
}

