# JRE version: Java(TM) SE Runtime Environment (8.0_111-b14) (build 1.8.0_111-b14)
# Java VM: Java HotSpot(TM) 64-Bit Server VM (25.111-b14 mixed mode windows-amd64 compressed oops)
Heap:
 PSYoungGen      total 153600K, used 109787K [0x00000000f5580000, 0x0000000100000000, 0x0000000100000000)
  eden space 137728K, 68% used [0x00000000f5580000,0x00000000fb139d20,0x00000000fdc00000)
  from space 15872K, 99% used [0x00000000ff080000,0x00000000ffffcee0,0x0000000100000000)
  to   space 18432K, 0% used [0x00000000fdc00000,0x00000000fdc00000,0x00000000fee00000)
 ParOldGen       total 240640K, used 63950K [0x00000000e0000000, 0x00000000eeb00000, 0x00000000f5580000)
  object space 240640K, 26% used [0x00000000e0000000,0x00000000e3e73a18,0x00000000eeb00000)
 Metaspace       used 61204K, capacity 70182K, committed 70272K, reserved 1110016K
  class space    used 7543K, capacity 10079K, committed 10112K, reserved 1048576K
GC Heap History (10 events):
Event: 4.744 GC heap before
{Heap before GC invocations=17 (full 3):
 PSYoungGen      total 158720K, used 143360K [0x00000000f5580000, 0x0000000100000000, 0x0000000100000000)
  eden space 143360K, 100% used [0x00000000f5580000,0x00000000fe180000,0x00000000fe180000)
  from space 15360K, 0% used [0x00000000fe180000,0x00000000fe180000,0x00000000ff080000)
  to   space 15360K, 0% used [0x00000000ff100000,0x00000000ff100000,0x0000000100000000)
 ParOldGen       total 240640K, used 59139K [0x00000000e0000000, 0x00000000eeb00000, 0x00000000f5580000)
  object space 240640K, 24% used [0x00000000e0000000,0x00000000e39c0f00,0x00000000eeb00000)
 Metaspace       used 49616K, capacity 55512K, committed 55808K, reserved 1097728K
  class space    used 6051K, capacity 7847K, committed 7936K, reserved 1048576K
Event: 4.747 GC heap after
Heap after GC invocations=17 (full 3):
 PSYoungGen      total 159232K, used 5773K [0x00000000f5580000, 0x0000000100000000, 0x0000000100000000)
  eden space 143872K, 0% used [0x00000000f5580000,0x00000000f5580000,0x00000000fe200000)
  from space 15360K, 37% used [0x00000000ff100000,0x00000000ff6a3550,0x0000000100000000)
  to   space 15360K, 0% used [0x00000000fe200000,0x00000000fe200000,0x00000000ff100000)
 ParOldGen       total 240640K, used 59147K [0x00000000e0000000, 0x00000000eeb00000, 0x00000000f5580000)
  object space 240640K, 24% used [0x00000000e0000000,0x00000000e39c2f00,0x00000000eeb00000)
 Metaspace       used 49616K, capacity 55512K, committed 55808K, reserved 1097728K
  class space    used 6051K, capacity 7847K, committed 7936K, reserved 1048576K
}
Event: 5.042 GC heap before
{Heap before GC invocations=18 (full 3):
 PSYoungGen      total 159232K, used 149645K [0x00000000f5580000, 0x0000000100000000, 0x0000000100000000)
  eden space 143872K, 100% used [0x00000000f5580000,0x00000000fe200000,0x00000000fe200000)
  from space 15360K, 37% used [0x00000000ff100000,0x00000000ff6a3550,0x0000000100000000)
  to   space 15360K, 0% used [0x00000000fe200000,0x00000000fe200000,0x00000000ff100000)
 ParOldGen       total 240640K, used 59147K [0x00000000e0000000, 0x00000000eeb00000, 0x00000000f5580000)
  object space 240640K, 24% used [0x00000000e0000000,0x00000000e39c2f00,0x00000000eeb00000)
 Metaspace       used 53396K, capacity 59358K, committed 59648K, reserved 1101824K
  class space    used 6337K, capacity 8140K, committed 8192K, reserved 1048576K
Event: 5.049 GC heap after
Heap after GC invocations=18 (full 3):
 PSYoungGen      total 159232K, used 3774K [0x00000000f5580000, 0x0000000100000000, 0x0000000100000000)
  eden space 143872K, 0% used [0x00000000f5580000,0x00000000f5580000,0x00000000fe200000)
  from space 15360K, 24% used [0x00000000fe200000,0x00000000fe5afa18,0x00000000ff100000)
  to   space 15360K, 0% used [0x00000000ff100000,0x00000000ff100000,0x0000000100000000)
 ParOldGen       total 240640K, used 62896K [0x00000000e0000000, 0x00000000eeb00000, 0x00000000f5580000)
  object space 240640K, 26% used [0x00000000e0000000,0x00000000e3d6c140,0x00000000eeb00000)
 Metaspace       used 53396K, capacity 59358K, committed 59648K, reserved 1101824K
  class space    used 6337K, capacity 8140K, committed 8192K, reserved 1048576K
}
Event: 5.408 GC heap before
{Heap before GC invocations=19 (full 3):
 PSYoungGen      total 159232K, used 147646K [0x00000000f5580000, 0x0000000100000000, 0x0000000100000000)
  eden space 143872K, 100% used [0x00000000f5580000,0x00000000fe200000,0x00000000fe200000)
  from space 15360K, 24% used [0x00000000fe200000,0x00000000fe5afa18,0x00000000ff100000)
  to   space 15360K, 0% used [0x00000000ff100000,0x00000000ff100000,0x0000000100000000)
 ParOldGen       total 240640K, used 62896K [0x00000000e0000000, 0x00000000eeb00000, 0x00000000f5580000)
  object space 240640K, 26% used [0x00000000e0000000,0x00000000e3d6c140,0x00000000eeb00000)
 Metaspace       used 56497K, capacity 63174K, committed 63360K, reserved 1103872K
  class space    used 6746K, capacity 8734K, committed 8832K, reserved 1048576K
Event: 5.412 GC heap after
Heap after GC invocations=19 (full 3):
 PSYoungGen      total 158208K, used 7583K [0x00000000f5580000, 0x00000000fff00000, 0x0000000100000000)
  eden space 143872K, 0% used [0x00000000f5580000,0x00000000f5580000,0x00000000fe200000)
  from space 14336K, 52% used [0x00000000ff100000,0x00000000ff867c30,0x00000000fff00000)
  to   space 14848K, 0% used [0x00000000fe200000,0x00000000fe200000,0x00000000ff080000)
 ParOldGen       total 240640K, used 62904K [0x00000000e0000000, 0x00000000eeb00000, 0x00000000f5580000)
  object space 240640K, 26% used [0x00000000e0000000,0x00000000e3d6e140,0x00000000eeb00000)
 Metaspace       used 56497K, capacity 63174K, committed 63360K, reserved 1103872K
  class space    used 6746K, capacity 8734K, committed 8832K, reserved 1048576K
}
Event: 5.888 GC heap before
{Heap before GC invocations=20 (full 3):
 PSYoungGen      total 158208K, used 151455K [0x00000000f5580000, 0x00000000fff00000, 0x0000000100000000)
  eden space 143872K, 100% used [0x00000000f5580000,0x00000000fe200000,0x00000000fe200000)
  from space 14336K, 52% used [0x00000000ff100000,0x00000000ff867c30,0x00000000fff00000)
  to   space 14848K, 0% used [0x00000000fe200000,0x00000000fe200000,0x00000000ff080000)
 ParOldGen       total 240640K, used 62904K [0x00000000e0000000, 0x00000000eeb00000, 0x00000000f5580000)
  object space 240640K, 26% used [0x00000000e0000000,0x00000000e3d6e140,0x00000000eeb00000)
 Metaspace       used 60715K, capacity 69274K, committed 69504K, reserved 1107968K
  class space    used 7512K, capacity 10009K, committed 10112K, reserved 1048576K
Event: 5.895 GC heap after
Heap after GC invocations=20 (full 3):
 PSYoungGen      total 158720K, used 13241K [0x00000000f5580000, 0x0000000100000000, 0x0000000100000000)
  eden space 143872K, 0% used [0x00000000f5580000,0x00000000f5580000,0x00000000fe200000)
  from space 14848K, 89% used [0x00000000fe200000,0x00000000feeee698,0x00000000ff080000)
  to   space 15872K, 0% used [0x00000000ff080000,0x00000000ff080000,0x0000000100000000)
 ParOldGen       total 240640K, used 62912K [0x00000000e0000000, 0x00000000eeb00000, 0x00000000f5580000)
  object space 240640K, 26% used [0x00000000e0000000,0x00000000e3d70140,0x00000000eeb00000)
 Metaspace       used 60715K, capacity 69274K, committed 69504K, reserved 1107968K
  class space    used 7512K, capacity 10009K, committed 10112K, reserved 1048576K
}
Event: 6.197 GC heap before
{Heap before GC invocations=21 (full 3):
 PSYoungGen      total 158720K, used 157113K [0x00000000f5580000, 0x0000000100000000, 0x0000000100000000)
  eden space 143872K, 100% used [0x00000000f5580000,0x00000000fe200000,0x00000000fe200000)
  from space 14848K, 89% used [0x00000000fe200000,0x00000000feeee698,0x00000000ff080000)
  to   space 15872K, 0% used [0x00000000ff080000,0x00000000ff080000,0x0000000100000000)
 ParOldGen       total 240640K, used 62912K [0x00000000e0000000, 0x00000000eeb00000, 0x00000000f5580000)
  object space 240640K, 26% used [0x00000000e0000000,0x00000000e3d70140,0x00000000eeb00000)
 Metaspace       used 61085K, capacity 69980K, committed 70272K, reserved 1110016K
  class space    used 7533K, capacity 10064K, committed 10112K, reserved 1048576K
Event: 6.204 GC heap after
Heap after GC invocations=21 (full 3):
 PSYoungGen      total 153600K, used 15859K [0x00000000f5580000, 0x0000000100000000, 0x0000000100000000)
  eden space 137728K, 0% used [0x00000000f5580000,0x00000000f5580000,0x00000000fdc00000)
  from space 15872K, 99% used [0x00000000ff080000,0x00000000ffffcee0,0x0000000100000000)
  to   space 18432K, 0% used [0x00000000fdc00000,0x00000000fdc00000,0x00000000fee00000)
 ParOldGen       total 240640K, used 63950K [0x00000000e0000000, 0x00000000eeb00000, 0x00000000f5580000)
  object space 240640K, 26% used [0x00000000e0000000,0x00000000e3e73a18,0x00000000eeb00000)
 Metaspace       used 61085K, capacity 69980K, committed 70272K, reserved 1110016K
  class space    used 7533K, capacity 10064K, committed 10112K, reserved 1048576K
}

