# JRE version: Java(TM) SE Runtime Environment (8.0_111-b14) (build 1.8.0_111-b14)
# Java VM: Java HotSpot(TM) 64-Bit Server VM (25.111-b14 mixed mode windows-amd64 compressed oops)
Heap:
 PSYoungGen      total 148480K, used 142134K [0x00000000f5580000, 0x0000000100000000, 0x0000000100000000)
  eden space 128512K, 95% used [0x00000000f5580000,0x00000000fcccfe60,0x00000000fd300000)
  from space 19968K, 99% used [0x00000000fec80000,0x00000000ffffda88,0x0000000100000000)
  to   space 23040K, 0% used [0x00000000fd300000,0x00000000fd300000,0x00000000fe980000)
 ParOldGen       total 264704K, used 62071K [0x00000000e0000000, 0x00000000f0280000, 0x00000000f5580000)
  object space 264704K, 23% used [0x00000000e0000000,0x00000000e3c9dd60,0x00000000f0280000)
 Metaspace       used 63153K, capacity 72948K, committed 73088K, reserved 1112064K
  class space    used 7906K, capacity 10614K, committed 10624K, reserved 1048576K
GC Heap History (10 events):
Event: 6.166 GC heap before
{Heap before GC invocations=17 (full 3):
 PSYoungGen      total 157184K, used 145310K [0x00000000f5580000, 0x0000000100000000, 0x0000000100000000)
  eden space 139776K, 100% used [0x00000000f5580000,0x00000000fde00000,0x00000000fde00000)
  from space 17408K, 31% used [0x00000000fde00000,0x00000000fe367b60,0x00000000fef00000)
  to   space 17408K, 0% used [0x00000000fef00000,0x00000000fef00000,0x0000000100000000)
 ParOldGen       total 264704K, used 60849K [0x00000000e0000000, 0x00000000f0280000, 0x00000000f5580000)
  object space 264704K, 22% used [0x00000000e0000000,0x00000000e3b6c6b8,0x00000000f0280000)
 Metaspace       used 53441K, capacity 59356K, committed 59648K, reserved 1101824K
  class space    used 6350K, capacity 8139K, committed 8192K, reserved 1048576K
Event: 6.170 GC heap after
Heap after GC invocations=17 (full 3):
 PSYoungGen      total 157184K, used 7377K [0x00000000f5580000, 0x0000000100000000, 0x0000000100000000)
  eden space 139776K, 0% used [0x00000000f5580000,0x00000000f5580000,0x00000000fde00000)
  from space 17408K, 42% used [0x00000000fef00000,0x00000000ff634558,0x0000000100000000)
  to   space 17408K, 0% used [0x00000000fde00000,0x00000000fde00000,0x00000000fef00000)
 ParOldGen       total 264704K, used 60857K [0x00000000e0000000, 0x00000000f0280000, 0x00000000f5580000)
  object space 264704K, 22% used [0x00000000e0000000,0x00000000e3b6e6b8,0x00000000f0280000)
 Metaspace       used 53441K, capacity 59356K, committed 59648K, reserved 1101824K
  class space    used 6350K, capacity 8139K, committed 8192K, reserved 1048576K
}
Event: 6.640 GC heap before
{Heap before GC invocations=18 (full 3):
 PSYoungGen      total 157184K, used 147153K [0x00000000f5580000, 0x0000000100000000, 0x0000000100000000)
  eden space 139776K, 100% used [0x00000000f5580000,0x00000000fde00000,0x00000000fde00000)
  from space 17408K, 42% used [0x00000000fef00000,0x00000000ff634558,0x0000000100000000)
  to   space 17408K, 0% used [0x00000000fde00000,0x00000000fde00000,0x00000000fef00000)
 ParOldGen       total 264704K, used 60857K [0x00000000e0000000, 0x00000000f0280000, 0x00000000f5580000)
  object space 264704K, 22% used [0x00000000e0000000,0x00000000e3b6e6b8,0x00000000f0280000)
 Metaspace       used 56315K, capacity 62962K, committed 63104K, reserved 1103872K
  class space    used 6735K, capacity 8732K, committed 8832K, reserved 1048576K
Event: 6.646 GC heap after
Heap after GC invocations=18 (full 3):
 PSYoungGen      total 151040K, used 10862K [0x00000000f5580000, 0x00000000fff00000, 0x0000000100000000)
  eden space 139776K, 0% used [0x00000000f5580000,0x00000000f5580000,0x00000000fde00000)
  from space 11264K, 96% used [0x00000000fde00000,0x00000000fe89b8f8,0x00000000fe900000)
  to   space 16896K, 0% used [0x00000000fee80000,0x00000000fee80000,0x00000000fff00000)
 ParOldGen       total 264704K, used 60865K [0x00000000e0000000, 0x00000000f0280000, 0x00000000f5580000)
  object space 264704K, 22% used [0x00000000e0000000,0x00000000e3b706b8,0x00000000f0280000)
 Metaspace       used 56315K, capacity 62962K, committed 63104K, reserved 1103872K
  class space    used 6735K, capacity 8732K, committed 8832K, reserved 1048576K
}
Event: 7.308 GC heap before
{Heap before GC invocations=19 (full 3):
 PSYoungGen      total 151040K, used 150638K [0x00000000f5580000, 0x00000000fff00000, 0x0000000100000000)
  eden space 139776K, 100% used [0x00000000f5580000,0x00000000fde00000,0x00000000fde00000)
  from space 11264K, 96% used [0x00000000fde00000,0x00000000fe89b8f8,0x00000000fe900000)
  to   space 16896K, 0% used [0x00000000fee80000,0x00000000fee80000,0x00000000fff00000)
 ParOldGen       total 264704K, used 60865K [0x00000000e0000000, 0x00000000f0280000, 0x00000000f5580000)
  object space 264704K, 22% used [0x00000000e0000000,0x00000000e3b706b8,0x00000000f0280000)
 Metaspace       used 59908K, capacity 68648K, committed 68992K, reserved 1107968K
  class space    used 7495K, capacity 10016K, committed 10112K, reserved 1048576K
Event: 7.318 GC heap after
Heap after GC invocations=19 (full 3):
 PSYoungGen      total 154624K, used 15238K [0x00000000f5580000, 0x0000000100000000, 0x0000000100000000)
  eden space 137728K, 0% used [0x00000000f5580000,0x00000000f5580000,0x00000000fdc00000)
  from space 16896K, 90% used [0x00000000fee80000,0x00000000ffd61b58,0x00000000fff00000)
  to   space 18432K, 0% used [0x00000000fdc00000,0x00000000fdc00000,0x00000000fee00000)
 ParOldGen       total 264704K, used 60873K [0x00000000e0000000, 0x00000000f0280000, 0x00000000f5580000)
  object space 264704K, 22% used [0x00000000e0000000,0x00000000e3b726b8,0x00000000f0280000)
 Metaspace       used 59908K, capacity 68648K, committed 68992K, reserved 1107968K
  class space    used 7495K, capacity 10016K, committed 10112K, reserved 1048576K
}
Event: 7.648 GC heap before
{Heap before GC invocations=20 (full 3):
 PSYoungGen      total 154624K, used 152966K [0x00000000f5580000, 0x0000000100000000, 0x0000000100000000)
  eden space 137728K, 100% used [0x00000000f5580000,0x00000000fdc00000,0x00000000fdc00000)
  from space 16896K, 90% used [0x00000000fee80000,0x00000000ffd61b58,0x00000000fff00000)
  to   space 18432K, 0% used [0x00000000fdc00000,0x00000000fdc00000,0x00000000fee00000)
 ParOldGen       total 264704K, used 60873K [0x00000000e0000000, 0x00000000f0280000, 0x00000000f5580000)
  object space 264704K, 22% used [0x00000000e0000000,0x00000000e3b726b8,0x00000000f0280000)
 Metaspace       used 61456K, capacity 70574K, committed 70784K, reserved 1110016K
  class space    used 7750K, capacity 10351K, committed 10368K, reserved 1048576K
Event: 7.658 GC heap after
Heap after GC invocations=20 (full 3):
 PSYoungGen      total 154624K, used 16416K [0x00000000f5580000, 0x0000000100000000, 0x0000000100000000)
  eden space 137728K, 0% used [0x00000000f5580000,0x00000000f5580000,0x00000000fdc00000)
  from space 16896K, 97% used [0x00000000fdc00000,0x00000000fec08398,0x00000000fec80000)
  to   space 19968K, 0% used [0x00000000fec80000,0x00000000fec80000,0x0000000100000000)
 ParOldGen       total 264704K, used 60881K [0x00000000e0000000, 0x00000000f0280000, 0x00000000f5580000)
  object space 264704K, 22% used [0x00000000e0000000,0x00000000e3b746b8,0x00000000f0280000)
 Metaspace       used 61456K, capacity 70574K, committed 70784K, reserved 1110016K
  class space    used 7750K, capacity 10351K, committed 10368K, reserved 1048576K
}
Event: 8.173 GC heap before
{Heap before GC invocations=21 (full 3):
 PSYoungGen      total 154624K, used 154144K [0x00000000f5580000, 0x0000000100000000, 0x0000000100000000)
  eden space 137728K, 100% used [0x00000000f5580000,0x00000000fdc00000,0x00000000fdc00000)
  from space 16896K, 97% used [0x00000000fdc00000,0x00000000fec08398,0x00000000fec80000)
  to   space 19968K, 0% used [0x00000000fec80000,0x00000000fec80000,0x0000000100000000)
 ParOldGen       total 264704K, used 60881K [0x00000000e0000000, 0x00000000f0280000, 0x00000000f5580000)
  object space 264704K, 22% used [0x00000000e0000000,0x00000000e3b746b8,0x00000000f0280000)
 Metaspace       used 62844K, capacity 72474K, committed 72576K, reserved 1112064K
  class space    used 7888K, capacity 10573K, committed 10624K, reserved 1048576K
Event: 8.182 GC heap after
Heap after GC invocations=21 (full 3):
 PSYoungGen      total 148480K, used 19958K [0x00000000f5580000, 0x0000000100000000, 0x0000000100000000)
  eden space 128512K, 0% used [0x00000000f5580000,0x00000000f5580000,0x00000000fd300000)
  from space 19968K, 99% used [0x00000000fec80000,0x00000000ffffda88,0x0000000100000000)
  to   space 23040K, 0% used [0x00000000fd300000,0x00000000fd300000,0x00000000fe980000)
 ParOldGen       total 264704K, used 62071K [0x00000000e0000000, 0x00000000f0280000, 0x00000000f5580000)
  object space 264704K, 23% used [0x00000000e0000000,0x00000000e3c9dd60,0x00000000f0280000)
 Metaspace       used 62844K, capacity 72474K, committed 72576K, reserved 1112064K
  class space    used 7888K, capacity 10573K, committed 10624K, reserved 1048576K
}

